# JRE version: Java(TM) SE Runtime Environment (8.0_171-b11) (build 1.8.0_171-b11)
# Java VM: Java HotSpot(TM) Client VM (25.171-b11 mixed mode windows-x86 )
Heap:
 def new generation   total 39424K, used 34377K [0x04800000, 0x072c0000, 0x0f2a0000)
  eden space 35072K,  97% used [0x04800000, 0x0694d7e0, 0x06a40000)
  from space 4352K,   6% used [0x06e80000, 0x06ec4c48, 0x072c0000)
  to   space 4352K,   0% used [0x06a40000, 0x06a40000, 0x06e80000)
 tenured generation   total 87424K, used 83391K [0x0f2a0000, 0x14800000, 0x24800000)
   the space 87424K,  95% used [0x0f2a0000, 0x1440fee8, 0x14410000, 0x14800000)
 Metaspace       used 19037K, capacity 19571K, committed 19712K, reserved 19840K
GC Heap History (10 events):
Event: 161523.485 GC heap before
{Heap before GC invocations=1097 (full 2):
 def new generation   total 39424K, used 35368K [0x04800000, 0x072c0000, 0x0f2a0000)
  eden space 35072K, 100% used [0x04800000, 0x06a40000, 0x06a40000)
  from space 4352K,   6% used [0x06a40000, 0x06a8a398, 0x06e80000)
  to   space 4352K,   0% used [0x06e80000, 0x06e80000, 0x072c0000)
 tenured generation   total 87424K, used 83285K [0x0f2a0000, 0x14800000, 0x24800000)
   the space 87424K,  95% used [0x0f2a0000, 0x143f56b0, 0x143f5800, 0x14800000)
 Metaspace       used 19037K, capacity 19571K, committed 19712K, reserved 19840K
Event: 161523.487 GC heap after
Heap after GC invocations=1098 (full 2):
 def new generation   total 39424K, used 272K [0x04800000, 0x072c0000, 0x0f2a0000)
  eden space 35072K,   0% used [0x04800000, 0x04800000, 0x06a40000)
  from space 4352K,   6% used [0x06e80000, 0x06ec42d0, 0x072c0000)
  to   space 4352K,   0% used [0x06a40000, 0x06a40000, 0x06e80000)
 tenured generation   total 87424K, used 83319K [0x0f2a0000, 0x14800000, 0x24800000)
   the space 87424K,  95% used [0x0f2a0000, 0x143fddb0, 0x143fde00, 0x14800000)
 Metaspace       used 19037K, capacity 19571K, committed 19712K, reserved 19840K
}
Event: 161713.552 GC heap before
{Heap before GC invocations=1098 (full 2):
 def new generation   total 39424K, used 35344K [0x04800000, 0x072c0000, 0x0f2a0000)
  eden space 35072K, 100% used [0x04800000, 0x06a40000, 0x06a40000)
  from space 4352K,   6% used [0x06e80000, 0x06ec42d0, 0x072c0000)
  to   space 4352K,   0% used [0x06a40000, 0x06a40000, 0x06e80000)
 tenured generation   total 87424K, used 83319K [0x0f2a0000, 0x14800000, 0x24800000)
   the space 87424K,  95% used [0x0f2a0000, 0x143fddb0, 0x143fde00, 0x14800000)
 Metaspace       used 19037K, capacity 19571K, committed 19712K, reserved 19840K
Event: 161713.554 GC heap after
Heap after GC invocations=1099 (full 2):
 def new generation   total 39424K, used 280K [0x04800000, 0x072c0000, 0x0f2a0000)
  eden space 35072K,   0% used [0x04800000, 0x04800000, 0x06a40000)
  from space 4352K,   6% used [0x06a40000, 0x06a86230, 0x06e80000)
  to   space 4352K,   0% used [0x06e80000, 0x06e80000, 0x072c0000)
 tenured generation   total 87424K, used 83339K [0x0f2a0000, 0x14800000, 0x24800000)
   the space 87424K,  95% used [0x0f2a0000, 0x14402d88, 0x14402e00, 0x14800000)
 Metaspace       used 19037K, capacity 19571K, committed 19712K, reserved 19840K
}
Event: 161928.975 GC heap before
{Heap before GC invocations=1099 (full 2):
 def new generation   total 39424K, used 35352K [0x04800000, 0x072c0000, 0x0f2a0000)
  eden space 35072K, 100% used [0x04800000, 0x06a40000, 0x06a40000)
  from space 4352K,   6% used [0x06a40000, 0x06a86230, 0x06e80000)
  to   space 4352K,   0% used [0x06e80000, 0x06e80000, 0x072c0000)
 tenured generation   total 87424K, used 83339K [0x0f2a0000, 0x14800000, 0x24800000)
   the space 87424K,  95% used [0x0f2a0000, 0x14402d88, 0x14402e00, 0x14800000)
 Metaspace       used 19037K, capacity 19571K, committed 19712K, reserved 19840K
Event: 161928.976 GC heap after
Heap after GC invocations=1100 (full 2):
 def new generation   total 39424K, used 276K [0x04800000, 0x072c0000, 0x0f2a0000)
  eden space 35072K,   0% used [0x04800000, 0x04800000, 0x06a40000)
  from space 4352K,   6% used [0x06e80000, 0x06ec5048, 0x072c0000)
  to   space 4352K,   0% used [0x06a40000, 0x06a40000, 0x06e80000)
 tenured generation   total 87424K, used 83357K [0x0f2a0000, 0x14800000, 0x24800000)
   the space 87424K,  95% used [0x0f2a0000, 0x14407568, 0x14407600, 0x14800000)
 Metaspace       used 19037K, capacity 19571K, committed 19712K, reserved 19840K
}
Event: 162124.497 GC heap before
{Heap before GC invocations=1100 (full 2):
 def new generation   total 39424K, used 35348K [0x04800000, 0x072c0000, 0x0f2a0000)
  eden space 35072K, 100% used [0x04800000, 0x06a40000, 0x06a40000)
  from space 4352K,   6% used [0x06e80000, 0x06ec5048, 0x072c0000)
  to   space 4352K,   0% used [0x06a40000, 0x06a40000, 0x06e80000)
 tenured generation   total 87424K, used 83357K [0x0f2a0000, 0x14800000, 0x24800000)
   the space 87424K,  95% used [0x0f2a0000, 0x14407568, 0x14407600, 0x14800000)
 Metaspace       used 19037K, capacity 19571K, committed 19712K, reserved 19840K
Event: 162124.499 GC heap after
Heap after GC invocations=1101 (full 2):
 def new generation   total 39424K, used 294K [0x04800000, 0x072c0000, 0x0f2a0000)
  eden space 35072K,   0% used [0x04800000, 0x04800000, 0x06a40000)
  from space 4352K,   6% used [0x06a40000, 0x06a89a50, 0x06e80000)
  to   space 4352K,   0% used [0x06e80000, 0x06e80000, 0x072c0000)
 tenured generation   total 87424K, used 83374K [0x0f2a0000, 0x14800000, 0x24800000)
   the space 87424K,  95% used [0x0f2a0000, 0x1440b898, 0x1440ba00, 0x14800000)
 Metaspace       used 19037K, capacity 19571K, committed 19712K, reserved 19840K
}
Event: 162329.924 GC heap before
{Heap before GC invocations=1101 (full 2):
 def new generation   total 39424K, used 35366K [0x04800000, 0x072c0000, 0x0f2a0000)
  eden space 35072K, 100% used [0x04800000, 0x06a40000, 0x06a40000)
  from space 4352K,   6% used [0x06a40000, 0x06a89a50, 0x06e80000)
  to   space 4352K,   0% used [0x06e80000, 0x06e80000, 0x072c0000)
 tenured generation   total 87424K, used 83374K [0x0f2a0000, 0x14800000, 0x24800000)
   the space 87424K,  95% used [0x0f2a0000, 0x1440b898, 0x1440ba00, 0x14800000)
 Metaspace       used 19037K, capacity 19571K, committed 19712K, reserved 19840K
Event: 162329.925 GC heap after
Heap after GC invocations=1102 (full 2):
 def new generation   total 39424K, used 275K [0x04800000, 0x072c0000, 0x0f2a0000)
  eden space 35072K,   0% used [0x04800000, 0x04800000, 0x06a40000)
  from space 4352K,   6% used [0x06e80000, 0x06ec4c48, 0x072c0000)
  to   space 4352K,   0% used [0x06a40000, 0x06a40000, 0x06e80000)
 tenured generation   total 87424K, used 83391K [0x0f2a0000, 0x14800000, 0x24800000)
   the space 87424K,  95% used [0x0f2a0000, 0x1440fee8, 0x14410000, 0x14800000)
 Metaspace       used 19037K, capacity 19571K, committed 19712K, reserved 19840K
}

