# JRE version: Java(TM) SE Runtime Environment (8.0_171-b11) (build 1.8.0_171-b11)
# Java VM: Java HotSpot(TM) Client VM (25.171-b11 mixed mode windows-x86 )
Heap:
 def new generation   total 39424K, used 4676K [0x05200000, 0x07cc0000, 0x0fca0000)
  eden space 35072K,  12% used [0x05200000, 0x05653ce0, 0x07440000)
  from space 4352K,   5% used [0x07440000, 0x0747d4f8, 0x07880000)
  to   space 4352K,   0% used [0x07880000, 0x07880000, 0x07cc0000)
 tenured generation   total 87424K, used 60829K [0x0fca0000, 0x15200000, 0x25200000)
   the space 87424K,  69% used [0x0fca0000, 0x13807510, 0x13807600, 0x15200000)
 Metaspace       used 19034K, capacity 19568K, committed 19712K, reserved 19840K
GC Heap History (10 events):
Event: 161506.758 GC heap before
{Heap before GC invocations=1062 (full 3):
 def new generation   total 39424K, used 35342K [0x05200000, 0x07cc0000, 0x0fca0000)
  eden space 35072K, 100% used [0x05200000, 0x07440000, 0x07440000)
  from space 4352K,   6% used [0x07880000, 0x078c3ba8, 0x07cc0000)
  to   space 4352K,   0% used [0x07440000, 0x07440000, 0x07880000)
 tenured generation   total 87424K, used 60733K [0x0fca0000, 0x15200000, 0x25200000)
   the space 87424K,  69% used [0x0fca0000, 0x137ef4d8, 0x137ef600, 0x15200000)
 Metaspace       used 19034K, capacity 19568K, committed 19712K, reserved 19840K
Event: 161506.759 GC heap after
Heap after GC invocations=1063 (full 3):
 def new generation   total 39424K, used 286K [0x05200000, 0x07cc0000, 0x0fca0000)
  eden space 35072K,   0% used [0x05200000, 0x05200000, 0x07440000)
  from space 4352K,   6% used [0x07440000, 0x07487b20, 0x07880000)
  to   space 4352K,   0% used [0x07880000, 0x07880000, 0x07cc0000)
 tenured generation   total 87424K, used 60749K [0x0fca0000, 0x15200000, 0x25200000)
   the space 87424K,  69% used [0x0fca0000, 0x137f35d8, 0x137f3600, 0x15200000)
 Metaspace       used 19034K, capacity 19568K, committed 19712K, reserved 19840K
}
Event: 161746.026 GC heap before
{Heap before GC invocations=1063 (full 3):
 def new generation   total 39424K, used 35358K [0x05200000, 0x07cc0000, 0x0fca0000)
  eden space 35072K, 100% used [0x05200000, 0x07440000, 0x07440000)
  from space 4352K,   6% used [0x07440000, 0x07487b20, 0x07880000)
  to   space 4352K,   0% used [0x07880000, 0x07880000, 0x07cc0000)
 tenured generation   total 87424K, used 60749K [0x0fca0000, 0x15200000, 0x25200000)
   the space 87424K,  69% used [0x0fca0000, 0x137f35d8, 0x137f3600, 0x15200000)
 Metaspace       used 19034K, capacity 19568K, committed 19712K, reserved 19840K
Event: 161746.028 GC heap after
Heap after GC invocations=1064 (full 3):
 def new generation   total 39424K, used 244K [0x05200000, 0x07cc0000, 0x0fca0000)
  eden space 35072K,   0% used [0x05200000, 0x05200000, 0x07440000)
  from space 4352K,   5% used [0x07880000, 0x078bd210, 0x07cc0000)
  to   space 4352K,   0% used [0x07440000, 0x07440000, 0x07880000)
 tenured generation   total 87424K, used 60781K [0x0fca0000, 0x15200000, 0x25200000)
   the space 87424K,  69% used [0x0fca0000, 0x137fb558, 0x137fb600, 0x15200000)
 Metaspace       used 19034K, capacity 19568K, committed 19712K, reserved 19840K
}
Event: 161965.735 GC heap before
{Heap before GC invocations=1064 (full 3):
 def new generation   total 39424K, used 35316K [0x05200000, 0x07cc0000, 0x0fca0000)
  eden space 35072K, 100% used [0x05200000, 0x07440000, 0x07440000)
  from space 4352K,   5% used [0x07880000, 0x078bd210, 0x07cc0000)
  to   space 4352K,   0% used [0x07440000, 0x07440000, 0x07880000)
 tenured generation   total 87424K, used 60781K [0x0fca0000, 0x15200000, 0x25200000)
   the space 87424K,  69% used [0x0fca0000, 0x137fb558, 0x137fb600, 0x15200000)
 Metaspace       used 19034K, capacity 19568K, committed 19712K, reserved 19840K
Event: 161965.736 GC heap after
Heap after GC invocations=1065 (full 3):
 def new generation   total 39424K, used 283K [0x05200000, 0x07cc0000, 0x0fca0000)
  eden space 35072K,   0% used [0x05200000, 0x05200000, 0x07440000)
  from space 4352K,   6% used [0x07440000, 0x07486fc8, 0x07880000)
  to   space 4352K,   0% used [0x07880000, 0x07880000, 0x07cc0000)
 tenured generation   total 87424K, used 60799K [0x0fca0000, 0x15200000, 0x25200000)
   the space 87424K,  69% used [0x0fca0000, 0x137ffe50, 0x13800000, 0x15200000)
 Metaspace       used 19034K, capacity 19568K, committed 19712K, reserved 19840K
}
Event: 162192.108 GC heap before
{Heap before GC invocations=1065 (full 3):
 def new generation   total 39424K, used 35355K [0x05200000, 0x07cc0000, 0x0fca0000)
  eden space 35072K, 100% used [0x05200000, 0x07440000, 0x07440000)
  from space 4352K,   6% used [0x07440000, 0x07486fc8, 0x07880000)
  to   space 4352K,   0% used [0x07880000, 0x07880000, 0x07cc0000)
 tenured generation   total 87424K, used 60799K [0x0fca0000, 0x15200000, 0x25200000)
   the space 87424K,  69% used [0x0fca0000, 0x137ffe50, 0x13800000, 0x15200000)
 Metaspace       used 19034K, capacity 19568K, committed 19712K, reserved 19840K
Event: 162192.109 GC heap after
Heap after GC invocations=1066 (full 3):
 def new generation   total 39424K, used 242K [0x05200000, 0x07cc0000, 0x0fca0000)
  eden space 35072K,   0% used [0x05200000, 0x05200000, 0x07440000)
  from space 4352K,   5% used [0x07880000, 0x078bc850, 0x07cc0000)
  to   space 4352K,   0% used [0x07440000, 0x07440000, 0x07880000)
 tenured generation   total 87424K, used 60814K [0x0fca0000, 0x15200000, 0x25200000)
   the space 87424K,  69% used [0x0fca0000, 0x13803a50, 0x13803c00, 0x15200000)
 Metaspace       used 19034K, capacity 19568K, committed 19712K, reserved 19840K
}
Event: 162418.404 GC heap before
{Heap before GC invocations=1066 (full 3):
 def new generation   total 39424K, used 35314K [0x05200000, 0x07cc0000, 0x0fca0000)
  eden space 35072K, 100% used [0x05200000, 0x07440000, 0x07440000)
  from space 4352K,   5% used [0x07880000, 0x078bc850, 0x07cc0000)
  to   space 4352K,   0% used [0x07440000, 0x07440000, 0x07880000)
 tenured generation   total 87424K, used 60814K [0x0fca0000, 0x15200000, 0x25200000)
   the space 87424K,  69% used [0x0fca0000, 0x13803a50, 0x13803c00, 0x15200000)
 Metaspace       used 19034K, capacity 19568K, committed 19712K, reserved 19840K
Event: 162418.407 GC heap after
Heap after GC invocations=1067 (full 3):
 def new generation   total 39424K, used 245K [0x05200000, 0x07cc0000, 0x0fca0000)
  eden space 35072K,   0% used [0x05200000, 0x05200000, 0x07440000)
  from space 4352K,   5% used [0x07440000, 0x0747d4f8, 0x07880000)
  to   space 4352K,   0% used [0x07880000, 0x07880000, 0x07cc0000)
 tenured generation   total 87424K, used 60829K [0x0fca0000, 0x15200000, 0x25200000)
   the space 87424K,  69% used [0x0fca0000, 0x13807510, 0x13807600, 0x15200000)
 Metaspace       used 19034K, capacity 19568K, committed 19712K, reserved 19840K
}

