# JRE version: Java(TM) SE Runtime Environment (8.0_144-b01) (build 1.8.0_144-b01)
# Java VM: Java HotSpot(TM) Client VM (25.144-b01 mixed mode windows-x86 )
Heap:
 def new generation   total 39424K, used 8584K [0x05200000, 0x07cc0000, 0x0fca0000)
  eden space 35072K,  24% used [0x05200000, 0x05a49290, 0x07440000)
  from space 4352K,   2% used [0x07880000, 0x07899100, 0x07cc0000)
  to   space 4352K,   0% used [0x07440000, 0x07440000, 0x07880000)
 tenured generation   total 87424K, used 39597K [0x0fca0000, 0x15200000, 0x25200000)
   the space 87424K,  45% used [0x0fca0000, 0x1234b6d0, 0x1234b800, 0x15200000)
 Metaspace       used 18726K, capacity 19198K, committed 19328K, reserved 19840K
GC Heap History (10 events):
Event: 185231.596 GC heap before
{Heap before GC invocations=299 (full 1):
 def new generation   total 39424K, used 35231K [0x05200000, 0x07cc0000, 0x0fca0000)
  eden space 35072K, 100% used [0x05200000, 0x07440000, 0x07440000)
  from space 4352K,   3% used [0x07440000, 0x07467c70, 0x07880000)
  to   space 4352K,   0% used [0x07880000, 0x07880000, 0x07cc0000)
 tenured generation   total 87424K, used 39594K [0x0fca0000, 0x15200000, 0x25200000)
   the space 87424K,  45% used [0x0fca0000, 0x1234a988, 0x1234aa00, 0x15200000)
 Metaspace       used 18726K, capacity 19198K, committed 19328K, reserved 19840K
Event: 185231.599 GC heap after
Heap after GC invocations=300 (full 1):
 def new generation   total 39424K, used 193K [0x05200000, 0x07cc0000, 0x0fca0000)
  eden space 35072K,   0% used [0x05200000, 0x05200000, 0x07440000)
  from space 4352K,   4% used [0x07880000, 0x078b07f8, 0x07cc0000)
  to   space 4352K,   0% used [0x07440000, 0x07440000, 0x07880000)
 tenured generation   total 87424K, used 39594K [0x0fca0000, 0x15200000, 0x25200000)
   the space 87424K,  45% used [0x0fca0000, 0x1234a988, 0x1234aa00, 0x15200000)
 Metaspace       used 18726K, capacity 19198K, committed 19328K, reserved 19840K
}
Event: 185988.113 GC heap before
{Heap before GC invocations=300 (full 1):
 def new generation   total 39424K, used 35265K [0x05200000, 0x07cc0000, 0x0fca0000)
  eden space 35072K, 100% used [0x05200000, 0x07440000, 0x07440000)
  from space 4352K,   4% used [0x07880000, 0x078b07f8, 0x07cc0000)
  to   space 4352K,   0% used [0x07440000, 0x07440000, 0x07880000)
 tenured generation   total 87424K, used 39594K [0x0fca0000, 0x15200000, 0x25200000)
   the space 87424K,  45% used [0x0fca0000, 0x1234a988, 0x1234aa00, 0x15200000)
 Metaspace       used 18726K, capacity 19198K, committed 19328K, reserved 19840K
Event: 185988.115 GC heap after
Heap after GC invocations=301 (full 1):
 def new generation   total 39424K, used 201K [0x05200000, 0x07cc0000, 0x0fca0000)
  eden space 35072K,   0% used [0x05200000, 0x05200000, 0x07440000)
  from space 4352K,   4% used [0x07440000, 0x074725c0, 0x07880000)
  to   space 4352K,   0% used [0x07880000, 0x07880000, 0x07cc0000)
 tenured generation   total 87424K, used 39594K [0x0fca0000, 0x15200000, 0x25200000)
   the space 87424K,  45% used [0x0fca0000, 0x1234a988, 0x1234aa00, 0x15200000)
 Metaspace       used 18726K, capacity 19198K, committed 19328K, reserved 19840K
}
Event: 186735.714 GC heap before
{Heap before GC invocations=301 (full 1):
 def new generation   total 39424K, used 35273K [0x05200000, 0x07cc0000, 0x0fca0000)
  eden space 35072K, 100% used [0x05200000, 0x07440000, 0x07440000)
  from space 4352K,   4% used [0x07440000, 0x074725c0, 0x07880000)
  to   space 4352K,   0% used [0x07880000, 0x07880000, 0x07cc0000)
 tenured generation   total 87424K, used 39594K [0x0fca0000, 0x15200000, 0x25200000)
   the space 87424K,  45% used [0x0fca0000, 0x1234a988, 0x1234aa00, 0x15200000)
 Metaspace       used 18726K, capacity 19198K, committed 19328K, reserved 19840K
Event: 186735.716 GC heap after
Heap after GC invocations=302 (full 1):
 def new generation   total 39424K, used 84K [0x05200000, 0x07cc0000, 0x0fca0000)
  eden space 35072K,   0% used [0x05200000, 0x05200000, 0x07440000)
  from space 4352K,   1% used [0x07880000, 0x078952f8, 0x07cc0000)
  to   space 4352K,   0% used [0x07440000, 0x07440000, 0x07880000)
 tenured generation   total 87424K, used 39594K [0x0fca0000, 0x15200000, 0x25200000)
   the space 87424K,  45% used [0x0fca0000, 0x1234a988, 0x1234aa00, 0x15200000)
 Metaspace       used 18726K, capacity 19198K, committed 19328K, reserved 19840K
}
Event: 187533.305 GC heap before
{Heap before GC invocations=302 (full 1):
 def new generation   total 39424K, used 35156K [0x05200000, 0x07cc0000, 0x0fca0000)
  eden space 35072K, 100% used [0x05200000, 0x07440000, 0x07440000)
  from space 4352K,   1% used [0x07880000, 0x078952f8, 0x07cc0000)
  to   space 4352K,   0% used [0x07440000, 0x07440000, 0x07880000)
 tenured generation   total 87424K, used 39594K [0x0fca0000, 0x15200000, 0x25200000)
   the space 87424K,  45% used [0x0fca0000, 0x1234a988, 0x1234aa00, 0x15200000)
 Metaspace       used 18726K, capacity 19198K, committed 19328K, reserved 19840K
Event: 187533.306 GC heap after
Heap after GC invocations=303 (full 1):
 def new generation   total 39424K, used 76K [0x05200000, 0x07cc0000, 0x0fca0000)
  eden space 35072K,   0% used [0x05200000, 0x05200000, 0x07440000)
  from space 4352K,   1% used [0x07440000, 0x07453308, 0x07880000)
  to   space 4352K,   0% used [0x07880000, 0x07880000, 0x07cc0000)
 tenured generation   total 87424K, used 39594K [0x0fca0000, 0x15200000, 0x25200000)
   the space 87424K,  45% used [0x0fca0000, 0x1234a988, 0x1234aa00, 0x15200000)
 Metaspace       used 18726K, capacity 19198K, committed 19328K, reserved 19840K
}
Event: 188466.964 GC heap before
{Heap before GC invocations=303 (full 1):
 def new generation   total 39424K, used 35148K [0x05200000, 0x07cc0000, 0x0fca0000)
  eden space 35072K, 100% used [0x05200000, 0x07440000, 0x07440000)
  from space 4352K,   1% used [0x07440000, 0x07453308, 0x07880000)
  to   space 4352K,   0% used [0x07880000, 0x07880000, 0x07cc0000)
 tenured generation   total 87424K, used 39594K [0x0fca0000, 0x15200000, 0x25200000)
   the space 87424K,  45% used [0x0fca0000, 0x1234a988, 0x1234aa00, 0x15200000)
 Metaspace       used 18726K, capacity 19198K, committed 19328K, reserved 19840K
Event: 188466.966 GC heap after
Heap after GC invocations=304 (full 1):
 def new generation   total 39424K, used 100K [0x05200000, 0x07cc0000, 0x0fca0000)
  eden space 35072K,   0% used [0x05200000, 0x05200000, 0x07440000)
  from space 4352K,   2% used [0x07880000, 0x07899100, 0x07cc0000)
  to   space 4352K,   0% used [0x07440000, 0x07440000, 0x07880000)
 tenured generation   total 87424K, used 39597K [0x0fca0000, 0x15200000, 0x25200000)
   the space 87424K,  45% used [0x0fca0000, 0x1234b6d0, 0x1234b800, 0x15200000)
 Metaspace       used 18726K, capacity 19198K, committed 19328K, reserved 19840K
}

