# JRE version: Java(TM) SE Runtime Environment (8.0_144-b01) (build 1.8.0_144-b01)
# Java VM: Java HotSpot(TM) Client VM (25.144-b01 mixed mode windows-x86 )
Heap:
 def new generation   total 39424K, used 24958K [0x05600000, 0x080c0000, 0x100a0000)
  eden space 35072K,  71% used [0x05600000, 0x06e53830, 0x07840000)
  from space 4352K,   1% used [0x07840000, 0x0784c098, 0x07c80000)
  to   space 4352K,   0% used [0x07c80000, 0x07c80000, 0x080c0000)
 tenured generation   total 87424K, used 39548K [0x100a0000, 0x15600000, 0x25600000)
   the space 87424K,  45% used [0x100a0000, 0x1273f1a0, 0x1273f200, 0x15600000)
 Metaspace       used 18727K, capacity 19199K, committed 19328K, reserved 19840K
GC Heap History (10 events):
Event: 184323.374 GC heap before
{Heap before GC invocations=286 (full 1):
 def new generation   total 39424K, used 35171K [0x05600000, 0x080c0000, 0x100a0000)
  eden space 35072K, 100% used [0x05600000, 0x07840000, 0x07840000)
  from space 4352K,   2% used [0x07c80000, 0x07c98f98, 0x080c0000)
  to   space 4352K,   0% used [0x07840000, 0x07840000, 0x07c80000)
 tenured generation   total 87424K, used 39548K [0x100a0000, 0x15600000, 0x25600000)
   the space 87424K,  45% used [0x100a0000, 0x1273f1a0, 0x1273f200, 0x15600000)
 Metaspace       used 18727K, capacity 19199K, committed 19328K, reserved 19840K
Event: 184323.376 GC heap after
Heap after GC invocations=287 (full 1):
 def new generation   total 39424K, used 81K [0x05600000, 0x080c0000, 0x100a0000)
  eden space 35072K,   0% used [0x05600000, 0x05600000, 0x07840000)
  from space 4352K,   1% used [0x07840000, 0x078547e0, 0x07c80000)
  to   space 4352K,   0% used [0x07c80000, 0x07c80000, 0x080c0000)
 tenured generation   total 87424K, used 39548K [0x100a0000, 0x15600000, 0x25600000)
   the space 87424K,  45% used [0x100a0000, 0x1273f1a0, 0x1273f200, 0x15600000)
 Metaspace       used 18727K, capacity 19199K, committed 19328K, reserved 19840K
}
Event: 185206.708 GC heap before
{Heap before GC invocations=287 (full 1):
 def new generation   total 39424K, used 35153K [0x05600000, 0x080c0000, 0x100a0000)
  eden space 35072K, 100% used [0x05600000, 0x07840000, 0x07840000)
  from space 4352K,   1% used [0x07840000, 0x078547e0, 0x07c80000)
  to   space 4352K,   0% used [0x07c80000, 0x07c80000, 0x080c0000)
 tenured generation   total 87424K, used 39548K [0x100a0000, 0x15600000, 0x25600000)
   the space 87424K,  45% used [0x100a0000, 0x1273f1a0, 0x1273f200, 0x15600000)
 Metaspace       used 18727K, capacity 19199K, committed 19328K, reserved 19840K
Event: 185206.709 GC heap after
Heap after GC invocations=288 (full 1):
 def new generation   total 39424K, used 89K [0x05600000, 0x080c0000, 0x100a0000)
  eden space 35072K,   0% used [0x05600000, 0x05600000, 0x07840000)
  from space 4352K,   2% used [0x07c80000, 0x07c96430, 0x080c0000)
  to   space 4352K,   0% used [0x07840000, 0x07840000, 0x07c80000)
 tenured generation   total 87424K, used 39548K [0x100a0000, 0x15600000, 0x25600000)
   the space 87424K,  45% used [0x100a0000, 0x1273f1a0, 0x1273f200, 0x15600000)
 Metaspace       used 18727K, capacity 19199K, committed 19328K, reserved 19840K
}
Event: 186012.524 GC heap before
{Heap before GC invocations=288 (full 1):
 def new generation   total 39424K, used 35161K [0x05600000, 0x080c0000, 0x100a0000)
  eden space 35072K, 100% used [0x05600000, 0x07840000, 0x07840000)
  from space 4352K,   2% used [0x07c80000, 0x07c96430, 0x080c0000)
  to   space 4352K,   0% used [0x07840000, 0x07840000, 0x07c80000)
 tenured generation   total 87424K, used 39548K [0x100a0000, 0x15600000, 0x25600000)
   the space 87424K,  45% used [0x100a0000, 0x1273f1a0, 0x1273f200, 0x15600000)
 Metaspace       used 18727K, capacity 19199K, committed 19328K, reserved 19840K
Event: 186012.526 GC heap after
Heap after GC invocations=289 (full 1):
 def new generation   total 39424K, used 60K [0x05600000, 0x080c0000, 0x100a0000)
  eden space 35072K,   0% used [0x05600000, 0x05600000, 0x07840000)
  from space 4352K,   1% used [0x07840000, 0x0784f168, 0x07c80000)
  to   space 4352K,   0% used [0x07c80000, 0x07c80000, 0x080c0000)
 tenured generation   total 87424K, used 39548K [0x100a0000, 0x15600000, 0x25600000)
   the space 87424K,  45% used [0x100a0000, 0x1273f1a0, 0x1273f200, 0x15600000)
 Metaspace       used 18727K, capacity 19199K, committed 19328K, reserved 19840K
}
Event: 186860.064 GC heap before
{Heap before GC invocations=289 (full 1):
 def new generation   total 39424K, used 35132K [0x05600000, 0x080c0000, 0x100a0000)
  eden space 35072K, 100% used [0x05600000, 0x07840000, 0x07840000)
  from space 4352K,   1% used [0x07840000, 0x0784f168, 0x07c80000)
  to   space 4352K,   0% used [0x07c80000, 0x07c80000, 0x080c0000)
 tenured generation   total 87424K, used 39548K [0x100a0000, 0x15600000, 0x25600000)
   the space 87424K,  45% used [0x100a0000, 0x1273f1a0, 0x1273f200, 0x15600000)
 Metaspace       used 18727K, capacity 19199K, committed 19328K, reserved 19840K
Event: 186860.066 GC heap after
Heap after GC invocations=290 (full 1):
 def new generation   total 39424K, used 52K [0x05600000, 0x080c0000, 0x100a0000)
  eden space 35072K,   0% used [0x05600000, 0x05600000, 0x07840000)
  from space 4352K,   1% used [0x07c80000, 0x07c8d178, 0x080c0000)
  to   space 4352K,   0% used [0x07840000, 0x07840000, 0x07c80000)
 tenured generation   total 87424K, used 39548K [0x100a0000, 0x15600000, 0x25600000)
   the space 87424K,  45% used [0x100a0000, 0x1273f1a0, 0x1273f200, 0x15600000)
 Metaspace       used 18727K, capacity 19199K, committed 19328K, reserved 19840K
}
Event: 187753.394 GC heap before
{Heap before GC invocations=290 (full 1):
 def new generation   total 39424K, used 35124K [0x05600000, 0x080c0000, 0x100a0000)
  eden space 35072K, 100% used [0x05600000, 0x07840000, 0x07840000)
  from space 4352K,   1% used [0x07c80000, 0x07c8d178, 0x080c0000)
  to   space 4352K,   0% used [0x07840000, 0x07840000, 0x07c80000)
 tenured generation   total 87424K, used 39548K [0x100a0000, 0x15600000, 0x25600000)
   the space 87424K,  45% used [0x100a0000, 0x1273f1a0, 0x1273f200, 0x15600000)
 Metaspace       used 18727K, capacity 19199K, committed 19328K, reserved 19840K
Event: 187753.395 GC heap after
Heap after GC invocations=291 (full 1):
 def new generation   total 39424K, used 48K [0x05600000, 0x080c0000, 0x100a0000)
  eden space 35072K,   0% used [0x05600000, 0x05600000, 0x07840000)
  from space 4352K,   1% used [0x07840000, 0x0784c098, 0x07c80000)
  to   space 4352K,   0% used [0x07c80000, 0x07c80000, 0x080c0000)
 tenured generation   total 87424K, used 39548K [0x100a0000, 0x15600000, 0x25600000)
   the space 87424K,  45% used [0x100a0000, 0x1273f1a0, 0x1273f200, 0x15600000)
 Metaspace       used 18727K, capacity 19199K, committed 19328K, reserved 19840K
}

