# JRE version: Java(TM) SE Runtime Environment (8.0_144-b01) (build 1.8.0_144-b01)
# Java VM: Java HotSpot(TM) Client VM (25.144-b01 mixed mode windows-x86 )
Heap:
 def new generation   total 39424K, used 23072K [0x04800000, 0x072c0000, 0x0f2a0000)
  eden space 35072K,  65% used [0x04800000, 0x05e5e460, 0x06a40000)
  from space 4352K,   3% used [0x06a40000, 0x06a69bb8, 0x06e80000)
  to   space 4352K,   0% used [0x06e80000, 0x06e80000, 0x072c0000)
 tenured generation   total 87424K, used 60439K [0x0f2a0000, 0x14800000, 0x24800000)
   the space 87424K,  69% used [0x0f2a0000, 0x12da5c18, 0x12da5e00, 0x14800000)
 Metaspace       used 18963K, capacity 19422K, committed 19456K, reserved 19840K
GC Heap History (10 events):
Event: 186280.418 GC heap before
{Heap before GC invocations=260 (full 1):
 def new generation   total 39424K, used 35213K [0x04800000, 0x072c0000, 0x0f2a0000)
  eden space 35072K, 100% used [0x04800000, 0x06a40000, 0x06a40000)
  from space 4352K,   3% used [0x06e80000, 0x06ea3508, 0x072c0000)
  to   space 4352K,   0% used [0x06a40000, 0x06a40000, 0x06e80000)
 tenured generation   total 87424K, used 60438K [0x0f2a0000, 0x14800000, 0x24800000)
   the space 87424K,  69% used [0x0f2a0000, 0x12da5ad0, 0x12da5c00, 0x14800000)
 Metaspace       used 18963K, capacity 19422K, committed 19456K, reserved 19840K
Event: 186280.420 GC heap after
Heap after GC invocations=261 (full 1):
 def new generation   total 39424K, used 66K [0x04800000, 0x072c0000, 0x0f2a0000)
  eden space 35072K,   0% used [0x04800000, 0x04800000, 0x06a40000)
  from space 4352K,   1% used [0x06a40000, 0x06a50b90, 0x06e80000)
  to   space 4352K,   0% used [0x06e80000, 0x06e80000, 0x072c0000)
 tenured generation   total 87424K, used 60438K [0x0f2a0000, 0x14800000, 0x24800000)
   the space 87424K,  69% used [0x0f2a0000, 0x12da5ad0, 0x12da5c00, 0x14800000)
 Metaspace       used 18963K, capacity 19422K, committed 19456K, reserved 19840K
}
Event: 187021.505 GC heap before
{Heap before GC invocations=261 (full 1):
 def new generation   total 39424K, used 35138K [0x04800000, 0x072c0000, 0x0f2a0000)
  eden space 35072K, 100% used [0x04800000, 0x06a40000, 0x06a40000)
  from space 4352K,   1% used [0x06a40000, 0x06a50b90, 0x06e80000)
  to   space 4352K,   0% used [0x06e80000, 0x06e80000, 0x072c0000)
 tenured generation   total 87424K, used 60438K [0x0f2a0000, 0x14800000, 0x24800000)
   the space 87424K,  69% used [0x0f2a0000, 0x12da5ad0, 0x12da5c00, 0x14800000)
 Metaspace       used 18963K, capacity 19422K, committed 19456K, reserved 19840K
Event: 187021.507 GC heap after
Heap after GC invocations=262 (full 1):
 def new generation   total 39424K, used 60K [0x04800000, 0x072c0000, 0x0f2a0000)
  eden space 35072K,   0% used [0x04800000, 0x04800000, 0x06a40000)
  from space 4352K,   1% used [0x06e80000, 0x06e8f0b8, 0x072c0000)
  to   space 4352K,   0% used [0x06a40000, 0x06a40000, 0x06e80000)
 tenured generation   total 87424K, used 60438K [0x0f2a0000, 0x14800000, 0x24800000)
   the space 87424K,  69% used [0x0f2a0000, 0x12da5b50, 0x12da5c00, 0x14800000)
 Metaspace       used 18963K, capacity 19422K, committed 19456K, reserved 19840K
}
Event: 187804.027 GC heap before
{Heap before GC invocations=262 (full 1):
 def new generation   total 39424K, used 35132K [0x04800000, 0x072c0000, 0x0f2a0000)
  eden space 35072K, 100% used [0x04800000, 0x06a40000, 0x06a40000)
  from space 4352K,   1% used [0x06e80000, 0x06e8f0b8, 0x072c0000)
  to   space 4352K,   0% used [0x06a40000, 0x06a40000, 0x06e80000)
 tenured generation   total 87424K, used 60438K [0x0f2a0000, 0x14800000, 0x24800000)
   the space 87424K,  69% used [0x0f2a0000, 0x12da5b50, 0x12da5c00, 0x14800000)
 Metaspace       used 18963K, capacity 19422K, committed 19456K, reserved 19840K
Event: 187804.029 GC heap after
Heap after GC invocations=263 (full 1):
 def new generation   total 39424K, used 63K [0x04800000, 0x072c0000, 0x0f2a0000)
  eden space 35072K,   0% used [0x04800000, 0x04800000, 0x06a40000)
  from space 4352K,   1% used [0x06a40000, 0x06a4fc98, 0x06e80000)
  to   space 4352K,   0% used [0x06e80000, 0x06e80000, 0x072c0000)
 tenured generation   total 87424K, used 60438K [0x0f2a0000, 0x14800000, 0x24800000)
   the space 87424K,  69% used [0x0f2a0000, 0x12da5b50, 0x12da5c00, 0x14800000)
 Metaspace       used 18963K, capacity 19422K, committed 19456K, reserved 19840K
}
Event: 188546.013 GC heap before
{Heap before GC invocations=263 (full 1):
 def new generation   total 39424K, used 35135K [0x04800000, 0x072c0000, 0x0f2a0000)
  eden space 35072K, 100% used [0x04800000, 0x06a40000, 0x06a40000)
  from space 4352K,   1% used [0x06a40000, 0x06a4fc98, 0x06e80000)
  to   space 4352K,   0% used [0x06e80000, 0x06e80000, 0x072c0000)
 tenured generation   total 87424K, used 60438K [0x0f2a0000, 0x14800000, 0x24800000)
   the space 87424K,  69% used [0x0f2a0000, 0x12da5b50, 0x12da5c00, 0x14800000)
 Metaspace       used 18963K, capacity 19422K, committed 19456K, reserved 19840K
Event: 188546.014 GC heap after
Heap after GC invocations=264 (full 1):
 def new generation   total 39424K, used 67K [0x04800000, 0x072c0000, 0x0f2a0000)
  eden space 35072K,   0% used [0x04800000, 0x04800000, 0x06a40000)
  from space 4352K,   1% used [0x06e80000, 0x06e90cb8, 0x072c0000)
  to   space 4352K,   0% used [0x06a40000, 0x06a40000, 0x06e80000)
 tenured generation   total 87424K, used 60438K [0x0f2a0000, 0x14800000, 0x24800000)
   the space 87424K,  69% used [0x0f2a0000, 0x12da5b50, 0x12da5c00, 0x14800000)
 Metaspace       used 18963K, capacity 19422K, committed 19456K, reserved 19840K
}
Event: 189209.222 GC heap before
{Heap before GC invocations=264 (full 1):
 def new generation   total 39424K, used 35139K [0x04800000, 0x072c0000, 0x0f2a0000)
  eden space 35072K, 100% used [0x04800000, 0x06a40000, 0x06a40000)
  from space 4352K,   1% used [0x06e80000, 0x06e90cb8, 0x072c0000)
  to   space 4352K,   0% used [0x06a40000, 0x06a40000, 0x06e80000)
 tenured generation   total 87424K, used 60438K [0x0f2a0000, 0x14800000, 0x24800000)
   the space 87424K,  69% used [0x0f2a0000, 0x12da5b50, 0x12da5c00, 0x14800000)
 Metaspace       used 18963K, capacity 19422K, committed 19456K, reserved 19840K
Event: 189209.224 GC heap after
Heap after GC invocations=265 (full 1):
 def new generation   total 39424K, used 166K [0x04800000, 0x072c0000, 0x0f2a0000)
  eden space 35072K,   0% used [0x04800000, 0x04800000, 0x06a40000)
  from space 4352K,   3% used [0x06a40000, 0x06a69bb8, 0x06e80000)
  to   space 4352K,   0% used [0x06e80000, 0x06e80000, 0x072c0000)
 tenured generation   total 87424K, used 60439K [0x0f2a0000, 0x14800000, 0x24800000)
   the space 87424K,  69% used [0x0f2a0000, 0x12da5c18, 0x12da5e00, 0x14800000)
 Metaspace       used 18963K, capacity 19422K, committed 19456K, reserved 19840K
}

