# JRE version: Java(TM) SE Runtime Environment (8.0_171-b11) (build 1.8.0_171-b11)
# Java VM: Java HotSpot(TM) Client VM (25.171-b11 mixed mode windows-x86 )
Heap:
 def new generation   total 39424K, used 24306K [0x04e00000, 0x078c0000, 0x0f8a0000)
  eden space 35072K,  68% used [0x04e00000, 0x06580788, 0x07040000)
  from space 4352K,   5% used [0x07480000, 0x074bc1c0, 0x078c0000)
  to   space 4352K,   0% used [0x07040000, 0x07040000, 0x07480000)
 tenured generation   total 87424K, used 73264K [0x0f8a0000, 0x14e00000, 0x24e00000)
   the space 87424K,  83% used [0x0f8a0000, 0x1402c118, 0x1402c200, 0x14e00000)
 Metaspace       used 19029K, capacity 19570K, committed 19712K, reserved 19840K
GC Heap History (10 events):
Event: 161378.100 GC heap before
{Heap before GC invocations=1043 (full 3):
 def new generation   total 39424K, used 35349K [0x04e00000, 0x078c0000, 0x0f8a0000)
  eden space 35072K, 100% used [0x04e00000, 0x07040000, 0x07040000)
  from space 4352K,   6% used [0x07040000, 0x07085740, 0x07480000)
  to   space 4352K,   0% used [0x07480000, 0x07480000, 0x078c0000)
 tenured generation   total 87424K, used 73166K [0x0f8a0000, 0x14e00000, 0x24e00000)
   the space 87424K,  83% used [0x0f8a0000, 0x14013aa0, 0x14013c00, 0x14e00000)
 Metaspace       used 19029K, capacity 19570K, committed 19712K, reserved 19840K
Event: 161378.102 GC heap after
Heap after GC invocations=1044 (full 3):
 def new generation   total 39424K, used 255K [0x04e00000, 0x078c0000, 0x0f8a0000)
  eden space 35072K,   0% used [0x04e00000, 0x04e00000, 0x07040000)
  from space 4352K,   5% used [0x07480000, 0x074bfc58, 0x078c0000)
  to   space 4352K,   0% used [0x07040000, 0x07040000, 0x07480000)
 tenured generation   total 87424K, used 73183K [0x0f8a0000, 0x14e00000, 0x24e00000)
   the space 87424K,  83% used [0x0f8a0000, 0x14017ce0, 0x14017e00, 0x14e00000)
 Metaspace       used 19029K, capacity 19570K, committed 19712K, reserved 19840K
}
Event: 161586.591 GC heap before
{Heap before GC invocations=1044 (full 3):
 def new generation   total 39424K, used 35327K [0x04e00000, 0x078c0000, 0x0f8a0000)
  eden space 35072K, 100% used [0x04e00000, 0x07040000, 0x07040000)
  from space 4352K,   5% used [0x07480000, 0x074bfc58, 0x078c0000)
  to   space 4352K,   0% used [0x07040000, 0x07040000, 0x07480000)
 tenured generation   total 87424K, used 73183K [0x0f8a0000, 0x14e00000, 0x24e00000)
   the space 87424K,  83% used [0x0f8a0000, 0x14017ce0, 0x14017e00, 0x14e00000)
 Metaspace       used 19029K, capacity 19570K, committed 19712K, reserved 19840K
Event: 161586.593 GC heap after
Heap after GC invocations=1045 (full 3):
 def new generation   total 39424K, used 267K [0x04e00000, 0x078c0000, 0x0f8a0000)
  eden space 35072K,   0% used [0x04e00000, 0x04e00000, 0x07040000)
  from space 4352K,   6% used [0x07040000, 0x07082dd8, 0x07480000)
  to   space 4352K,   0% used [0x07480000, 0x07480000, 0x078c0000)
 tenured generation   total 87424K, used 73215K [0x0f8a0000, 0x14e00000, 0x24e00000)
   the space 87424K,  83% used [0x0f8a0000, 0x1401fc60, 0x1401fe00, 0x14e00000)
 Metaspace       used 19029K, capacity 19570K, committed 19712K, reserved 19840K
}
Event: 161826.857 GC heap before
{Heap before GC invocations=1045 (full 3):
 def new generation   total 39424K, used 35339K [0x04e00000, 0x078c0000, 0x0f8a0000)
  eden space 35072K, 100% used [0x04e00000, 0x07040000, 0x07040000)
  from space 4352K,   6% used [0x07040000, 0x07082dd8, 0x07480000)
  to   space 4352K,   0% used [0x07480000, 0x07480000, 0x078c0000)
 tenured generation   total 87424K, used 73215K [0x0f8a0000, 0x14e00000, 0x24e00000)
   the space 87424K,  83% used [0x0f8a0000, 0x1401fc60, 0x1401fe00, 0x14e00000)
 Metaspace       used 19029K, capacity 19570K, committed 19712K, reserved 19840K
Event: 161826.859 GC heap after
Heap after GC invocations=1046 (full 3):
 def new generation   total 39424K, used 250K [0x04e00000, 0x078c0000, 0x0f8a0000)
  eden space 35072K,   0% used [0x04e00000, 0x04e00000, 0x07040000)
  from space 4352K,   5% used [0x07480000, 0x074be880, 0x078c0000)
  to   space 4352K,   0% used [0x07040000, 0x07040000, 0x07480000)
 tenured generation   total 87424K, used 73233K [0x0f8a0000, 0x14e00000, 0x24e00000)
   the space 87424K,  83% used [0x0f8a0000, 0x14024698, 0x14024800, 0x14e00000)
 Metaspace       used 19029K, capacity 19570K, committed 19712K, reserved 19840K
}
Event: 162040.146 GC heap before
{Heap before GC invocations=1046 (full 3):
 def new generation   total 39424K, used 35322K [0x04e00000, 0x078c0000, 0x0f8a0000)
  eden space 35072K, 100% used [0x04e00000, 0x07040000, 0x07040000)
  from space 4352K,   5% used [0x07480000, 0x074be880, 0x078c0000)
  to   space 4352K,   0% used [0x07040000, 0x07040000, 0x07480000)
 tenured generation   total 87424K, used 73233K [0x0f8a0000, 0x14e00000, 0x24e00000)
   the space 87424K,  83% used [0x0f8a0000, 0x14024698, 0x14024800, 0x14e00000)
 Metaspace       used 19029K, capacity 19570K, committed 19712K, reserved 19840K
Event: 162040.147 GC heap after
Heap after GC invocations=1047 (full 3):
 def new generation   total 39424K, used 261K [0x04e00000, 0x078c0000, 0x0f8a0000)
  eden space 35072K,   0% used [0x04e00000, 0x04e00000, 0x07040000)
  from space 4352K,   6% used [0x07040000, 0x07081528, 0x07480000)
  to   space 4352K,   0% used [0x07480000, 0x07480000, 0x078c0000)
 tenured generation   total 87424K, used 73248K [0x0f8a0000, 0x14e00000, 0x24e00000)
   the space 87424K,  83% used [0x0f8a0000, 0x14028298, 0x14028400, 0x14e00000)
 Metaspace       used 19029K, capacity 19570K, committed 19712K, reserved 19840K
}
Event: 162268.924 GC heap before
{Heap before GC invocations=1047 (full 3):
 def new generation   total 39424K, used 35333K [0x04e00000, 0x078c0000, 0x0f8a0000)
  eden space 35072K, 100% used [0x04e00000, 0x07040000, 0x07040000)
  from space 4352K,   6% used [0x07040000, 0x07081528, 0x07480000)
  to   space 4352K,   0% used [0x07480000, 0x07480000, 0x078c0000)
 tenured generation   total 87424K, used 73248K [0x0f8a0000, 0x14e00000, 0x24e00000)
   the space 87424K,  83% used [0x0f8a0000, 0x14028298, 0x14028400, 0x14e00000)
 Metaspace       used 19029K, capacity 19570K, committed 19712K, reserved 19840K
Event: 162268.925 GC heap after
Heap after GC invocations=1048 (full 3):
 def new generation   total 39424K, used 240K [0x04e00000, 0x078c0000, 0x0f8a0000)
  eden space 35072K,   0% used [0x04e00000, 0x04e00000, 0x07040000)
  from space 4352K,   5% used [0x07480000, 0x074bc1c0, 0x078c0000)
  to   space 4352K,   0% used [0x07040000, 0x07040000, 0x07480000)
 tenured generation   total 87424K, used 73264K [0x0f8a0000, 0x14e00000, 0x24e00000)
   the space 87424K,  83% used [0x0f8a0000, 0x1402c118, 0x1402c200, 0x14e00000)
 Metaspace       used 19029K, capacity 19570K, committed 19712K, reserved 19840K
}

