# JRE version: Java(TM) SE Runtime Environment (8.0_144-b01) (build 1.8.0_144-b01)
# Java VM: Java HotSpot(TM) Client VM (25.144-b01 mixed mode windows-x86 )
Heap:
 def new generation   total 39424K, used 24950K [0x04600000, 0x070c0000, 0x0f0a0000)
  eden space 35072K,  71% used [0x04600000, 0x05e51488, 0x06840000)
  from space 4352K,   1% used [0x06840000, 0x0684c750, 0x06c80000)
  to   space 4352K,   0% used [0x06c80000, 0x06c80000, 0x070c0000)
 tenured generation   total 87424K, used 39148K [0x0f0a0000, 0x14600000, 0x24600000)
   the space 87424K,  44% used [0x0f0a0000, 0x116db310, 0x116db400, 0x14600000)
 Metaspace       used 18758K, capacity 19231K, committed 19328K, reserved 19840K
GC Heap History (10 events):
Event: 183314.772 GC heap before
{Heap before GC invocations=284 (full 1):
 def new generation   total 39424K, used 35129K [0x04600000, 0x070c0000, 0x0f0a0000)
  eden space 35072K, 100% used [0x04600000, 0x06840000, 0x06840000)
  from space 4352K,   1% used [0x06c80000, 0x06c8e658, 0x070c0000)
  to   space 4352K,   0% used [0x06840000, 0x06840000, 0x06c80000)
 tenured generation   total 87424K, used 39148K [0x0f0a0000, 0x14600000, 0x24600000)
   the space 87424K,  44% used [0x0f0a0000, 0x116db310, 0x116db400, 0x14600000)
 Metaspace       used 18758K, capacity 19231K, committed 19328K, reserved 19840K
Event: 183314.773 GC heap after
Heap after GC invocations=285 (full 1):
 def new generation   total 39424K, used 61K [0x04600000, 0x070c0000, 0x0f0a0000)
  eden space 35072K,   0% used [0x04600000, 0x04600000, 0x06840000)
  from space 4352K,   1% used [0x06840000, 0x0684f770, 0x06c80000)
  to   space 4352K,   0% used [0x06c80000, 0x06c80000, 0x070c0000)
 tenured generation   total 87424K, used 39148K [0x0f0a0000, 0x14600000, 0x24600000)
   the space 87424K,  44% used [0x0f0a0000, 0x116db310, 0x116db400, 0x14600000)
 Metaspace       used 18758K, capacity 19231K, committed 19328K, reserved 19840K
}
Event: 183814.032 GC heap before
{Heap before GC invocations=285 (full 1):
 def new generation   total 39424K, used 35133K [0x04600000, 0x070c0000, 0x0f0a0000)
  eden space 35072K, 100% used [0x04600000, 0x06840000, 0x06840000)
  from space 4352K,   1% used [0x06840000, 0x0684f770, 0x06c80000)
  to   space 4352K,   0% used [0x06c80000, 0x06c80000, 0x070c0000)
 tenured generation   total 87424K, used 39148K [0x0f0a0000, 0x14600000, 0x24600000)
   the space 87424K,  44% used [0x0f0a0000, 0x116db310, 0x116db400, 0x14600000)
 Metaspace       used 18758K, capacity 19231K, committed 19328K, reserved 19840K
Event: 183814.033 GC heap after
Heap after GC invocations=286 (full 1):
 def new generation   total 39424K, used 86K [0x04600000, 0x070c0000, 0x0f0a0000)
  eden space 35072K,   0% used [0x04600000, 0x04600000, 0x06840000)
  from space 4352K,   1% used [0x06c80000, 0x06c95ba8, 0x070c0000)
  to   space 4352K,   0% used [0x06840000, 0x06840000, 0x06c80000)
 tenured generation   total 87424K, used 39148K [0x0f0a0000, 0x14600000, 0x24600000)
   the space 87424K,  44% used [0x0f0a0000, 0x116db310, 0x116db400, 0x14600000)
 Metaspace       used 18758K, capacity 19231K, committed 19328K, reserved 19840K
}
Event: 184288.369 GC heap before
{Heap before GC invocations=286 (full 1):
 def new generation   total 39424K, used 35158K [0x04600000, 0x070c0000, 0x0f0a0000)
  eden space 35072K, 100% used [0x04600000, 0x06840000, 0x06840000)
  from space 4352K,   1% used [0x06c80000, 0x06c95ba8, 0x070c0000)
  to   space 4352K,   0% used [0x06840000, 0x06840000, 0x06c80000)
 tenured generation   total 87424K, used 39148K [0x0f0a0000, 0x14600000, 0x24600000)
   the space 87424K,  44% used [0x0f0a0000, 0x116db310, 0x116db400, 0x14600000)
 Metaspace       used 18758K, capacity 19231K, committed 19328K, reserved 19840K
Event: 184288.370 GC heap after
Heap after GC invocations=287 (full 1):
 def new generation   total 39424K, used 94K [0x04600000, 0x070c0000, 0x0f0a0000)
  eden space 35072K,   0% used [0x04600000, 0x04600000, 0x06840000)
  from space 4352K,   2% used [0x06840000, 0x06857a50, 0x06c80000)
  to   space 4352K,   0% used [0x06c80000, 0x06c80000, 0x070c0000)
 tenured generation   total 87424K, used 39148K [0x0f0a0000, 0x14600000, 0x24600000)
   the space 87424K,  44% used [0x0f0a0000, 0x116db310, 0x116db400, 0x14600000)
 Metaspace       used 18758K, capacity 19231K, committed 19328K, reserved 19840K
}
Event: 184430.169 GC heap before
{Heap before GC invocations=287 (full 1):
 def new generation   total 39424K, used 35166K [0x04600000, 0x070c0000, 0x0f0a0000)
  eden space 35072K, 100% used [0x04600000, 0x06840000, 0x06840000)
  from space 4352K,   2% used [0x06840000, 0x06857a50, 0x06c80000)
  to   space 4352K,   0% used [0x06c80000, 0x06c80000, 0x070c0000)
 tenured generation   total 87424K, used 39148K [0x0f0a0000, 0x14600000, 0x24600000)
   the space 87424K,  44% used [0x0f0a0000, 0x116db310, 0x116db400, 0x14600000)
 Metaspace       used 18758K, capacity 19231K, committed 19328K, reserved 19840K
Event: 184430.170 GC heap after
Heap after GC invocations=288 (full 1):
 def new generation   total 39424K, used 65K [0x04600000, 0x070c0000, 0x0f0a0000)
  eden space 35072K,   0% used [0x04600000, 0x04600000, 0x06840000)
  from space 4352K,   1% used [0x06c80000, 0x06c904f8, 0x070c0000)
  to   space 4352K,   0% used [0x06840000, 0x06840000, 0x06c80000)
 tenured generation   total 87424K, used 39148K [0x0f0a0000, 0x14600000, 0x24600000)
   the space 87424K,  44% used [0x0f0a0000, 0x116db310, 0x116db400, 0x14600000)
 Metaspace       used 18758K, capacity 19231K, committed 19328K, reserved 19840K
}
Event: 185309.300 GC heap before
{Heap before GC invocations=288 (full 1):
 def new generation   total 39424K, used 35137K [0x04600000, 0x070c0000, 0x0f0a0000)
  eden space 35072K, 100% used [0x04600000, 0x06840000, 0x06840000)
  from space 4352K,   1% used [0x06c80000, 0x06c904f8, 0x070c0000)
  to   space 4352K,   0% used [0x06840000, 0x06840000, 0x06c80000)
 tenured generation   total 87424K, used 39148K [0x0f0a0000, 0x14600000, 0x24600000)
   the space 87424K,  44% used [0x0f0a0000, 0x116db310, 0x116db400, 0x14600000)
 Metaspace       used 18758K, capacity 19231K, committed 19328K, reserved 19840K
Event: 185309.301 GC heap after
Heap after GC invocations=289 (full 1):
 def new generation   total 39424K, used 49K [0x04600000, 0x070c0000, 0x0f0a0000)
  eden space 35072K,   0% used [0x04600000, 0x04600000, 0x06840000)
  from space 4352K,   1% used [0x06840000, 0x0684c750, 0x06c80000)
  to   space 4352K,   0% used [0x06c80000, 0x06c80000, 0x070c0000)
 tenured generation   total 87424K, used 39148K [0x0f0a0000, 0x14600000, 0x24600000)
   the space 87424K,  44% used [0x0f0a0000, 0x116db310, 0x116db400, 0x14600000)
 Metaspace       used 18758K, capacity 19231K, committed 19328K, reserved 19840K
}

