# JRE version: Java(TM) SE Runtime Environment (8.0_171-b11) (build 1.8.0_171-b11)
# Java VM: Java HotSpot(TM) Client VM (25.171-b11 mixed mode windows-x86 )
Heap:
 def new generation   total 39424K, used 20769K [0x05400000, 0x07ec0000, 0x0fea0000)
  eden space 35072K,  59% used [0x05400000, 0x06846450, 0x07640000)
  from space 4352K,   0% used [0x07640000, 0x07642090, 0x07a80000)
  to   space 4352K,   0% used [0x07a80000, 0x07a80000, 0x07ec0000)
 tenured generation   total 87424K, used 66085K [0x0fea0000, 0x15400000, 0x25400000)
   the space 87424K,  75% used [0x0fea0000, 0x13f297e0, 0x13f29800, 0x15400000)
 Metaspace       used 19027K, capacity 19559K, committed 19840K, reserved 19840K
GC Heap History (10 events):
Event: 162886.824 GC heap before
{Heap before GC invocations=38680 (full 3):
 def new generation   total 39424K, used 35080K [0x05400000, 0x07ec0000, 0x0fea0000)
  eden space 35072K, 100% used [0x05400000, 0x07640000, 0x07640000)
  from space 4352K,   0% used [0x07a80000, 0x07a82220, 0x07ec0000)
  to   space 4352K,   0% used [0x07640000, 0x07640000, 0x07a80000)
 tenured generation   total 87424K, used 66083K [0x0fea0000, 0x15400000, 0x25400000)
   the space 87424K,  75% used [0x0fea0000, 0x13f28f70, 0x13f29000, 0x15400000)
 Metaspace       used 19027K, capacity 19559K, committed 19840K, reserved 19840K
Event: 162886.825 GC heap after
Heap after GC invocations=38681 (full 3):
 def new generation   total 39424K, used 9K [0x05400000, 0x07ec0000, 0x0fea0000)
  eden space 35072K,   0% used [0x05400000, 0x05400000, 0x07640000)
  from space 4352K,   0% used [0x07640000, 0x07642698, 0x07a80000)
  to   space 4352K,   0% used [0x07a80000, 0x07a80000, 0x07ec0000)
 tenured generation   total 87424K, used 66084K [0x0fea0000, 0x15400000, 0x25400000)
   the space 87424K,  75% used [0x0fea0000, 0x13f29150, 0x13f29200, 0x15400000)
 Metaspace       used 19027K, capacity 19559K, committed 19840K, reserved 19840K
}
Event: 162890.742 GC heap before
{Heap before GC invocations=38681 (full 3):
 def new generation   total 39424K, used 35081K [0x05400000, 0x07ec0000, 0x0fea0000)
  eden space 35072K, 100% used [0x05400000, 0x07640000, 0x07640000)
  from space 4352K,   0% used [0x07640000, 0x07642698, 0x07a80000)
  to   space 4352K,   0% used [0x07a80000, 0x07a80000, 0x07ec0000)
 tenured generation   total 87424K, used 66084K [0x0fea0000, 0x15400000, 0x25400000)
   the space 87424K,  75% used [0x0fea0000, 0x13f29150, 0x13f29200, 0x15400000)
 Metaspace       used 19027K, capacity 19559K, committed 19840K, reserved 19840K
Event: 162890.743 GC heap after
Heap after GC invocations=38682 (full 3):
 def new generation   total 39424K, used 8K [0x05400000, 0x07ec0000, 0x0fea0000)
  eden space 35072K,   0% used [0x05400000, 0x05400000, 0x07640000)
  from space 4352K,   0% used [0x07a80000, 0x07a821d0, 0x07ec0000)
  to   space 4352K,   0% used [0x07640000, 0x07640000, 0x07a80000)
 tenured generation   total 87424K, used 66084K [0x0fea0000, 0x15400000, 0x25400000)
   the space 87424K,  75% used [0x0fea0000, 0x13f29240, 0x13f29400, 0x15400000)
 Metaspace       used 19027K, capacity 19559K, committed 19840K, reserved 19840K
}
Event: 162894.680 GC heap before
{Heap before GC invocations=38682 (full 3):
 def new generation   total 39424K, used 35080K [0x05400000, 0x07ec0000, 0x0fea0000)
  eden space 35072K, 100% used [0x05400000, 0x07640000, 0x07640000)
  from space 4352K,   0% used [0x07a80000, 0x07a821d0, 0x07ec0000)
  to   space 4352K,   0% used [0x07640000, 0x07640000, 0x07a80000)
 tenured generation   total 87424K, used 66084K [0x0fea0000, 0x15400000, 0x25400000)
   the space 87424K,  75% used [0x0fea0000, 0x13f29240, 0x13f29400, 0x15400000)
 Metaspace       used 19027K, capacity 19559K, committed 19840K, reserved 19840K
Event: 162894.681 GC heap after
Heap after GC invocations=38683 (full 3):
 def new generation   total 39424K, used 8K [0x05400000, 0x07ec0000, 0x0fea0000)
  eden space 35072K,   0% used [0x05400000, 0x05400000, 0x07640000)
  from space 4352K,   0% used [0x07640000, 0x076420f0, 0x07a80000)
  to   space 4352K,   0% used [0x07a80000, 0x07a80000, 0x07ec0000)
 tenured generation   total 87424K, used 66085K [0x0fea0000, 0x15400000, 0x25400000)
   the space 87424K,  75% used [0x0fea0000, 0x13f29420, 0x13f29600, 0x15400000)
 Metaspace       used 19027K, capacity 19559K, committed 19840K, reserved 19840K
}
Event: 162898.610 GC heap before
{Heap before GC invocations=38683 (full 3):
 def new generation   total 39424K, used 35080K [0x05400000, 0x07ec0000, 0x0fea0000)
  eden space 35072K, 100% used [0x05400000, 0x07640000, 0x07640000)
  from space 4352K,   0% used [0x07640000, 0x076420f0, 0x07a80000)
  to   space 4352K,   0% used [0x07a80000, 0x07a80000, 0x07ec0000)
 tenured generation   total 87424K, used 66085K [0x0fea0000, 0x15400000, 0x25400000)
   the space 87424K,  75% used [0x0fea0000, 0x13f29420, 0x13f29600, 0x15400000)
 Metaspace       used 19027K, capacity 19559K, committed 19840K, reserved 19840K
Event: 162898.611 GC heap after
Heap after GC invocations=38684 (full 3):
 def new generation   total 39424K, used 8K [0x05400000, 0x07ec0000, 0x0fea0000)
  eden space 35072K,   0% used [0x05400000, 0x05400000, 0x07640000)
  from space 4352K,   0% used [0x07a80000, 0x07a820b8, 0x07ec0000)
  to   space 4352K,   0% used [0x07640000, 0x07640000, 0x07a80000)
 tenured generation   total 87424K, used 66085K [0x0fea0000, 0x15400000, 0x25400000)
   the space 87424K,  75% used [0x0fea0000, 0x13f29600, 0x13f29600, 0x15400000)
 Metaspace       used 19027K, capacity 19559K, committed 19840K, reserved 19840K
}
Event: 162902.625 GC heap before
{Heap before GC invocations=38684 (full 3):
 def new generation   total 39424K, used 35080K [0x05400000, 0x07ec0000, 0x0fea0000)
  eden space 35072K, 100% used [0x05400000, 0x07640000, 0x07640000)
  from space 4352K,   0% used [0x07a80000, 0x07a820b8, 0x07ec0000)
  to   space 4352K,   0% used [0x07640000, 0x07640000, 0x07a80000)
 tenured generation   total 87424K, used 66085K [0x0fea0000, 0x15400000, 0x25400000)
   the space 87424K,  75% used [0x0fea0000, 0x13f29600, 0x13f29600, 0x15400000)
 Metaspace       used 19027K, capacity 19559K, committed 19840K, reserved 19840K
Event: 162902.626 GC heap after
Heap after GC invocations=38685 (full 3):
 def new generation   total 39424K, used 8K [0x05400000, 0x07ec0000, 0x0fea0000)
  eden space 35072K,   0% used [0x05400000, 0x05400000, 0x07640000)
  from space 4352K,   0% used [0x07640000, 0x07642090, 0x07a80000)
  to   space 4352K,   0% used [0x07a80000, 0x07a80000, 0x07ec0000)
 tenured generation   total 87424K, used 66085K [0x0fea0000, 0x15400000, 0x25400000)
   the space 87424K,  75% used [0x0fea0000, 0x13f297e0, 0x13f29800, 0x15400000)
 Metaspace       used 19027K, capacity 19559K, committed 19840K, reserved 19840K
}

