# JRE version: Java(TM) SE Runtime Environment (8.0_144-b01) (build 1.8.0_144-b01)
# Java VM: Java HotSpot(TM) Client VM (25.144-b01 mixed mode windows-x86 )
Heap:
 def new generation   total 39424K, used 120K [0x04e00000, 0x078c0000, 0x0f8a0000)
  eden space 35072K,   0% used [0x04e00000, 0x04e0b380, 0x07040000)
  from space 4352K,   1% used [0x07480000, 0x07492e18, 0x078c0000)
  to   space 4352K,   0% used [0x07040000, 0x07040000, 0x07480000)
 tenured generation   total 87424K, used 38796K [0x0f8a0000, 0x14e00000, 0x24e00000)
   the space 87424K,  44% used [0x0f8a0000, 0x11e833b0, 0x11e83400, 0x14e00000)
 Metaspace       used 18700K, capacity 19162K, committed 19200K, reserved 19840K
GC Heap History (10 events):
Event: 185673.737 GC heap before
{Heap before GC invocations=299 (full 1):
 def new generation   total 39424K, used 35161K [0x04e00000, 0x078c0000, 0x0f8a0000)
  eden space 35072K, 100% used [0x04e00000, 0x07040000, 0x07040000)
  from space 4352K,   2% used [0x07040000, 0x070564f8, 0x07480000)
  to   space 4352K,   0% used [0x07480000, 0x07480000, 0x078c0000)
 tenured generation   total 87424K, used 38789K [0x0f8a0000, 0x14e00000, 0x24e00000)
   the space 87424K,  44% used [0x0f8a0000, 0x11e816f8, 0x11e81800, 0x14e00000)
 Metaspace       used 18700K, capacity 19162K, committed 19200K, reserved 19840K
Event: 185673.739 GC heap after
Heap after GC invocations=300 (full 1):
 def new generation   total 39424K, used 76K [0x04e00000, 0x078c0000, 0x0f8a0000)
  eden space 35072K,   0% used [0x04e00000, 0x04e00000, 0x07040000)
  from space 4352K,   1% used [0x07480000, 0x074933a0, 0x078c0000)
  to   space 4352K,   0% used [0x07040000, 0x07040000, 0x07480000)
 tenured generation   total 87424K, used 38789K [0x0f8a0000, 0x14e00000, 0x24e00000)
   the space 87424K,  44% used [0x0f8a0000, 0x11e816f8, 0x11e81800, 0x14e00000)
 Metaspace       used 18700K, capacity 19162K, committed 19200K, reserved 19840K
}
Event: 186600.291 GC heap before
{Heap before GC invocations=300 (full 1):
 def new generation   total 39424K, used 35148K [0x04e00000, 0x078c0000, 0x0f8a0000)
  eden space 35072K, 100% used [0x04e00000, 0x07040000, 0x07040000)
  from space 4352K,   1% used [0x07480000, 0x074933a0, 0x078c0000)
  to   space 4352K,   0% used [0x07040000, 0x07040000, 0x07480000)
 tenured generation   total 87424K, used 38789K [0x0f8a0000, 0x14e00000, 0x24e00000)
   the space 87424K,  44% used [0x0f8a0000, 0x11e816f8, 0x11e81800, 0x14e00000)
 Metaspace       used 18700K, capacity 19162K, committed 19200K, reserved 19840K
Event: 186600.293 GC heap after
Heap after GC invocations=301 (full 1):
 def new generation   total 39424K, used 71K [0x04e00000, 0x078c0000, 0x0f8a0000)
  eden space 35072K,   0% used [0x04e00000, 0x04e00000, 0x07040000)
  from space 4352K,   1% used [0x07040000, 0x07051ff0, 0x07480000)
  to   space 4352K,   0% used [0x07480000, 0x07480000, 0x078c0000)
 tenured generation   total 87424K, used 38793K [0x0f8a0000, 0x14e00000, 0x24e00000)
   the space 87424K,  44% used [0x0f8a0000, 0x11e82440, 0x11e82600, 0x14e00000)
 Metaspace       used 18700K, capacity 19162K, committed 19200K, reserved 19840K
}
Event: 187059.332 GC heap before
{Heap before GC invocations=301 (full 1):
 def new generation   total 39424K, used 35143K [0x04e00000, 0x078c0000, 0x0f8a0000)
  eden space 35072K, 100% used [0x04e00000, 0x07040000, 0x07040000)
  from space 4352K,   1% used [0x07040000, 0x07051ff0, 0x07480000)
  to   space 4352K,   0% used [0x07480000, 0x07480000, 0x078c0000)
 tenured generation   total 87424K, used 38793K [0x0f8a0000, 0x14e00000, 0x24e00000)
   the space 87424K,  44% used [0x0f8a0000, 0x11e82440, 0x11e82600, 0x14e00000)
 Metaspace       used 18700K, capacity 19162K, committed 19200K, reserved 19840K
Event: 187059.334 GC heap after
Heap after GC invocations=302 (full 1):
 def new generation   total 39424K, used 71K [0x04e00000, 0x078c0000, 0x0f8a0000)
  eden space 35072K,   0% used [0x04e00000, 0x04e00000, 0x07040000)
  from space 4352K,   1% used [0x07480000, 0x07491fb8, 0x078c0000)
  to   space 4352K,   0% used [0x07040000, 0x07040000, 0x07480000)
 tenured generation   total 87424K, used 38795K [0x0f8a0000, 0x14e00000, 0x24e00000)
   the space 87424K,  44% used [0x0f8a0000, 0x11e82d30, 0x11e82e00, 0x14e00000)
 Metaspace       used 18700K, capacity 19162K, committed 19200K, reserved 19840K
}
Event: 187909.783 GC heap before
{Heap before GC invocations=302 (full 1):
 def new generation   total 39424K, used 35143K [0x04e00000, 0x078c0000, 0x0f8a0000)
  eden space 35072K, 100% used [0x04e00000, 0x07040000, 0x07040000)
  from space 4352K,   1% used [0x07480000, 0x07491fb8, 0x078c0000)
  to   space 4352K,   0% used [0x07040000, 0x07040000, 0x07480000)
 tenured generation   total 87424K, used 38795K [0x0f8a0000, 0x14e00000, 0x24e00000)
   the space 87424K,  44% used [0x0f8a0000, 0x11e82d30, 0x11e82e00, 0x14e00000)
 Metaspace       used 18700K, capacity 19162K, committed 19200K, reserved 19840K
Event: 187909.785 GC heap after
Heap after GC invocations=303 (full 1):
 def new generation   total 39424K, used 122K [0x04e00000, 0x078c0000, 0x0f8a0000)
  eden space 35072K,   0% used [0x04e00000, 0x04e00000, 0x07040000)
  from space 4352K,   2% used [0x07040000, 0x0705e9f8, 0x07480000)
  to   space 4352K,   0% used [0x07480000, 0x07480000, 0x078c0000)
 tenured generation   total 87424K, used 38795K [0x0f8a0000, 0x14e00000, 0x24e00000)
   the space 87424K,  44% used [0x0f8a0000, 0x11e82d30, 0x11e82e00, 0x14e00000)
 Metaspace       used 18700K, capacity 19162K, committed 19200K, reserved 19840K
}
Event: 188890.403 GC heap before
{Heap before GC invocations=303 (full 1):
 def new generation   total 39424K, used 35194K [0x04e00000, 0x078c0000, 0x0f8a0000)
  eden space 35072K, 100% used [0x04e00000, 0x07040000, 0x07040000)
  from space 4352K,   2% used [0x07040000, 0x0705e9f8, 0x07480000)
  to   space 4352K,   0% used [0x07480000, 0x07480000, 0x078c0000)
 tenured generation   total 87424K, used 38795K [0x0f8a0000, 0x14e00000, 0x24e00000)
   the space 87424K,  44% used [0x0f8a0000, 0x11e82d30, 0x11e82e00, 0x14e00000)
 Metaspace       used 18700K, capacity 19162K, committed 19200K, reserved 19840K
Event: 188890.405 GC heap after
Heap after GC invocations=304 (full 1):
 def new generation   total 39424K, used 75K [0x04e00000, 0x078c0000, 0x0f8a0000)
  eden space 35072K,   0% used [0x04e00000, 0x04e00000, 0x07040000)
  from space 4352K,   1% used [0x07480000, 0x07492e18, 0x078c0000)
  to   space 4352K,   0% used [0x07040000, 0x07040000, 0x07480000)
 tenured generation   total 87424K, used 38796K [0x0f8a0000, 0x14e00000, 0x24e00000)
   the space 87424K,  44% used [0x0f8a0000, 0x11e833b0, 0x11e83400, 0x14e00000)
 Metaspace       used 18700K, capacity 19162K, committed 19200K, reserved 19840K
}

