# JRE version: Java(TM) SE Runtime Environment (8.0_144-b01) (build 1.8.0_144-b01)
# Java VM: Java HotSpot(TM) Client VM (25.144-b01 mixed mode windows-x86 )
Heap:
 def new generation   total 39424K, used 10310K [0x04a00000, 0x074c0000, 0x0f4a0000)
  eden space 35072K,  29% used [0x04a00000, 0x053fd388, 0x06c40000)
  from space 4352K,   1% used [0x06c40000, 0x06c54858, 0x07080000)
  to   space 4352K,   0% used [0x07080000, 0x07080000, 0x074c0000)
 tenured generation   total 87424K, used 39295K [0x0f4a0000, 0x14a00000, 0x24a00000)
   the space 87424K,  44% used [0x0f4a0000, 0x11affc38, 0x11affe00, 0x14a00000)
 Metaspace       used 18726K, capacity 19197K, committed 19200K, reserved 19840K
GC Heap History (10 events):
Event: 184395.893 GC heap before
{Heap before GC invocations=286 (full 1):
 def new generation   total 39424K, used 35127K [0x04a00000, 0x074c0000, 0x0f4a0000)
  eden space 35072K, 100% used [0x04a00000, 0x06c40000, 0x06c40000)
  from space 4352K,   1% used [0x07080000, 0x0708de38, 0x074c0000)
  to   space 4352K,   0% used [0x06c40000, 0x06c40000, 0x07080000)
 tenured generation   total 87424K, used 39294K [0x0f4a0000, 0x14a00000, 0x24a00000)
   the space 87424K,  44% used [0x0f4a0000, 0x11aff918, 0x11affa00, 0x14a00000)
 Metaspace       used 18726K, capacity 19197K, committed 19200K, reserved 19840K
Event: 184395.894 GC heap after
Heap after GC invocations=287 (full 1):
 def new generation   total 39424K, used 62K [0x04a00000, 0x074c0000, 0x0f4a0000)
  eden space 35072K,   0% used [0x04a00000, 0x04a00000, 0x06c40000)
  from space 4352K,   1% used [0x06c40000, 0x06c4fa60, 0x07080000)
  to   space 4352K,   0% used [0x07080000, 0x07080000, 0x074c0000)
 tenured generation   total 87424K, used 39294K [0x0f4a0000, 0x14a00000, 0x24a00000)
   the space 87424K,  44% used [0x0f4a0000, 0x11aff918, 0x11affa00, 0x14a00000)
 Metaspace       used 18726K, capacity 19197K, committed 19200K, reserved 19840K
}
Event: 185195.663 GC heap before
{Heap before GC invocations=287 (full 1):
 def new generation   total 39424K, used 35134K [0x04a00000, 0x074c0000, 0x0f4a0000)
  eden space 35072K, 100% used [0x04a00000, 0x06c40000, 0x06c40000)
  from space 4352K,   1% used [0x06c40000, 0x06c4fa60, 0x07080000)
  to   space 4352K,   0% used [0x07080000, 0x07080000, 0x074c0000)
 tenured generation   total 87424K, used 39294K [0x0f4a0000, 0x14a00000, 0x24a00000)
   the space 87424K,  44% used [0x0f4a0000, 0x11aff918, 0x11affa00, 0x14a00000)
 Metaspace       used 18726K, capacity 19197K, committed 19200K, reserved 19840K
Event: 185195.665 GC heap after
Heap after GC invocations=288 (full 1):
 def new generation   total 39424K, used 85K [0x04a00000, 0x074c0000, 0x0f4a0000)
  eden space 35072K,   0% used [0x04a00000, 0x04a00000, 0x06c40000)
  from space 4352K,   1% used [0x07080000, 0x07095438, 0x074c0000)
  to   space 4352K,   0% used [0x06c40000, 0x06c40000, 0x07080000)
 tenured generation   total 87424K, used 39294K [0x0f4a0000, 0x14a00000, 0x24a00000)
   the space 87424K,  44% used [0x0f4a0000, 0x11aff918, 0x11affa00, 0x14a00000)
 Metaspace       used 18726K, capacity 19197K, committed 19200K, reserved 19840K
}
Event: 186057.883 GC heap before
{Heap before GC invocations=288 (full 1):
 def new generation   total 39424K, used 35157K [0x04a00000, 0x074c0000, 0x0f4a0000)
  eden space 35072K, 100% used [0x04a00000, 0x06c40000, 0x06c40000)
  from space 4352K,   1% used [0x07080000, 0x07095438, 0x074c0000)
  to   space 4352K,   0% used [0x06c40000, 0x06c40000, 0x07080000)
 tenured generation   total 87424K, used 39294K [0x0f4a0000, 0x14a00000, 0x24a00000)
   the space 87424K,  44% used [0x0f4a0000, 0x11aff918, 0x11affa00, 0x14a00000)
 Metaspace       used 18726K, capacity 19197K, committed 19200K, reserved 19840K
Event: 186057.884 GC heap after
Heap after GC invocations=289 (full 1):
 def new generation   total 39424K, used 98K [0x04a00000, 0x074c0000, 0x0f4a0000)
  eden space 35072K,   0% used [0x04a00000, 0x04a00000, 0x06c40000)
  from space 4352K,   2% used [0x06c40000, 0x06c58980, 0x07080000)
  to   space 4352K,   0% used [0x07080000, 0x07080000, 0x074c0000)
 tenured generation   total 87424K, used 39294K [0x0f4a0000, 0x14a00000, 0x24a00000)
   the space 87424K,  44% used [0x0f4a0000, 0x11aff918, 0x11affa00, 0x14a00000)
 Metaspace       used 18726K, capacity 19197K, committed 19200K, reserved 19840K
}
Event: 186930.224 GC heap before
{Heap before GC invocations=289 (full 1):
 def new generation   total 39424K, used 35170K [0x04a00000, 0x074c0000, 0x0f4a0000)
  eden space 35072K, 100% used [0x04a00000, 0x06c40000, 0x06c40000)
  from space 4352K,   2% used [0x06c40000, 0x06c58980, 0x07080000)
  to   space 4352K,   0% used [0x07080000, 0x07080000, 0x074c0000)
 tenured generation   total 87424K, used 39294K [0x0f4a0000, 0x14a00000, 0x24a00000)
   the space 87424K,  44% used [0x0f4a0000, 0x11aff918, 0x11affa00, 0x14a00000)
 Metaspace       used 18726K, capacity 19197K, committed 19200K, reserved 19840K
Event: 186930.226 GC heap after
Heap after GC invocations=290 (full 1):
 def new generation   total 39424K, used 61K [0x04a00000, 0x074c0000, 0x0f4a0000)
  eden space 35072K,   0% used [0x04a00000, 0x04a00000, 0x06c40000)
  from space 4352K,   1% used [0x07080000, 0x0708f4f8, 0x074c0000)
  to   space 4352K,   0% used [0x06c40000, 0x06c40000, 0x07080000)
 tenured generation   total 87424K, used 39294K [0x0f4a0000, 0x14a00000, 0x24a00000)
   the space 87424K,  44% used [0x0f4a0000, 0x11aff918, 0x11affa00, 0x14a00000)
 Metaspace       used 18726K, capacity 19197K, committed 19200K, reserved 19840K
}
Event: 187820.869 GC heap before
{Heap before GC invocations=290 (full 1):
 def new generation   total 39424K, used 35133K [0x04a00000, 0x074c0000, 0x0f4a0000)
  eden space 35072K, 100% used [0x04a00000, 0x06c40000, 0x06c40000)
  from space 4352K,   1% used [0x07080000, 0x0708f4f8, 0x074c0000)
  to   space 4352K,   0% used [0x06c40000, 0x06c40000, 0x07080000)
 tenured generation   total 87424K, used 39294K [0x0f4a0000, 0x14a00000, 0x24a00000)
   the space 87424K,  44% used [0x0f4a0000, 0x11aff918, 0x11affa00, 0x14a00000)
 Metaspace       used 18726K, capacity 19197K, committed 19200K, reserved 19840K
Event: 187820.870 GC heap after
Heap after GC invocations=291 (full 1):
 def new generation   total 39424K, used 82K [0x04a00000, 0x074c0000, 0x0f4a0000)
  eden space 35072K,   0% used [0x04a00000, 0x04a00000, 0x06c40000)
  from space 4352K,   1% used [0x06c40000, 0x06c54858, 0x07080000)
  to   space 4352K,   0% used [0x07080000, 0x07080000, 0x074c0000)
 tenured generation   total 87424K, used 39295K [0x0f4a0000, 0x14a00000, 0x24a00000)
   the space 87424K,  44% used [0x0f4a0000, 0x11affc38, 0x11affe00, 0x14a00000)
 Metaspace       used 18726K, capacity 19197K, committed 19200K, reserved 19840K
}

