# JRE version: Java(TM) SE Runtime Environment (8.0_144-b01) (build 1.8.0_144-b01)
# Java VM: Java HotSpot(TM) Client VM (25.144-b01 mixed mode windows-x86 )
Heap:
 def new generation   total 39424K, used 6850K [0x04c00000, 0x076c0000, 0x0f6a0000)
  eden space 35072K,  19% used [0x04c00000, 0x052a4728, 0x06e40000)
  from space 4352K,   1% used [0x06e40000, 0x06e4c2d8, 0x07280000)
  to   space 4352K,   0% used [0x07280000, 0x07280000, 0x076c0000)
 tenured generation   total 87424K, used 53617K [0x0f6a0000, 0x14c00000, 0x24c00000)
   the space 87424K,  61% used [0x0f6a0000, 0x12afc4b0, 0x12afc600, 0x14c00000)
 Metaspace       used 18531K, capacity 18982K, committed 19072K, reserved 19840K
GC Heap History (10 events):
Event: 184202.843 GC heap before
{Heap before GC invocations=194 (full 1):
 def new generation   total 39424K, used 35130K [0x04c00000, 0x076c0000, 0x0f6a0000)
  eden space 35072K, 100% used [0x04c00000, 0x06e40000, 0x06e40000)
  from space 4352K,   1% used [0x07280000, 0x0728e8f0, 0x076c0000)
  to   space 4352K,   0% used [0x06e40000, 0x06e40000, 0x07280000)
 tenured generation   total 87424K, used 53615K [0x0f6a0000, 0x14c00000, 0x24c00000)
   the space 87424K,  61% used [0x0f6a0000, 0x12afbe88, 0x12afc000, 0x14c00000)
 Metaspace       used 18531K, capacity 18982K, committed 19072K, reserved 19840K
Event: 184202.845 GC heap after
Heap after GC invocations=195 (full 1):
 def new generation   total 39424K, used 67K [0x04c00000, 0x076c0000, 0x0f6a0000)
  eden space 35072K,   0% used [0x04c00000, 0x04c00000, 0x06e40000)
  from space 4352K,   1% used [0x06e40000, 0x06e50c28, 0x07280000)
  to   space 4352K,   0% used [0x07280000, 0x07280000, 0x076c0000)
 tenured generation   total 87424K, used 53615K [0x0f6a0000, 0x14c00000, 0x24c00000)
   the space 87424K,  61% used [0x0f6a0000, 0x12afbe88, 0x12afc000, 0x14c00000)
 Metaspace       used 18531K, capacity 18982K, committed 19072K, reserved 19840K
}
Event: 185047.825 GC heap before
{Heap before GC invocations=195 (full 1):
 def new generation   total 39424K, used 35139K [0x04c00000, 0x076c0000, 0x0f6a0000)
  eden space 35072K, 100% used [0x04c00000, 0x06e40000, 0x06e40000)
  from space 4352K,   1% used [0x06e40000, 0x06e50c28, 0x07280000)
  to   space 4352K,   0% used [0x07280000, 0x07280000, 0x076c0000)
 tenured generation   total 87424K, used 53615K [0x0f6a0000, 0x14c00000, 0x24c00000)
   the space 87424K,  61% used [0x0f6a0000, 0x12afbe88, 0x12afc000, 0x14c00000)
 Metaspace       used 18531K, capacity 18982K, committed 19072K, reserved 19840K
Event: 185047.827 GC heap after
Heap after GC invocations=196 (full 1):
 def new generation   total 39424K, used 116K [0x04c00000, 0x076c0000, 0x0f6a0000)
  eden space 35072K,   0% used [0x04c00000, 0x04c00000, 0x06e40000)
  from space 4352K,   2% used [0x07280000, 0x0729d388, 0x076c0000)
  to   space 4352K,   0% used [0x06e40000, 0x06e40000, 0x07280000)
 tenured generation   total 87424K, used 53615K [0x0f6a0000, 0x14c00000, 0x24c00000)
   the space 87424K,  61% used [0x0f6a0000, 0x12afbe88, 0x12afc000, 0x14c00000)
 Metaspace       used 18531K, capacity 18982K, committed 19072K, reserved 19840K
}
Event: 186153.694 GC heap before
{Heap before GC invocations=196 (full 1):
 def new generation   total 39424K, used 35188K [0x04c00000, 0x076c0000, 0x0f6a0000)
  eden space 35072K, 100% used [0x04c00000, 0x06e40000, 0x06e40000)
  from space 4352K,   2% used [0x07280000, 0x0729d388, 0x076c0000)
  to   space 4352K,   0% used [0x06e40000, 0x06e40000, 0x07280000)
 tenured generation   total 87424K, used 53615K [0x0f6a0000, 0x14c00000, 0x24c00000)
   the space 87424K,  61% used [0x0f6a0000, 0x12afbe88, 0x12afc000, 0x14c00000)
 Metaspace       used 18531K, capacity 18982K, committed 19072K, reserved 19840K
Event: 186153.696 GC heap after
Heap after GC invocations=197 (full 1):
 def new generation   total 39424K, used 97K [0x04c00000, 0x076c0000, 0x0f6a0000)
  eden space 35072K,   0% used [0x04c00000, 0x04c00000, 0x06e40000)
  from space 4352K,   2% used [0x06e40000, 0x06e58738, 0x07280000)
  to   space 4352K,   0% used [0x07280000, 0x07280000, 0x076c0000)
 tenured generation   total 87424K, used 53617K [0x0f6a0000, 0x14c00000, 0x24c00000)
   the space 87424K,  61% used [0x0f6a0000, 0x12afc4b0, 0x12afc600, 0x14c00000)
 Metaspace       used 18531K, capacity 18982K, committed 19072K, reserved 19840K
}
Event: 187128.307 GC heap before
{Heap before GC invocations=197 (full 1):
 def new generation   total 39424K, used 35169K [0x04c00000, 0x076c0000, 0x0f6a0000)
  eden space 35072K, 100% used [0x04c00000, 0x06e40000, 0x06e40000)
  from space 4352K,   2% used [0x06e40000, 0x06e58738, 0x07280000)
  to   space 4352K,   0% used [0x07280000, 0x07280000, 0x076c0000)
 tenured generation   total 87424K, used 53617K [0x0f6a0000, 0x14c00000, 0x24c00000)
   the space 87424K,  61% used [0x0f6a0000, 0x12afc4b0, 0x12afc600, 0x14c00000)
 Metaspace       used 18531K, capacity 18982K, committed 19072K, reserved 19840K
Event: 187128.308 GC heap after
Heap after GC invocations=198 (full 1):
 def new generation   total 39424K, used 43K [0x04c00000, 0x076c0000, 0x0f6a0000)
  eden space 35072K,   0% used [0x04c00000, 0x04c00000, 0x06e40000)
  from space 4352K,   0% used [0x07280000, 0x0728ae08, 0x076c0000)
  to   space 4352K,   0% used [0x06e40000, 0x06e40000, 0x07280000)
 tenured generation   total 87424K, used 53617K [0x0f6a0000, 0x14c00000, 0x24c00000)
   the space 87424K,  61% used [0x0f6a0000, 0x12afc4b0, 0x12afc600, 0x14c00000)
 Metaspace       used 18531K, capacity 18982K, committed 19072K, reserved 19840K
}
Event: 188134.490 GC heap before
{Heap before GC invocations=198 (full 1):
 def new generation   total 39424K, used 35115K [0x04c00000, 0x076c0000, 0x0f6a0000)
  eden space 35072K, 100% used [0x04c00000, 0x06e40000, 0x06e40000)
  from space 4352K,   0% used [0x07280000, 0x0728ae08, 0x076c0000)
  to   space 4352K,   0% used [0x06e40000, 0x06e40000, 0x07280000)
 tenured generation   total 87424K, used 53617K [0x0f6a0000, 0x14c00000, 0x24c00000)
   the space 87424K,  61% used [0x0f6a0000, 0x12afc4b0, 0x12afc600, 0x14c00000)
 Metaspace       used 18531K, capacity 18982K, committed 19072K, reserved 19840K
Event: 188134.492 GC heap after
Heap after GC invocations=199 (full 1):
 def new generation   total 39424K, used 48K [0x04c00000, 0x076c0000, 0x0f6a0000)
  eden space 35072K,   0% used [0x04c00000, 0x04c00000, 0x06e40000)
  from space 4352K,   1% used [0x06e40000, 0x06e4c2d8, 0x07280000)
  to   space 4352K,   0% used [0x07280000, 0x07280000, 0x076c0000)
 tenured generation   total 87424K, used 53617K [0x0f6a0000, 0x14c00000, 0x24c00000)
   the space 87424K,  61% used [0x0f6a0000, 0x12afc4b0, 0x12afc600, 0x14c00000)
 Metaspace       used 18531K, capacity 18982K, committed 19072K, reserved 19840K
}

