# JRE version: Java(TM) SE Runtime Environment (8.0_144-b01) (build 1.8.0_144-b01)
# Java VM: Java HotSpot(TM) Client VM (25.144-b01 mixed mode windows-x86 )
Heap:
 def new generation   total 39424K, used 3781K [0x05200000, 0x07cc0000, 0x0fca0000)
  eden space 35072K,  10% used [0x05200000, 0x0558e998, 0x07440000)
  from space 4352K,   3% used [0x07880000, 0x078a2cc8, 0x07cc0000)
  to   space 4352K,   0% used [0x07440000, 0x07440000, 0x07880000)
 tenured generation   total 87424K, used 40128K [0x0fca0000, 0x15200000, 0x25200000)
   the space 87424K,  45% used [0x0fca0000, 0x123d0358, 0x123d0400, 0x15200000)
 Metaspace       used 18729K, capacity 19196K, committed 19328K, reserved 19840K
GC Heap History (10 events):
Event: 185520.652 GC heap before
{Heap before GC invocations=299 (full 1):
 def new generation   total 39424K, used 35281K [0x05200000, 0x07cc0000, 0x0fca0000)
  eden space 35072K, 100% used [0x05200000, 0x07440000, 0x07440000)
  from space 4352K,   4% used [0x07440000, 0x07474418, 0x07880000)
  to   space 4352K,   0% used [0x07880000, 0x07880000, 0x07cc0000)
 tenured generation   total 87424K, used 40123K [0x0fca0000, 0x15200000, 0x25200000)
   the space 87424K,  45% used [0x0fca0000, 0x123ced20, 0x123cee00, 0x15200000)
 Metaspace       used 18729K, capacity 19196K, committed 19328K, reserved 19840K
Event: 185520.653 GC heap after
Heap after GC invocations=300 (full 1):
 def new generation   total 39424K, used 92K [0x05200000, 0x07cc0000, 0x0fca0000)
  eden space 35072K,   0% used [0x05200000, 0x05200000, 0x07440000)
  from space 4352K,   2% used [0x07880000, 0x07897160, 0x07cc0000)
  to   space 4352K,   0% used [0x07440000, 0x07440000, 0x07880000)
 tenured generation   total 87424K, used 40123K [0x0fca0000, 0x15200000, 0x25200000)
   the space 87424K,  45% used [0x0fca0000, 0x123ced20, 0x123cee00, 0x15200000)
 Metaspace       used 18729K, capacity 19196K, committed 19328K, reserved 19840K
}
Event: 186300.702 GC heap before
{Heap before GC invocations=300 (full 1):
 def new generation   total 39424K, used 35164K [0x05200000, 0x07cc0000, 0x0fca0000)
  eden space 35072K, 100% used [0x05200000, 0x07440000, 0x07440000)
  from space 4352K,   2% used [0x07880000, 0x07897160, 0x07cc0000)
  to   space 4352K,   0% used [0x07440000, 0x07440000, 0x07880000)
 tenured generation   total 87424K, used 40123K [0x0fca0000, 0x15200000, 0x25200000)
   the space 87424K,  45% used [0x0fca0000, 0x123ced20, 0x123cee00, 0x15200000)
 Metaspace       used 18729K, capacity 19196K, committed 19328K, reserved 19840K
Event: 186300.704 GC heap after
Heap after GC invocations=301 (full 1):
 def new generation   total 39424K, used 83K [0x05200000, 0x07cc0000, 0x0fca0000)
  eden space 35072K,   0% used [0x05200000, 0x05200000, 0x07440000)
  from space 4352K,   1% used [0x07440000, 0x07454d88, 0x07880000)
  to   space 4352K,   0% used [0x07880000, 0x07880000, 0x07cc0000)
 tenured generation   total 87424K, used 40123K [0x0fca0000, 0x15200000, 0x25200000)
   the space 87424K,  45% used [0x0fca0000, 0x123ced20, 0x123cee00, 0x15200000)
 Metaspace       used 18729K, capacity 19196K, committed 19328K, reserved 19840K
}
Event: 187199.571 GC heap before
{Heap before GC invocations=301 (full 1):
 def new generation   total 39424K, used 35155K [0x05200000, 0x07cc0000, 0x0fca0000)
  eden space 35072K, 100% used [0x05200000, 0x07440000, 0x07440000)
  from space 4352K,   1% used [0x07440000, 0x07454d88, 0x07880000)
  to   space 4352K,   0% used [0x07880000, 0x07880000, 0x07cc0000)
 tenured generation   total 87424K, used 40123K [0x0fca0000, 0x15200000, 0x25200000)
   the space 87424K,  45% used [0x0fca0000, 0x123ced20, 0x123cee00, 0x15200000)
 Metaspace       used 18729K, capacity 19196K, committed 19328K, reserved 19840K
Event: 187199.573 GC heap after
Heap after GC invocations=302 (full 1):
 def new generation   total 39424K, used 68K [0x05200000, 0x07cc0000, 0x0fca0000)
  eden space 35072K,   0% used [0x05200000, 0x05200000, 0x07440000)
  from space 4352K,   1% used [0x07880000, 0x07891190, 0x07cc0000)
  to   space 4352K,   0% used [0x07440000, 0x07440000, 0x07880000)
 tenured generation   total 87424K, used 40126K [0x0fca0000, 0x15200000, 0x25200000)
   the space 87424K,  45% used [0x0fca0000, 0x123cfa68, 0x123cfc00, 0x15200000)
 Metaspace       used 18729K, capacity 19196K, committed 19328K, reserved 19840K
}
Event: 187693.321 GC heap before
{Heap before GC invocations=302 (full 1):
 def new generation   total 39424K, used 35140K [0x05200000, 0x07cc0000, 0x0fca0000)
  eden space 35072K, 100% used [0x05200000, 0x07440000, 0x07440000)
  from space 4352K,   1% used [0x07880000, 0x07891190, 0x07cc0000)
  to   space 4352K,   0% used [0x07440000, 0x07440000, 0x07880000)
 tenured generation   total 87424K, used 40126K [0x0fca0000, 0x15200000, 0x25200000)
   the space 87424K,  45% used [0x0fca0000, 0x123cfa68, 0x123cfc00, 0x15200000)
 Metaspace       used 18729K, capacity 19196K, committed 19328K, reserved 19840K
Event: 187693.323 GC heap after
Heap after GC invocations=303 (full 1):
 def new generation   total 39424K, used 130K [0x05200000, 0x07cc0000, 0x0fca0000)
  eden space 35072K,   0% used [0x05200000, 0x05200000, 0x07440000)
  from space 4352K,   3% used [0x07440000, 0x07460af8, 0x07880000)
  to   space 4352K,   0% used [0x07880000, 0x07880000, 0x07cc0000)
 tenured generation   total 87424K, used 40126K [0x0fca0000, 0x15200000, 0x25200000)
   the space 87424K,  45% used [0x0fca0000, 0x123cfa68, 0x123cfc00, 0x15200000)
 Metaspace       used 18729K, capacity 19196K, committed 19328K, reserved 19840K
}
Event: 188577.165 GC heap before
{Heap before GC invocations=303 (full 1):
 def new generation   total 39424K, used 35202K [0x05200000, 0x07cc0000, 0x0fca0000)
  eden space 35072K, 100% used [0x05200000, 0x07440000, 0x07440000)
  from space 4352K,   3% used [0x07440000, 0x07460af8, 0x07880000)
  to   space 4352K,   0% used [0x07880000, 0x07880000, 0x07cc0000)
 tenured generation   total 87424K, used 40126K [0x0fca0000, 0x15200000, 0x25200000)
   the space 87424K,  45% used [0x0fca0000, 0x123cfa68, 0x123cfc00, 0x15200000)
 Metaspace       used 18729K, capacity 19196K, committed 19328K, reserved 19840K
Event: 188577.167 GC heap after
Heap after GC invocations=304 (full 1):
 def new generation   total 39424K, used 139K [0x05200000, 0x07cc0000, 0x0fca0000)
  eden space 35072K,   0% used [0x05200000, 0x05200000, 0x07440000)
  from space 4352K,   3% used [0x07880000, 0x078a2cc8, 0x07cc0000)
  to   space 4352K,   0% used [0x07440000, 0x07440000, 0x07880000)
 tenured generation   total 87424K, used 40128K [0x0fca0000, 0x15200000, 0x25200000)
   the space 87424K,  45% used [0x0fca0000, 0x123d0358, 0x123d0400, 0x15200000)
 Metaspace       used 18729K, capacity 19196K, committed 19328K, reserved 19840K
}

