# JRE version: Java(TM) SE Runtime Environment (8.0_171-b11) (build 1.8.0_171-b11)
# Java VM: Java HotSpot(TM) Client VM (25.171-b11 mixed mode windows-x86 )
Heap:
 def new generation   total 39424K, used 26960K [0x04800000, 0x072c0000, 0x0f2a0000)
  eden space 35072K,  76% used [0x04800000, 0x062169b0, 0x06a40000)
  from space 4352K,   5% used [0x06e80000, 0x06ebd8d0, 0x072c0000)
  to   space 4352K,   0% used [0x06a40000, 0x06a40000, 0x06e80000)
 tenured generation   total 87424K, used 46416K [0x0f2a0000, 0x14800000, 0x24800000)
   the space 87424K,  53% used [0x0f2a0000, 0x11ff4090, 0x11ff4200, 0x14800000)
 Metaspace       used 18997K, capacity 19525K, committed 19840K, reserved 19840K
GC Heap History (10 events):
Event: 161386.450 GC heap before
{Heap before GC invocations=1025 (full 2):
 def new generation   total 39424K, used 35348K [0x04800000, 0x072c0000, 0x0f2a0000)
  eden space 35072K, 100% used [0x04800000, 0x06a40000, 0x06a40000)
  from space 4352K,   6% used [0x06a40000, 0x06a852d0, 0x06e80000)
  to   space 4352K,   0% used [0x06e80000, 0x06e80000, 0x072c0000)
 tenured generation   total 87424K, used 46318K [0x0f2a0000, 0x14800000, 0x24800000)
   the space 87424K,  52% used [0x0f2a0000, 0x11fdbb58, 0x11fdbc00, 0x14800000)
 Metaspace       used 18997K, capacity 19525K, committed 19840K, reserved 19840K
Event: 161386.452 GC heap after
Heap after GC invocations=1026 (full 2):
 def new generation   total 39424K, used 255K [0x04800000, 0x072c0000, 0x0f2a0000)
  eden space 35072K,   0% used [0x04800000, 0x04800000, 0x06a40000)
  from space 4352K,   5% used [0x06e80000, 0x06ebff00, 0x072c0000)
  to   space 4352K,   0% used [0x06a40000, 0x06a40000, 0x06e80000)
 tenured generation   total 87424K, used 46334K [0x0f2a0000, 0x14800000, 0x24800000)
   the space 87424K,  53% used [0x0f2a0000, 0x11fdfb18, 0x11fdfc00, 0x14800000)
 Metaspace       used 18997K, capacity 19525K, committed 19840K, reserved 19840K
}
Event: 161594.704 GC heap before
{Heap before GC invocations=1026 (full 2):
 def new generation   total 39424K, used 35327K [0x04800000, 0x072c0000, 0x0f2a0000)
  eden space 35072K, 100% used [0x04800000, 0x06a40000, 0x06a40000)
  from space 4352K,   5% used [0x06e80000, 0x06ebff00, 0x072c0000)
  to   space 4352K,   0% used [0x06a40000, 0x06a40000, 0x06e80000)
 tenured generation   total 87424K, used 46334K [0x0f2a0000, 0x14800000, 0x24800000)
   the space 87424K,  53% used [0x0f2a0000, 0x11fdfb18, 0x11fdfc00, 0x14800000)
 Metaspace       used 18997K, capacity 19525K, committed 19840K, reserved 19840K
Event: 161594.706 GC heap after
Heap after GC invocations=1027 (full 2):
 def new generation   total 39424K, used 270K [0x04800000, 0x072c0000, 0x0f2a0000)
  eden space 35072K,   0% used [0x04800000, 0x04800000, 0x06a40000)
  from space 4352K,   6% used [0x06a40000, 0x06a83880, 0x06e80000)
  to   space 4352K,   0% used [0x06e80000, 0x06e80000, 0x072c0000)
 tenured generation   total 87424K, used 46366K [0x0f2a0000, 0x14800000, 0x24800000)
   the space 87424K,  53% used [0x0f2a0000, 0x11fe7bd8, 0x11fe7c00, 0x14800000)
 Metaspace       used 18997K, capacity 19525K, committed 19840K, reserved 19840K
}
Event: 161834.312 GC heap before
{Heap before GC invocations=1027 (full 2):
 def new generation   total 39424K, used 35342K [0x04800000, 0x072c0000, 0x0f2a0000)
  eden space 35072K, 100% used [0x04800000, 0x06a40000, 0x06a40000)
  from space 4352K,   6% used [0x06a40000, 0x06a83880, 0x06e80000)
  to   space 4352K,   0% used [0x06e80000, 0x06e80000, 0x072c0000)
 tenured generation   total 87424K, used 46366K [0x0f2a0000, 0x14800000, 0x24800000)
   the space 87424K,  53% used [0x0f2a0000, 0x11fe7bd8, 0x11fe7c00, 0x14800000)
 Metaspace       used 18997K, capacity 19525K, committed 19840K, reserved 19840K
Event: 161834.313 GC heap after
Heap after GC invocations=1028 (full 2):
 def new generation   total 39424K, used 248K [0x04800000, 0x072c0000, 0x0f2a0000)
  eden space 35072K,   0% used [0x04800000, 0x04800000, 0x06a40000)
  from space 4352K,   5% used [0x06e80000, 0x06ebe1b8, 0x072c0000)
  to   space 4352K,   0% used [0x06a40000, 0x06a40000, 0x06e80000)
 tenured generation   total 87424K, used 46385K [0x0f2a0000, 0x14800000, 0x24800000)
   the space 87424K,  53% used [0x0f2a0000, 0x11fec610, 0x11fec800, 0x14800000)
 Metaspace       used 18997K, capacity 19525K, committed 19840K, reserved 19840K
}
Event: 162052.058 GC heap before
{Heap before GC invocations=1028 (full 2):
 def new generation   total 39424K, used 35320K [0x04800000, 0x072c0000, 0x0f2a0000)
  eden space 35072K, 100% used [0x04800000, 0x06a40000, 0x06a40000)
  from space 4352K,   5% used [0x06e80000, 0x06ebe1b8, 0x072c0000)
  to   space 4352K,   0% used [0x06a40000, 0x06a40000, 0x06e80000)
 tenured generation   total 87424K, used 46385K [0x0f2a0000, 0x14800000, 0x24800000)
   the space 87424K,  53% used [0x0f2a0000, 0x11fec610, 0x11fec800, 0x14800000)
 Metaspace       used 18997K, capacity 19525K, committed 19840K, reserved 19840K
Event: 162052.060 GC heap after
Heap after GC invocations=1029 (full 2):
 def new generation   total 39424K, used 254K [0x04800000, 0x072c0000, 0x0f2a0000)
  eden space 35072K,   0% used [0x04800000, 0x04800000, 0x06a40000)
  from space 4352K,   5% used [0x06a40000, 0x06a7f9e0, 0x06e80000)
  to   space 4352K,   0% used [0x06e80000, 0x06e80000, 0x072c0000)
 tenured generation   total 87424K, used 46400K [0x0f2a0000, 0x14800000, 0x24800000)
   the space 87424K,  53% used [0x0f2a0000, 0x11ff0210, 0x11ff0400, 0x14800000)
 Metaspace       used 18997K, capacity 19525K, committed 19840K, reserved 19840K
}
Event: 162276.896 GC heap before
{Heap before GC invocations=1029 (full 2):
 def new generation   total 39424K, used 35326K [0x04800000, 0x072c0000, 0x0f2a0000)
  eden space 35072K, 100% used [0x04800000, 0x06a40000, 0x06a40000)
  from space 4352K,   5% used [0x06a40000, 0x06a7f9e0, 0x06e80000)
  to   space 4352K,   0% used [0x06e80000, 0x06e80000, 0x072c0000)
 tenured generation   total 87424K, used 46400K [0x0f2a0000, 0x14800000, 0x24800000)
   the space 87424K,  53% used [0x0f2a0000, 0x11ff0210, 0x11ff0400, 0x14800000)
 Metaspace       used 18997K, capacity 19525K, committed 19840K, reserved 19840K
Event: 162276.898 GC heap after
Heap after GC invocations=1030 (full 2):
 def new generation   total 39424K, used 246K [0x04800000, 0x072c0000, 0x0f2a0000)
  eden space 35072K,   0% used [0x04800000, 0x04800000, 0x06a40000)
  from space 4352K,   5% used [0x06e80000, 0x06ebd8d0, 0x072c0000)
  to   space 4352K,   0% used [0x06a40000, 0x06a40000, 0x06e80000)
 tenured generation   total 87424K, used 46416K [0x0f2a0000, 0x14800000, 0x24800000)
   the space 87424K,  53% used [0x0f2a0000, 0x11ff4090, 0x11ff4200, 0x14800000)
 Metaspace       used 18997K, capacity 19525K, committed 19840K, reserved 19840K
}

