# JRE version: Java(TM) SE Runtime Environment (8.0_144-b01) (build 1.8.0_144-b01)
# Java VM: Java HotSpot(TM) Client VM (25.144-b01 mixed mode windows-x86 )
Heap:
 def new generation   total 39424K, used 7760K [0x04a00000, 0x074c0000, 0x0f4a0000)
  eden space 35072K,  21% used [0x04a00000, 0x0516fee0, 0x06c40000)
  from space 4352K,   3% used [0x06c40000, 0x06c642d0, 0x07080000)
  to   space 4352K,   0% used [0x07080000, 0x07080000, 0x074c0000)
 tenured generation   total 87424K, used 79281K [0x0f4a0000, 0x14a00000, 0x24a00000)
   the space 87424K,  90% used [0x0f4a0000, 0x1420c688, 0x1420c800, 0x14a00000)
 Metaspace       used 19045K, capacity 19522K, committed 19584K, reserved 19840K
GC Heap History (10 events):
Event: 186947.719 GC heap before
{Heap before GC invocations=262 (full 1):
 def new generation   total 39424K, used 35214K [0x04a00000, 0x074c0000, 0x0f4a0000)
  eden space 35072K, 100% used [0x04a00000, 0x06c40000, 0x06c40000)
  from space 4352K,   3% used [0x07080000, 0x070a3990, 0x074c0000)
  to   space 4352K,   0% used [0x06c40000, 0x06c40000, 0x07080000)
 tenured generation   total 87424K, used 79281K [0x0f4a0000, 0x14a00000, 0x24a00000)
   the space 87424K,  90% used [0x0f4a0000, 0x1420c540, 0x1420c600, 0x14a00000)
 Metaspace       used 19045K, capacity 19522K, committed 19584K, reserved 19840K
Event: 186947.721 GC heap after
Heap after GC invocations=263 (full 1):
 def new generation   total 39424K, used 70K [0x04a00000, 0x074c0000, 0x0f4a0000)
  eden space 35072K,   0% used [0x04a00000, 0x04a00000, 0x06c40000)
  from space 4352K,   1% used [0x06c40000, 0x06c51900, 0x07080000)
  to   space 4352K,   0% used [0x07080000, 0x07080000, 0x074c0000)
 tenured generation   total 87424K, used 79281K [0x0f4a0000, 0x14a00000, 0x24a00000)
   the space 87424K,  90% used [0x0f4a0000, 0x1420c540, 0x1420c600, 0x14a00000)
 Metaspace       used 19045K, capacity 19522K, committed 19584K, reserved 19840K
}
Event: 187686.396 GC heap before
{Heap before GC invocations=263 (full 1):
 def new generation   total 39424K, used 35142K [0x04a00000, 0x074c0000, 0x0f4a0000)
  eden space 35072K, 100% used [0x04a00000, 0x06c40000, 0x06c40000)
  from space 4352K,   1% used [0x06c40000, 0x06c51900, 0x07080000)
  to   space 4352K,   0% used [0x07080000, 0x07080000, 0x074c0000)
 tenured generation   total 87424K, used 79281K [0x0f4a0000, 0x14a00000, 0x24a00000)
   the space 87424K,  90% used [0x0f4a0000, 0x1420c540, 0x1420c600, 0x14a00000)
 Metaspace       used 19045K, capacity 19522K, committed 19584K, reserved 19840K
Event: 187686.398 GC heap after
Heap after GC invocations=264 (full 1):
 def new generation   total 39424K, used 59K [0x04a00000, 0x074c0000, 0x0f4a0000)
  eden space 35072K,   0% used [0x04a00000, 0x04a00000, 0x06c40000)
  from space 4352K,   1% used [0x07080000, 0x0708ed40, 0x074c0000)
  to   space 4352K,   0% used [0x06c40000, 0x06c40000, 0x07080000)
 tenured generation   total 87424K, used 79281K [0x0f4a0000, 0x14a00000, 0x24a00000)
   the space 87424K,  90% used [0x0f4a0000, 0x1420c5c0, 0x1420c600, 0x14a00000)
 Metaspace       used 19045K, capacity 19522K, committed 19584K, reserved 19840K
}
Event: 188483.058 GC heap before
{Heap before GC invocations=264 (full 1):
 def new generation   total 39424K, used 35131K [0x04a00000, 0x074c0000, 0x0f4a0000)
  eden space 35072K, 100% used [0x04a00000, 0x06c40000, 0x06c40000)
  from space 4352K,   1% used [0x07080000, 0x0708ed40, 0x074c0000)
  to   space 4352K,   0% used [0x06c40000, 0x06c40000, 0x07080000)
 tenured generation   total 87424K, used 79281K [0x0f4a0000, 0x14a00000, 0x24a00000)
   the space 87424K,  90% used [0x0f4a0000, 0x1420c5c0, 0x1420c600, 0x14a00000)
 Metaspace       used 19045K, capacity 19522K, committed 19584K, reserved 19840K
Event: 188483.059 GC heap after
Heap after GC invocations=265 (full 1):
 def new generation   total 39424K, used 61K [0x04a00000, 0x074c0000, 0x0f4a0000)
  eden space 35072K,   0% used [0x04a00000, 0x04a00000, 0x06c40000)
  from space 4352K,   1% used [0x06c40000, 0x06c4f4e8, 0x07080000)
  to   space 4352K,   0% used [0x07080000, 0x07080000, 0x074c0000)
 tenured generation   total 87424K, used 79281K [0x0f4a0000, 0x14a00000, 0x24a00000)
   the space 87424K,  90% used [0x0f4a0000, 0x1420c5c0, 0x1420c600, 0x14a00000)
 Metaspace       used 19045K, capacity 19522K, committed 19584K, reserved 19840K
}
Event: 189212.456 GC heap before
{Heap before GC invocations=265 (full 1):
 def new generation   total 39424K, used 35133K [0x04a00000, 0x074c0000, 0x0f4a0000)
  eden space 35072K, 100% used [0x04a00000, 0x06c40000, 0x06c40000)
  from space 4352K,   1% used [0x06c40000, 0x06c4f4e8, 0x07080000)
  to   space 4352K,   0% used [0x07080000, 0x07080000, 0x074c0000)
 tenured generation   total 87424K, used 79281K [0x0f4a0000, 0x14a00000, 0x24a00000)
   the space 87424K,  90% used [0x0f4a0000, 0x1420c5c0, 0x1420c600, 0x14a00000)
 Metaspace       used 19045K, capacity 19522K, committed 19584K, reserved 19840K
Event: 189212.457 GC heap after
Heap after GC invocations=266 (full 1):
 def new generation   total 39424K, used 57K [0x04a00000, 0x074c0000, 0x0f4a0000)
  eden space 35072K,   0% used [0x04a00000, 0x04a00000, 0x06c40000)
  from space 4352K,   1% used [0x07080000, 0x0708e580, 0x074c0000)
  to   space 4352K,   0% used [0x06c40000, 0x06c40000, 0x07080000)
 tenured generation   total 87424K, used 79281K [0x0f4a0000, 0x14a00000, 0x24a00000)
   the space 87424K,  90% used [0x0f4a0000, 0x1420c5c0, 0x1420c600, 0x14a00000)
 Metaspace       used 19045K, capacity 19522K, committed 19584K, reserved 19840K
}
Event: 189873.151 GC heap before
{Heap before GC invocations=266 (full 1):
 def new generation   total 39424K, used 35129K [0x04a00000, 0x074c0000, 0x0f4a0000)
  eden space 35072K, 100% used [0x04a00000, 0x06c40000, 0x06c40000)
  from space 4352K,   1% used [0x07080000, 0x0708e580, 0x074c0000)
  to   space 4352K,   0% used [0x06c40000, 0x06c40000, 0x07080000)
 tenured generation   total 87424K, used 79281K [0x0f4a0000, 0x14a00000, 0x24a00000)
   the space 87424K,  90% used [0x0f4a0000, 0x1420c5c0, 0x1420c600, 0x14a00000)
 Metaspace       used 19045K, capacity 19522K, committed 19584K, reserved 19840K
Event: 189873.152 GC heap after
Heap after GC invocations=267 (full 1):
 def new generation   total 39424K, used 144K [0x04a00000, 0x074c0000, 0x0f4a0000)
  eden space 35072K,   0% used [0x04a00000, 0x04a00000, 0x06c40000)
  from space 4352K,   3% used [0x06c40000, 0x06c642d0, 0x07080000)
  to   space 4352K,   0% used [0x07080000, 0x07080000, 0x074c0000)
 tenured generation   total 87424K, used 79281K [0x0f4a0000, 0x14a00000, 0x24a00000)
   the space 87424K,  90% used [0x0f4a0000, 0x1420c688, 0x1420c800, 0x14a00000)
 Metaspace       used 19045K, capacity 19522K, committed 19584K, reserved 19840K
}

