# JRE version: Java(TM) SE Runtime Environment (8.0_144-b01) (build 1.8.0_144-b01)
# Java VM: Java HotSpot(TM) Client VM (25.144-b01 mixed mode windows-x86 )
Heap:
 def new generation   total 39424K, used 32652K [0x04c00000, 0x076c0000, 0x0f6a0000)
  eden space 35072K,  92% used [0x04c00000, 0x06bd8620, 0x06e40000)
  from space 4352K,   0% used [0x07280000, 0x0728ab58, 0x076c0000)
  to   space 4352K,   0% used [0x06e40000, 0x06e40000, 0x07280000)
 tenured generation   total 87424K, used 52728K [0x0f6a0000, 0x14c00000, 0x24c00000)
   the space 87424K,  60% used [0x0f6a0000, 0x12a1e368, 0x12a1e400, 0x14c00000)
 Metaspace       used 18988K, capacity 19460K, committed 19584K, reserved 19840K
GC Heap History (10 events):
Event: 186311.844 GC heap before
{Heap before GC invocations=217 (full 1):
 def new generation   total 39424K, used 35148K [0x04c00000, 0x076c0000, 0x0f6a0000)
  eden space 35072K, 100% used [0x04c00000, 0x06e40000, 0x06e40000)
  from space 4352K,   1% used [0x06e40000, 0x06e53218, 0x07280000)
  to   space 4352K,   0% used [0x07280000, 0x07280000, 0x076c0000)
 tenured generation   total 87424K, used 52727K [0x0f6a0000, 0x14c00000, 0x24c00000)
   the space 87424K,  60% used [0x0f6a0000, 0x12a1de50, 0x12a1e000, 0x14c00000)
 Metaspace       used 18988K, capacity 19460K, committed 19584K, reserved 19840K
Event: 186311.845 GC heap after
Heap after GC invocations=218 (full 1):
 def new generation   total 39424K, used 54K [0x04c00000, 0x076c0000, 0x0f6a0000)
  eden space 35072K,   0% used [0x04c00000, 0x04c00000, 0x06e40000)
  from space 4352K,   1% used [0x07280000, 0x0728d820, 0x076c0000)
  to   space 4352K,   0% used [0x06e40000, 0x06e40000, 0x07280000)
 tenured generation   total 87424K, used 52727K [0x0f6a0000, 0x14c00000, 0x24c00000)
   the space 87424K,  60% used [0x0f6a0000, 0x12a1de50, 0x12a1e000, 0x14c00000)
 Metaspace       used 18988K, capacity 19460K, committed 19584K, reserved 19840K
}
Event: 186948.924 GC heap before
{Heap before GC invocations=218 (full 1):
 def new generation   total 39424K, used 35126K [0x04c00000, 0x076c0000, 0x0f6a0000)
  eden space 35072K, 100% used [0x04c00000, 0x06e40000, 0x06e40000)
  from space 4352K,   1% used [0x07280000, 0x0728d820, 0x076c0000)
  to   space 4352K,   0% used [0x06e40000, 0x06e40000, 0x07280000)
 tenured generation   total 87424K, used 52727K [0x0f6a0000, 0x14c00000, 0x24c00000)
   the space 87424K,  60% used [0x0f6a0000, 0x12a1de50, 0x12a1e000, 0x14c00000)
 Metaspace       used 18988K, capacity 19460K, committed 19584K, reserved 19840K
Event: 186948.926 GC heap after
Heap after GC invocations=219 (full 1):
 def new generation   total 39424K, used 78K [0x04c00000, 0x076c0000, 0x0f6a0000)
  eden space 35072K,   0% used [0x04c00000, 0x04c00000, 0x06e40000)
  from space 4352K,   1% used [0x06e40000, 0x06e53b80, 0x07280000)
  to   space 4352K,   0% used [0x07280000, 0x07280000, 0x076c0000)
 tenured generation   total 87424K, used 52727K [0x0f6a0000, 0x14c00000, 0x24c00000)
   the space 87424K,  60% used [0x0f6a0000, 0x12a1de50, 0x12a1e000, 0x14c00000)
 Metaspace       used 18988K, capacity 19460K, committed 19584K, reserved 19840K
}
Event: 187850.529 GC heap before
{Heap before GC invocations=219 (full 1):
 def new generation   total 39424K, used 35150K [0x04c00000, 0x076c0000, 0x0f6a0000)
  eden space 35072K, 100% used [0x04c00000, 0x06e40000, 0x06e40000)
  from space 4352K,   1% used [0x06e40000, 0x06e53b80, 0x07280000)
  to   space 4352K,   0% used [0x07280000, 0x07280000, 0x076c0000)
 tenured generation   total 87424K, used 52727K [0x0f6a0000, 0x14c00000, 0x24c00000)
   the space 87424K,  60% used [0x0f6a0000, 0x12a1de50, 0x12a1e000, 0x14c00000)
 Metaspace       used 18988K, capacity 19460K, committed 19584K, reserved 19840K
Event: 187850.530 GC heap after
Heap after GC invocations=220 (full 1):
 def new generation   total 39424K, used 50K [0x04c00000, 0x076c0000, 0x0f6a0000)
  eden space 35072K,   0% used [0x04c00000, 0x04c00000, 0x06e40000)
  from space 4352K,   1% used [0x07280000, 0x0728c8f8, 0x076c0000)
  to   space 4352K,   0% used [0x06e40000, 0x06e40000, 0x07280000)
 tenured generation   total 87424K, used 52728K [0x0f6a0000, 0x14c00000, 0x24c00000)
   the space 87424K,  60% used [0x0f6a0000, 0x12a1e288, 0x12a1e400, 0x14c00000)
 Metaspace       used 18988K, capacity 19460K, committed 19584K, reserved 19840K
}
Event: 188335.845 GC heap before
{Heap before GC invocations=220 (full 1):
 def new generation   total 39424K, used 35122K [0x04c00000, 0x076c0000, 0x0f6a0000)
  eden space 35072K, 100% used [0x04c00000, 0x06e40000, 0x06e40000)
  from space 4352K,   1% used [0x07280000, 0x0728c8f8, 0x076c0000)
  to   space 4352K,   0% used [0x06e40000, 0x06e40000, 0x07280000)
 tenured generation   total 87424K, used 52728K [0x0f6a0000, 0x14c00000, 0x24c00000)
   the space 87424K,  60% used [0x0f6a0000, 0x12a1e288, 0x12a1e400, 0x14c00000)
 Metaspace       used 18988K, capacity 19460K, committed 19584K, reserved 19840K
Event: 188335.846 GC heap after
Heap after GC invocations=221 (full 1):
 def new generation   total 39424K, used 42K [0x04c00000, 0x076c0000, 0x0f6a0000)
  eden space 35072K,   0% used [0x04c00000, 0x04c00000, 0x06e40000)
  from space 4352K,   0% used [0x06e40000, 0x06e4a998, 0x07280000)
  to   space 4352K,   0% used [0x07280000, 0x07280000, 0x076c0000)
 tenured generation   total 87424K, used 52728K [0x0f6a0000, 0x14c00000, 0x24c00000)
   the space 87424K,  60% used [0x0f6a0000, 0x12a1e368, 0x12a1e400, 0x14c00000)
 Metaspace       used 18988K, capacity 19460K, committed 19584K, reserved 19840K
}
Event: 189144.476 GC heap before
{Heap before GC invocations=221 (full 1):
 def new generation   total 39424K, used 35114K [0x04c00000, 0x076c0000, 0x0f6a0000)
  eden space 35072K, 100% used [0x04c00000, 0x06e40000, 0x06e40000)
  from space 4352K,   0% used [0x06e40000, 0x06e4a998, 0x07280000)
  to   space 4352K,   0% used [0x07280000, 0x07280000, 0x076c0000)
 tenured generation   total 87424K, used 52728K [0x0f6a0000, 0x14c00000, 0x24c00000)
   the space 87424K,  60% used [0x0f6a0000, 0x12a1e368, 0x12a1e400, 0x14c00000)
 Metaspace       used 18988K, capacity 19460K, committed 19584K, reserved 19840K
Event: 189144.478 GC heap after
Heap after GC invocations=222 (full 1):
 def new generation   total 39424K, used 42K [0x04c00000, 0x076c0000, 0x0f6a0000)
  eden space 35072K,   0% used [0x04c00000, 0x04c00000, 0x06e40000)
  from space 4352K,   0% used [0x07280000, 0x0728ab58, 0x076c0000)
  to   space 4352K,   0% used [0x06e40000, 0x06e40000, 0x07280000)
 tenured generation   total 87424K, used 52728K [0x0f6a0000, 0x14c00000, 0x24c00000)
   the space 87424K,  60% used [0x0f6a0000, 0x12a1e368, 0x12a1e400, 0x14c00000)
 Metaspace       used 18988K, capacity 19460K, committed 19584K, reserved 19840K
}

