# JRE version: Java(TM) SE Runtime Environment (8.0_144-b01) (build 1.8.0_144-b01)
# Java VM: Java HotSpot(TM) Client VM (25.144-b01 mixed mode windows-x86 )
Heap:
 def new generation   total 39424K, used 19508K [0x04e00000, 0x078c0000, 0x0f8a0000)
  eden space 35072K,  55% used [0x04e00000, 0x060fe9e8, 0x07040000)
  from space 4352K,   1% used [0x07480000, 0x0748e878, 0x078c0000)
  to   space 4352K,   0% used [0x07040000, 0x07040000, 0x07480000)
 tenured generation   total 87424K, used 38674K [0x0f8a0000, 0x14e00000, 0x24e00000)
   the space 87424K,  44% used [0x0f8a0000, 0x11e64be8, 0x11e64c00, 0x14e00000)
 Metaspace       used 18742K, capacity 19213K, committed 19328K, reserved 19840K
GC Heap History (10 events):
Event: 167239.931 GC heap before
{Heap before GC invocations=171 (full 1):
 def new generation   total 39424K, used 35111K [0x04e00000, 0x078c0000, 0x0f8a0000)
  eden space 35072K, 100% used [0x04e00000, 0x07040000, 0x07040000)
  from space 4352K,   0% used [0x07040000, 0x07049da0, 0x07480000)
  to   space 4352K,   0% used [0x07480000, 0x07480000, 0x078c0000)
 tenured generation   total 87424K, used 38674K [0x0f8a0000, 0x14e00000, 0x24e00000)
   the space 87424K,  44% used [0x0f8a0000, 0x11e64be8, 0x11e64c00, 0x14e00000)
 Metaspace       used 18742K, capacity 19213K, committed 19328K, reserved 19840K
Event: 167239.933 GC heap after
Heap after GC invocations=172 (full 1):
 def new generation   total 39424K, used 70K [0x04e00000, 0x078c0000, 0x0f8a0000)
  eden space 35072K,   0% used [0x04e00000, 0x04e00000, 0x07040000)
  from space 4352K,   1% used [0x07480000, 0x07491b00, 0x078c0000)
  to   space 4352K,   0% used [0x07040000, 0x07040000, 0x07480000)
 tenured generation   total 87424K, used 38674K [0x0f8a0000, 0x14e00000, 0x24e00000)
   the space 87424K,  44% used [0x0f8a0000, 0x11e64be8, 0x11e64c00, 0x14e00000)
 Metaspace       used 18742K, capacity 19213K, committed 19328K, reserved 19840K
}
Event: 168378.905 GC heap before
{Heap before GC invocations=172 (full 1):
 def new generation   total 39424K, used 35142K [0x04e00000, 0x078c0000, 0x0f8a0000)
  eden space 35072K, 100% used [0x04e00000, 0x07040000, 0x07040000)
  from space 4352K,   1% used [0x07480000, 0x07491b00, 0x078c0000)
  to   space 4352K,   0% used [0x07040000, 0x07040000, 0x07480000)
 tenured generation   total 87424K, used 38674K [0x0f8a0000, 0x14e00000, 0x24e00000)
   the space 87424K,  44% used [0x0f8a0000, 0x11e64be8, 0x11e64c00, 0x14e00000)
 Metaspace       used 18742K, capacity 19213K, committed 19328K, reserved 19840K
Event: 168378.907 GC heap after
Heap after GC invocations=173 (full 1):
 def new generation   total 39424K, used 47K [0x04e00000, 0x078c0000, 0x0f8a0000)
  eden space 35072K,   0% used [0x04e00000, 0x04e00000, 0x07040000)
  from space 4352K,   1% used [0x07040000, 0x0704bdf8, 0x07480000)
  to   space 4352K,   0% used [0x07480000, 0x07480000, 0x078c0000)
 tenured generation   total 87424K, used 38674K [0x0f8a0000, 0x14e00000, 0x24e00000)
   the space 87424K,  44% used [0x0f8a0000, 0x11e64be8, 0x11e64c00, 0x14e00000)
 Metaspace       used 18742K, capacity 19213K, committed 19328K, reserved 19840K
}
Event: 169548.141 GC heap before
{Heap before GC invocations=173 (full 1):
 def new generation   total 39424K, used 35119K [0x04e00000, 0x078c0000, 0x0f8a0000)
  eden space 35072K, 100% used [0x04e00000, 0x07040000, 0x07040000)
  from space 4352K,   1% used [0x07040000, 0x0704bdf8, 0x07480000)
  to   space 4352K,   0% used [0x07480000, 0x07480000, 0x078c0000)
 tenured generation   total 87424K, used 38674K [0x0f8a0000, 0x14e00000, 0x24e00000)
   the space 87424K,  44% used [0x0f8a0000, 0x11e64be8, 0x11e64c00, 0x14e00000)
 Metaspace       used 18742K, capacity 19213K, committed 19328K, reserved 19840K
Event: 169548.143 GC heap after
Heap after GC invocations=174 (full 1):
 def new generation   total 39424K, used 49K [0x04e00000, 0x078c0000, 0x0f8a0000)
  eden space 35072K,   0% used [0x04e00000, 0x04e00000, 0x07040000)
  from space 4352K,   1% used [0x07480000, 0x0748c750, 0x078c0000)
  to   space 4352K,   0% used [0x07040000, 0x07040000, 0x07480000)
 tenured generation   total 87424K, used 38674K [0x0f8a0000, 0x14e00000, 0x24e00000)
   the space 87424K,  44% used [0x0f8a0000, 0x11e64be8, 0x11e64c00, 0x14e00000)
 Metaspace       used 18742K, capacity 19213K, committed 19328K, reserved 19840K
}
Event: 170498.307 GC heap before
{Heap before GC invocations=174 (full 1):
 def new generation   total 39424K, used 35121K [0x04e00000, 0x078c0000, 0x0f8a0000)
  eden space 35072K, 100% used [0x04e00000, 0x07040000, 0x07040000)
  from space 4352K,   1% used [0x07480000, 0x0748c750, 0x078c0000)
  to   space 4352K,   0% used [0x07040000, 0x07040000, 0x07480000)
 tenured generation   total 87424K, used 38674K [0x0f8a0000, 0x14e00000, 0x24e00000)
   the space 87424K,  44% used [0x0f8a0000, 0x11e64be8, 0x11e64c00, 0x14e00000)
 Metaspace       used 18742K, capacity 19213K, committed 19328K, reserved 19840K
Event: 170498.309 GC heap after
Heap after GC invocations=175 (full 1):
 def new generation   total 39424K, used 48K [0x04e00000, 0x078c0000, 0x0f8a0000)
  eden space 35072K,   0% used [0x04e00000, 0x04e00000, 0x07040000)
  from space 4352K,   1% used [0x07040000, 0x0704c1b0, 0x07480000)
  to   space 4352K,   0% used [0x07480000, 0x07480000, 0x078c0000)
 tenured generation   total 87424K, used 38674K [0x0f8a0000, 0x14e00000, 0x24e00000)
   the space 87424K,  44% used [0x0f8a0000, 0x11e64be8, 0x11e64c00, 0x14e00000)
 Metaspace       used 18742K, capacity 19213K, committed 19328K, reserved 19840K
}
Event: 171678.986 GC heap before
{Heap before GC invocations=175 (full 1):
 def new generation   total 39424K, used 35120K [0x04e00000, 0x078c0000, 0x0f8a0000)
  eden space 35072K, 100% used [0x04e00000, 0x07040000, 0x07040000)
  from space 4352K,   1% used [0x07040000, 0x0704c1b0, 0x07480000)
  to   space 4352K,   0% used [0x07480000, 0x07480000, 0x078c0000)
 tenured generation   total 87424K, used 38674K [0x0f8a0000, 0x14e00000, 0x24e00000)
   the space 87424K,  44% used [0x0f8a0000, 0x11e64be8, 0x11e64c00, 0x14e00000)
 Metaspace       used 18742K, capacity 19213K, committed 19328K, reserved 19840K
Event: 171678.988 GC heap after
Heap after GC invocations=176 (full 1):
 def new generation   total 39424K, used 58K [0x04e00000, 0x078c0000, 0x0f8a0000)
  eden space 35072K,   0% used [0x04e00000, 0x04e00000, 0x07040000)
  from space 4352K,   1% used [0x07480000, 0x0748e878, 0x078c0000)
  to   space 4352K,   0% used [0x07040000, 0x07040000, 0x07480000)
 tenured generation   total 87424K, used 38674K [0x0f8a0000, 0x14e00000, 0x24e00000)
   the space 87424K,  44% used [0x0f8a0000, 0x11e64be8, 0x11e64c00, 0x14e00000)
 Metaspace       used 18742K, capacity 19213K, committed 19328K, reserved 19840K
}

