# JRE version: Java(TM) SE Runtime Environment (8.0_144-b01) (build 1.8.0_144-b01)
# Java VM: Java HotSpot(TM) Client VM (25.144-b01 mixed mode windows-x86 )
Heap:
 def new generation   total 39424K, used 13554K [0x05200000, 0x07cc0000, 0x0fca0000)
  eden space 35072K,  38% used [0x05200000, 0x05f31ad8, 0x07440000)
  from space 4352K,   1% used [0x07440000, 0x0744aed8, 0x07880000)
  to   space 4352K,   0% used [0x07880000, 0x07880000, 0x07cc0000)
 tenured generation   total 87424K, used 34744K [0x0fca0000, 0x15200000, 0x25200000)
   the space 87424K,  39% used [0x0fca0000, 0x11e8e308, 0x11e8e400, 0x15200000)
 Metaspace       used 18880K, capacity 19354K, committed 19456K, reserved 19840K
GC Heap History (10 events):
Event: 185533.848 GC heap before
{Heap before GC invocations=262 (full 1):
 def new generation   total 39424K, used 36208K [0x05200000, 0x07cc0000, 0x0fca0000)
  eden space 35072K, 100% used [0x05200000, 0x07440000, 0x07440000)
  from space 4352K,  26% used [0x07880000, 0x0799c040, 0x07cc0000)
  to   space 4352K,   0% used [0x07440000, 0x07440000, 0x07880000)
 tenured generation   total 87424K, used 33670K [0x0fca0000, 0x15200000, 0x25200000)
   the space 87424K,  38% used [0x0fca0000, 0x11d819a0, 0x11d81a00, 0x15200000)
 Metaspace       used 18880K, capacity 19354K, committed 19456K, reserved 19840K
Event: 185533.850 GC heap after
Heap after GC invocations=263 (full 1):
 def new generation   total 39424K, used 1126K [0x05200000, 0x07cc0000, 0x0fca0000)
  eden space 35072K,   0% used [0x05200000, 0x05200000, 0x07440000)
  from space 4352K,  25% used [0x07440000, 0x07559b20, 0x07880000)
  to   space 4352K,   0% used [0x07880000, 0x07880000, 0x07cc0000)
 tenured generation   total 87424K, used 33670K [0x0fca0000, 0x15200000, 0x25200000)
   the space 87424K,  38% used [0x0fca0000, 0x11d819a0, 0x11d81a00, 0x15200000)
 Metaspace       used 18880K, capacity 19354K, committed 19456K, reserved 19840K
}
Event: 186340.410 GC heap before
{Heap before GC invocations=263 (full 1):
 def new generation   total 39424K, used 36198K [0x05200000, 0x07cc0000, 0x0fca0000)
  eden space 35072K, 100% used [0x05200000, 0x07440000, 0x07440000)
  from space 4352K,  25% used [0x07440000, 0x07559b20, 0x07880000)
  to   space 4352K,   0% used [0x07880000, 0x07880000, 0x07cc0000)
 tenured generation   total 87424K, used 33670K [0x0fca0000, 0x15200000, 0x25200000)
   the space 87424K,  38% used [0x0fca0000, 0x11d819a0, 0x11d81a00, 0x15200000)
 Metaspace       used 18880K, capacity 19354K, committed 19456K, reserved 19840K
Event: 186340.412 GC heap after
Heap after GC invocations=264 (full 1):
 def new generation   total 39424K, used 50K [0x05200000, 0x07cc0000, 0x0fca0000)
  eden space 35072K,   0% used [0x05200000, 0x05200000, 0x07440000)
  from space 4352K,   1% used [0x07880000, 0x0788c9d0, 0x07cc0000)
  to   space 4352K,   0% used [0x07440000, 0x07440000, 0x07880000)
 tenured generation   total 87424K, used 34734K [0x0fca0000, 0x15200000, 0x25200000)
   the space 87424K,  39% used [0x0fca0000, 0x11e8ba40, 0x11e8bc00, 0x15200000)
 Metaspace       used 18880K, capacity 19354K, committed 19456K, reserved 19840K
}
Event: 187336.260 GC heap before
{Heap before GC invocations=264 (full 1):
 def new generation   total 39424K, used 35122K [0x05200000, 0x07cc0000, 0x0fca0000)
  eden space 35072K, 100% used [0x05200000, 0x07440000, 0x07440000)
  from space 4352K,   1% used [0x07880000, 0x0788c9d0, 0x07cc0000)
  to   space 4352K,   0% used [0x07440000, 0x07440000, 0x07880000)
 tenured generation   total 87424K, used 34734K [0x0fca0000, 0x15200000, 0x25200000)
   the space 87424K,  39% used [0x0fca0000, 0x11e8ba40, 0x11e8bc00, 0x15200000)
 Metaspace       used 18880K, capacity 19354K, committed 19456K, reserved 19840K
Event: 187336.262 GC heap after
Heap after GC invocations=265 (full 1):
 def new generation   total 39424K, used 44K [0x05200000, 0x07cc0000, 0x0fca0000)
  eden space 35072K,   0% used [0x05200000, 0x05200000, 0x07440000)
  from space 4352K,   1% used [0x07440000, 0x0744b0a8, 0x07880000)
  to   space 4352K,   0% used [0x07880000, 0x07880000, 0x07cc0000)
 tenured generation   total 87424K, used 34735K [0x0fca0000, 0x15200000, 0x25200000)
   the space 87424K,  39% used [0x0fca0000, 0x11e8bc68, 0x11e8be00, 0x15200000)
 Metaspace       used 18880K, capacity 19354K, committed 19456K, reserved 19840K
}
Event: 187716.274 GC heap before
{Heap before GC invocations=265 (full 1):
 def new generation   total 39424K, used 35116K [0x05200000, 0x07cc0000, 0x0fca0000)
  eden space 35072K, 100% used [0x05200000, 0x07440000, 0x07440000)
  from space 4352K,   1% used [0x07440000, 0x0744b0a8, 0x07880000)
  to   space 4352K,   0% used [0x07880000, 0x07880000, 0x07cc0000)
 tenured generation   total 87424K, used 34735K [0x0fca0000, 0x15200000, 0x25200000)
   the space 87424K,  39% used [0x0fca0000, 0x11e8bc68, 0x11e8be00, 0x15200000)
 Metaspace       used 18880K, capacity 19354K, committed 19456K, reserved 19840K
Event: 187716.275 GC heap after
Heap after GC invocations=266 (full 1):
 def new generation   total 39424K, used 130K [0x05200000, 0x07cc0000, 0x0fca0000)
  eden space 35072K,   0% used [0x05200000, 0x05200000, 0x07440000)
  from space 4352K,   3% used [0x07880000, 0x078a0ae8, 0x07cc0000)
  to   space 4352K,   0% used [0x07440000, 0x07440000, 0x07880000)
 tenured generation   total 87424K, used 34744K [0x0fca0000, 0x15200000, 0x25200000)
   the space 87424K,  39% used [0x0fca0000, 0x11e8e308, 0x11e8e400, 0x15200000)
 Metaspace       used 18880K, capacity 19354K, committed 19456K, reserved 19840K
}
Event: 188792.362 GC heap before
{Heap before GC invocations=266 (full 1):
 def new generation   total 39424K, used 35202K [0x05200000, 0x07cc0000, 0x0fca0000)
  eden space 35072K, 100% used [0x05200000, 0x07440000, 0x07440000)
  from space 4352K,   3% used [0x07880000, 0x078a0ae8, 0x07cc0000)
  to   space 4352K,   0% used [0x07440000, 0x07440000, 0x07880000)
 tenured generation   total 87424K, used 34744K [0x0fca0000, 0x15200000, 0x25200000)
   the space 87424K,  39% used [0x0fca0000, 0x11e8e308, 0x11e8e400, 0x15200000)
 Metaspace       used 18880K, capacity 19354K, committed 19456K, reserved 19840K
Event: 188792.363 GC heap after
Heap after GC invocations=267 (full 1):
 def new generation   total 39424K, used 43K [0x05200000, 0x07cc0000, 0x0fca0000)
  eden space 35072K,   0% used [0x05200000, 0x05200000, 0x07440000)
  from space 4352K,   1% used [0x07440000, 0x0744aed8, 0x07880000)
  to   space 4352K,   0% used [0x07880000, 0x07880000, 0x07cc0000)
 tenured generation   total 87424K, used 34744K [0x0fca0000, 0x15200000, 0x25200000)
   the space 87424K,  39% used [0x0fca0000, 0x11e8e308, 0x11e8e400, 0x15200000)
 Metaspace       used 18880K, capacity 19354K, committed 19456K, reserved 19840K
}

