# JRE version: Java(TM) SE Runtime Environment (8.0_144-b01) (build 1.8.0_144-b01)
# Java VM: Java HotSpot(TM) Client VM (25.144-b01 mixed mode windows-x86 )
Heap:
 def new generation   total 39424K, used 15820K [0x05000000, 0x07ac0000, 0x0faa0000)
  eden space 35072K,  44% used [0x05000000, 0x05f52fc8, 0x07240000)
  from space 4352K,   2% used [0x07240000, 0x07260060, 0x07680000)
  to   space 4352K,   0% used [0x07680000, 0x07680000, 0x07ac0000)
 tenured generation   total 87424K, used 34339K [0x0faa0000, 0x15000000, 0x25000000)
   the space 87424K,  39% used [0x0faa0000, 0x11c28d10, 0x11c28e00, 0x15000000)
 Metaspace       used 18693K, capacity 19158K, committed 19200K, reserved 19840K
GC Heap History (10 events):
Event: 185225.622 GC heap before
{Heap before GC invocations=298 (full 1):
 def new generation   total 39424K, used 35271K [0x05000000, 0x07ac0000, 0x0faa0000)
  eden space 35072K, 100% used [0x05000000, 0x07240000, 0x07240000)
  from space 4352K,   4% used [0x07680000, 0x076b1e80, 0x07ac0000)
  to   space 4352K,   0% used [0x07240000, 0x07240000, 0x07680000)
 tenured generation   total 87424K, used 34333K [0x0faa0000, 0x15000000, 0x25000000)
   the space 87424K,  39% used [0x0faa0000, 0x11c276d8, 0x11c27800, 0x15000000)
 Metaspace       used 18693K, capacity 19158K, committed 19200K, reserved 19840K
Event: 185225.624 GC heap after
Heap after GC invocations=299 (full 1):
 def new generation   total 39424K, used 84K [0x05000000, 0x07ac0000, 0x0faa0000)
  eden space 35072K,   0% used [0x05000000, 0x05000000, 0x07240000)
  from space 4352K,   1% used [0x07240000, 0x07255158, 0x07680000)
  to   space 4352K,   0% used [0x07680000, 0x07680000, 0x07ac0000)
 tenured generation   total 87424K, used 34333K [0x0faa0000, 0x15000000, 0x25000000)
   the space 87424K,  39% used [0x0faa0000, 0x11c276d8, 0x11c27800, 0x15000000)
 Metaspace       used 18693K, capacity 19158K, committed 19200K, reserved 19840K
}
Event: 186026.363 GC heap before
{Heap before GC invocations=299 (full 1):
 def new generation   total 39424K, used 35156K [0x05000000, 0x07ac0000, 0x0faa0000)
  eden space 35072K, 100% used [0x05000000, 0x07240000, 0x07240000)
  from space 4352K,   1% used [0x07240000, 0x07255158, 0x07680000)
  to   space 4352K,   0% used [0x07680000, 0x07680000, 0x07ac0000)
 tenured generation   total 87424K, used 34333K [0x0faa0000, 0x15000000, 0x25000000)
   the space 87424K,  39% used [0x0faa0000, 0x11c276d8, 0x11c27800, 0x15000000)
 Metaspace       used 18693K, capacity 19158K, committed 19200K, reserved 19840K
Event: 186026.365 GC heap after
Heap after GC invocations=300 (full 1):
 def new generation   total 39424K, used 88K [0x05000000, 0x07ac0000, 0x0faa0000)
  eden space 35072K,   0% used [0x05000000, 0x05000000, 0x07240000)
  from space 4352K,   2% used [0x07680000, 0x076962b8, 0x07ac0000)
  to   space 4352K,   0% used [0x07240000, 0x07240000, 0x07680000)
 tenured generation   total 87424K, used 34333K [0x0faa0000, 0x15000000, 0x25000000)
   the space 87424K,  39% used [0x0faa0000, 0x11c276d8, 0x11c27800, 0x15000000)
 Metaspace       used 18693K, capacity 19158K, committed 19200K, reserved 19840K
}
Event: 186969.242 GC heap before
{Heap before GC invocations=300 (full 1):
 def new generation   total 39424K, used 35160K [0x05000000, 0x07ac0000, 0x0faa0000)
  eden space 35072K, 100% used [0x05000000, 0x07240000, 0x07240000)
  from space 4352K,   2% used [0x07680000, 0x076962b8, 0x07ac0000)
  to   space 4352K,   0% used [0x07240000, 0x07240000, 0x07680000)
 tenured generation   total 87424K, used 34333K [0x0faa0000, 0x15000000, 0x25000000)
   the space 87424K,  39% used [0x0faa0000, 0x11c276d8, 0x11c27800, 0x15000000)
 Metaspace       used 18693K, capacity 19158K, committed 19200K, reserved 19840K
Event: 186969.244 GC heap after
Heap after GC invocations=301 (full 1):
 def new generation   total 39424K, used 66K [0x05000000, 0x07ac0000, 0x0faa0000)
  eden space 35072K,   0% used [0x05000000, 0x05000000, 0x07240000)
  from space 4352K,   1% used [0x07240000, 0x07250848, 0x07680000)
  to   space 4352K,   0% used [0x07680000, 0x07680000, 0x07ac0000)
 tenured generation   total 87424K, used 34337K [0x0faa0000, 0x15000000, 0x25000000)
   the space 87424K,  39% used [0x0faa0000, 0x11c28420, 0x11c28600, 0x15000000)
 Metaspace       used 18693K, capacity 19158K, committed 19200K, reserved 19840K
}
Event: 187415.442 GC heap before
{Heap before GC invocations=301 (full 1):
 def new generation   total 39424K, used 35138K [0x05000000, 0x07ac0000, 0x0faa0000)
  eden space 35072K, 100% used [0x05000000, 0x07240000, 0x07240000)
  from space 4352K,   1% used [0x07240000, 0x07250848, 0x07680000)
  to   space 4352K,   0% used [0x07680000, 0x07680000, 0x07ac0000)
 tenured generation   total 87424K, used 34337K [0x0faa0000, 0x15000000, 0x25000000)
   the space 87424K,  39% used [0x0faa0000, 0x11c28420, 0x11c28600, 0x15000000)
 Metaspace       used 18693K, capacity 19158K, committed 19200K, reserved 19840K
Event: 187415.443 GC heap after
Heap after GC invocations=302 (full 1):
 def new generation   total 39424K, used 79K [0x05000000, 0x07ac0000, 0x0faa0000)
  eden space 35072K,   0% used [0x05000000, 0x05000000, 0x07240000)
  from space 4352K,   1% used [0x07680000, 0x07693c88, 0x07ac0000)
  to   space 4352K,   0% used [0x07240000, 0x07240000, 0x07680000)
 tenured generation   total 87424K, used 34339K [0x0faa0000, 0x15000000, 0x25000000)
   the space 87424K,  39% used [0x0faa0000, 0x11c28d10, 0x11c28e00, 0x15000000)
 Metaspace       used 18693K, capacity 19158K, committed 19200K, reserved 19840K
}
Event: 188278.620 GC heap before
{Heap before GC invocations=302 (full 1):
 def new generation   total 39424K, used 35151K [0x05000000, 0x07ac0000, 0x0faa0000)
  eden space 35072K, 100% used [0x05000000, 0x07240000, 0x07240000)
  from space 4352K,   1% used [0x07680000, 0x07693c88, 0x07ac0000)
  to   space 4352K,   0% used [0x07240000, 0x07240000, 0x07680000)
 tenured generation   total 87424K, used 34339K [0x0faa0000, 0x15000000, 0x25000000)
   the space 87424K,  39% used [0x0faa0000, 0x11c28d10, 0x11c28e00, 0x15000000)
 Metaspace       used 18693K, capacity 19158K, committed 19200K, reserved 19840K
Event: 188278.621 GC heap after
Heap after GC invocations=303 (full 1):
 def new generation   total 39424K, used 128K [0x05000000, 0x07ac0000, 0x0faa0000)
  eden space 35072K,   0% used [0x05000000, 0x05000000, 0x07240000)
  from space 4352K,   2% used [0x07240000, 0x07260060, 0x07680000)
  to   space 4352K,   0% used [0x07680000, 0x07680000, 0x07ac0000)
 tenured generation   total 87424K, used 34339K [0x0faa0000, 0x15000000, 0x25000000)
   the space 87424K,  39% used [0x0faa0000, 0x11c28d10, 0x11c28e00, 0x15000000)
 Metaspace       used 18693K, capacity 19158K, committed 19200K, reserved 19840K
}

