# JRE version: Java(TM) SE Runtime Environment (8.0_144-b01) (build 1.8.0_144-b01)
# Java VM: Java HotSpot(TM) Client VM (25.144-b01 mixed mode windows-x86 )
Heap:
 def new generation   total 39424K, used 8993K [0x04800000, 0x072c0000, 0x0f2a0000)
  eden space 35072K,  25% used [0x04800000, 0x050b8808, 0x06a40000)
  from space 4352K,   1% used [0x06e80000, 0x06e8fcc0, 0x072c0000)
  to   space 4352K,   0% used [0x06a40000, 0x06a40000, 0x06e80000)
 tenured generation   total 87424K, used 38586K [0x0f2a0000, 0x14800000, 0x24800000)
   the space 87424K,  44% used [0x0f2a0000, 0x1184ead8, 0x1184ec00, 0x14800000)
 Metaspace       used 18737K, capacity 19193K, committed 19328K, reserved 19840K
GC Heap History (10 events):
Event: 184498.745 GC heap before
{Heap before GC invocations=287 (full 1):
 def new generation   total 39424K, used 35157K [0x04800000, 0x072c0000, 0x0f2a0000)
  eden space 35072K, 100% used [0x04800000, 0x06a40000, 0x06a40000)
  from space 4352K,   1% used [0x06a40000, 0x06a555f8, 0x06e80000)
  to   space 4352K,   0% used [0x06e80000, 0x06e80000, 0x072c0000)
 tenured generation   total 87424K, used 38586K [0x0f2a0000, 0x14800000, 0x24800000)
   the space 87424K,  44% used [0x0f2a0000, 0x1184ead8, 0x1184ec00, 0x14800000)
 Metaspace       used 18737K, capacity 19193K, committed 19328K, reserved 19840K
Event: 184498.747 GC heap after
Heap after GC invocations=288 (full 1):
 def new generation   total 39424K, used 58K [0x04800000, 0x072c0000, 0x0f2a0000)
  eden space 35072K,   0% used [0x04800000, 0x04800000, 0x06a40000)
  from space 4352K,   1% used [0x06e80000, 0x06e8e950, 0x072c0000)
  to   space 4352K,   0% used [0x06a40000, 0x06a40000, 0x06e80000)
 tenured generation   total 87424K, used 38586K [0x0f2a0000, 0x14800000, 0x24800000)
   the space 87424K,  44% used [0x0f2a0000, 0x1184ead8, 0x1184ec00, 0x14800000)
 Metaspace       used 18737K, capacity 19193K, committed 19328K, reserved 19840K
}
Event: 185317.697 GC heap before
{Heap before GC invocations=288 (full 1):
 def new generation   total 39424K, used 35130K [0x04800000, 0x072c0000, 0x0f2a0000)
  eden space 35072K, 100% used [0x04800000, 0x06a40000, 0x06a40000)
  from space 4352K,   1% used [0x06e80000, 0x06e8e950, 0x072c0000)
  to   space 4352K,   0% used [0x06a40000, 0x06a40000, 0x06e80000)
 tenured generation   total 87424K, used 38586K [0x0f2a0000, 0x14800000, 0x24800000)
   the space 87424K,  44% used [0x0f2a0000, 0x1184ead8, 0x1184ec00, 0x14800000)
 Metaspace       used 18737K, capacity 19193K, committed 19328K, reserved 19840K
Event: 185317.699 GC heap after
Heap after GC invocations=289 (full 1):
 def new generation   total 39424K, used 118K [0x04800000, 0x072c0000, 0x0f2a0000)
  eden space 35072K,   0% used [0x04800000, 0x04800000, 0x06a40000)
  from space 4352K,   2% used [0x06a40000, 0x06a5d908, 0x06e80000)
  to   space 4352K,   0% used [0x06e80000, 0x06e80000, 0x072c0000)
 tenured generation   total 87424K, used 38586K [0x0f2a0000, 0x14800000, 0x24800000)
   the space 87424K,  44% used [0x0f2a0000, 0x1184ead8, 0x1184ec00, 0x14800000)
 Metaspace       used 18737K, capacity 19193K, committed 19328K, reserved 19840K
}
Event: 186149.930 GC heap before
{Heap before GC invocations=289 (full 1):
 def new generation   total 39424K, used 35190K [0x04800000, 0x072c0000, 0x0f2a0000)
  eden space 35072K, 100% used [0x04800000, 0x06a40000, 0x06a40000)
  from space 4352K,   2% used [0x06a40000, 0x06a5d908, 0x06e80000)
  to   space 4352K,   0% used [0x06e80000, 0x06e80000, 0x072c0000)
 tenured generation   total 87424K, used 38586K [0x0f2a0000, 0x14800000, 0x24800000)
   the space 87424K,  44% used [0x0f2a0000, 0x1184ead8, 0x1184ec00, 0x14800000)
 Metaspace       used 18737K, capacity 19193K, committed 19328K, reserved 19840K
Event: 186149.932 GC heap after
Heap after GC invocations=290 (full 1):
 def new generation   total 39424K, used 53K [0x04800000, 0x072c0000, 0x0f2a0000)
  eden space 35072K,   0% used [0x04800000, 0x04800000, 0x06a40000)
  from space 4352K,   1% used [0x06e80000, 0x06e8d480, 0x072c0000)
  to   space 4352K,   0% used [0x06a40000, 0x06a40000, 0x06e80000)
 tenured generation   total 87424K, used 38586K [0x0f2a0000, 0x14800000, 0x24800000)
   the space 87424K,  44% used [0x0f2a0000, 0x1184ead8, 0x1184ec00, 0x14800000)
 Metaspace       used 18737K, capacity 19193K, committed 19328K, reserved 19840K
}
Event: 187002.873 GC heap before
{Heap before GC invocations=290 (full 1):
 def new generation   total 39424K, used 35125K [0x04800000, 0x072c0000, 0x0f2a0000)
  eden space 35072K, 100% used [0x04800000, 0x06a40000, 0x06a40000)
  from space 4352K,   1% used [0x06e80000, 0x06e8d480, 0x072c0000)
  to   space 4352K,   0% used [0x06a40000, 0x06a40000, 0x06e80000)
 tenured generation   total 87424K, used 38586K [0x0f2a0000, 0x14800000, 0x24800000)
   the space 87424K,  44% used [0x0f2a0000, 0x1184ead8, 0x1184ec00, 0x14800000)
 Metaspace       used 18737K, capacity 19193K, committed 19328K, reserved 19840K
Event: 187002.875 GC heap after
Heap after GC invocations=291 (full 1):
 def new generation   total 39424K, used 43K [0x04800000, 0x072c0000, 0x0f2a0000)
  eden space 35072K,   0% used [0x04800000, 0x04800000, 0x06a40000)
  from space 4352K,   1% used [0x06a40000, 0x06a4aef0, 0x06e80000)
  to   space 4352K,   0% used [0x06e80000, 0x06e80000, 0x072c0000)
 tenured generation   total 87424K, used 38586K [0x0f2a0000, 0x14800000, 0x24800000)
   the space 87424K,  44% used [0x0f2a0000, 0x1184ead8, 0x1184ec00, 0x14800000)
 Metaspace       used 18737K, capacity 19193K, committed 19328K, reserved 19840K
}
Event: 187900.987 GC heap before
{Heap before GC invocations=291 (full 1):
 def new generation   total 39424K, used 35115K [0x04800000, 0x072c0000, 0x0f2a0000)
  eden space 35072K, 100% used [0x04800000, 0x06a40000, 0x06a40000)
  from space 4352K,   1% used [0x06a40000, 0x06a4aef0, 0x06e80000)
  to   space 4352K,   0% used [0x06e80000, 0x06e80000, 0x072c0000)
 tenured generation   total 87424K, used 38586K [0x0f2a0000, 0x14800000, 0x24800000)
   the space 87424K,  44% used [0x0f2a0000, 0x1184ead8, 0x1184ec00, 0x14800000)
 Metaspace       used 18737K, capacity 19193K, committed 19328K, reserved 19840K
Event: 187900.988 GC heap after
Heap after GC invocations=292 (full 1):
 def new generation   total 39424K, used 63K [0x04800000, 0x072c0000, 0x0f2a0000)
  eden space 35072K,   0% used [0x04800000, 0x04800000, 0x06a40000)
  from space 4352K,   1% used [0x06e80000, 0x06e8fcc0, 0x072c0000)
  to   space 4352K,   0% used [0x06a40000, 0x06a40000, 0x06e80000)
 tenured generation   total 87424K, used 38586K [0x0f2a0000, 0x14800000, 0x24800000)
   the space 87424K,  44% used [0x0f2a0000, 0x1184ead8, 0x1184ec00, 0x14800000)
 Metaspace       used 18737K, capacity 19193K, committed 19328K, reserved 19840K
}

