# JRE version: Java(TM) SE Runtime Environment (8.0_144-b01) (build 1.8.0_144-b01)
# Java VM: Java HotSpot(TM) Client VM (25.144-b01 mixed mode windows-x86 )
Heap:
 def new generation   total 39424K, used 4202K [0x04800000, 0x072c0000, 0x0f2a0000)
  eden space 35072K,  11% used [0x04800000, 0x04c00c58, 0x06a40000)
  from space 4352K,   2% used [0x06e80000, 0x06e99ca0, 0x072c0000)
  to   space 4352K,   0% used [0x06a40000, 0x06a40000, 0x06e80000)
 tenured generation   total 87424K, used 39042K [0x0f2a0000, 0x14800000, 0x24800000)
   the space 87424K,  44% used [0x0f2a0000, 0x118c0828, 0x118c0a00, 0x14800000)
 Metaspace       used 18680K, capacity 19126K, committed 19200K, reserved 19840K
GC Heap History (10 events):
Event: 185747.999 GC heap before
{Heap before GC invocations=299 (full 1):
 def new generation   total 39424K, used 35198K [0x04800000, 0x072c0000, 0x0f2a0000)
  eden space 35072K, 100% used [0x04800000, 0x06a40000, 0x06a40000)
  from space 4352K,   2% used [0x06a40000, 0x06a5f890, 0x06e80000)
  to   space 4352K,   0% used [0x06e80000, 0x06e80000, 0x072c0000)
 tenured generation   total 87424K, used 39036K [0x0f2a0000, 0x14800000, 0x24800000)
   the space 87424K,  44% used [0x0f2a0000, 0x118bf1f0, 0x118bf200, 0x14800000)
 Metaspace       used 18680K, capacity 19126K, committed 19200K, reserved 19840K
Event: 185748.001 GC heap after
Heap after GC invocations=300 (full 1):
 def new generation   total 39424K, used 143K [0x04800000, 0x072c0000, 0x0f2a0000)
  eden space 35072K,   0% used [0x04800000, 0x04800000, 0x06a40000)
  from space 4352K,   3% used [0x06e80000, 0x06ea3fc0, 0x072c0000)
  to   space 4352K,   0% used [0x06a40000, 0x06a40000, 0x06e80000)
 tenured generation   total 87424K, used 39036K [0x0f2a0000, 0x14800000, 0x24800000)
   the space 87424K,  44% used [0x0f2a0000, 0x118bf1f0, 0x118bf200, 0x14800000)
 Metaspace       used 18680K, capacity 19126K, committed 19200K, reserved 19840K
}
Event: 186594.981 GC heap before
{Heap before GC invocations=300 (full 1):
 def new generation   total 39424K, used 35215K [0x04800000, 0x072c0000, 0x0f2a0000)
  eden space 35072K, 100% used [0x04800000, 0x06a40000, 0x06a40000)
  from space 4352K,   3% used [0x06e80000, 0x06ea3fc0, 0x072c0000)
  to   space 4352K,   0% used [0x06a40000, 0x06a40000, 0x06e80000)
 tenured generation   total 87424K, used 39036K [0x0f2a0000, 0x14800000, 0x24800000)
   the space 87424K,  44% used [0x0f2a0000, 0x118bf1f0, 0x118bf200, 0x14800000)
 Metaspace       used 18680K, capacity 19126K, committed 19200K, reserved 19840K
Event: 186594.982 GC heap after
Heap after GC invocations=301 (full 1):
 def new generation   total 39424K, used 89K [0x04800000, 0x072c0000, 0x0f2a0000)
  eden space 35072K,   0% used [0x04800000, 0x04800000, 0x06a40000)
  from space 4352K,   2% used [0x06a40000, 0x06a56640, 0x06e80000)
  to   space 4352K,   0% used [0x06e80000, 0x06e80000, 0x072c0000)
 tenured generation   total 87424K, used 39036K [0x0f2a0000, 0x14800000, 0x24800000)
   the space 87424K,  44% used [0x0f2a0000, 0x118bf1f0, 0x118bf200, 0x14800000)
 Metaspace       used 18680K, capacity 19126K, committed 19200K, reserved 19840K
}
Event: 187397.126 GC heap before
{Heap before GC invocations=301 (full 1):
 def new generation   total 39424K, used 35161K [0x04800000, 0x072c0000, 0x0f2a0000)
  eden space 35072K, 100% used [0x04800000, 0x06a40000, 0x06a40000)
  from space 4352K,   2% used [0x06a40000, 0x06a56640, 0x06e80000)
  to   space 4352K,   0% used [0x06e80000, 0x06e80000, 0x072c0000)
 tenured generation   total 87424K, used 39036K [0x0f2a0000, 0x14800000, 0x24800000)
   the space 87424K,  44% used [0x0f2a0000, 0x118bf1f0, 0x118bf200, 0x14800000)
 Metaspace       used 18680K, capacity 19126K, committed 19200K, reserved 19840K
Event: 187397.128 GC heap after
Heap after GC invocations=302 (full 1):
 def new generation   total 39424K, used 91K [0x04800000, 0x072c0000, 0x0f2a0000)
  eden space 35072K,   0% used [0x04800000, 0x04800000, 0x06a40000)
  from space 4352K,   2% used [0x06e80000, 0x06e96ed8, 0x072c0000)
  to   space 4352K,   0% used [0x06a40000, 0x06a40000, 0x06e80000)
 tenured generation   total 87424K, used 39036K [0x0f2a0000, 0x14800000, 0x24800000)
   the space 87424K,  44% used [0x0f2a0000, 0x118bf1f0, 0x118bf200, 0x14800000)
 Metaspace       used 18680K, capacity 19126K, committed 19200K, reserved 19840K
}
Event: 188150.739 GC heap before
{Heap before GC invocations=302 (full 1):
 def new generation   total 39424K, used 35163K [0x04800000, 0x072c0000, 0x0f2a0000)
  eden space 35072K, 100% used [0x04800000, 0x06a40000, 0x06a40000)
  from space 4352K,   2% used [0x06e80000, 0x06e96ed8, 0x072c0000)
  to   space 4352K,   0% used [0x06a40000, 0x06a40000, 0x06e80000)
 tenured generation   total 87424K, used 39036K [0x0f2a0000, 0x14800000, 0x24800000)
   the space 87424K,  44% used [0x0f2a0000, 0x118bf1f0, 0x118bf200, 0x14800000)
 Metaspace       used 18680K, capacity 19126K, committed 19200K, reserved 19840K
Event: 188150.740 GC heap after
Heap after GC invocations=303 (full 1):
 def new generation   total 39424K, used 90K [0x04800000, 0x072c0000, 0x0f2a0000)
  eden space 35072K,   0% used [0x04800000, 0x04800000, 0x06a40000)
  from space 4352K,   2% used [0x06a40000, 0x06a56bf8, 0x06e80000)
  to   space 4352K,   0% used [0x06e80000, 0x06e80000, 0x072c0000)
 tenured generation   total 87424K, used 39039K [0x0f2a0000, 0x14800000, 0x24800000)
   the space 87424K,  44% used [0x0f2a0000, 0x118bff38, 0x118c0000, 0x14800000)
 Metaspace       used 18680K, capacity 19126K, committed 19200K, reserved 19840K
}
Event: 188739.272 GC heap before
{Heap before GC invocations=303 (full 1):
 def new generation   total 39424K, used 35162K [0x04800000, 0x072c0000, 0x0f2a0000)
  eden space 35072K, 100% used [0x04800000, 0x06a40000, 0x06a40000)
  from space 4352K,   2% used [0x06a40000, 0x06a56bf8, 0x06e80000)
  to   space 4352K,   0% used [0x06e80000, 0x06e80000, 0x072c0000)
 tenured generation   total 87424K, used 39039K [0x0f2a0000, 0x14800000, 0x24800000)
   the space 87424K,  44% used [0x0f2a0000, 0x118bff38, 0x118c0000, 0x14800000)
 Metaspace       used 18680K, capacity 19126K, committed 19200K, reserved 19840K
Event: 188739.273 GC heap after
Heap after GC invocations=304 (full 1):
 def new generation   total 39424K, used 103K [0x04800000, 0x072c0000, 0x0f2a0000)
  eden space 35072K,   0% used [0x04800000, 0x04800000, 0x06a40000)
  from space 4352K,   2% used [0x06e80000, 0x06e99ca0, 0x072c0000)
  to   space 4352K,   0% used [0x06a40000, 0x06a40000, 0x06e80000)
 tenured generation   total 87424K, used 39042K [0x0f2a0000, 0x14800000, 0x24800000)
   the space 87424K,  44% used [0x0f2a0000, 0x118c0828, 0x118c0a00, 0x14800000)
 Metaspace       used 18680K, capacity 19126K, committed 19200K, reserved 19840K
}

