# JRE version: Java(TM) SE Runtime Environment (8.0_144-b01) (build 1.8.0_144-b01)
# Java VM: Java HotSpot(TM) Client VM (25.144-b01 mixed mode windows-x86 )
Heap:
 def new generation   total 39424K, used 5803K [0x04a00000, 0x074c0000, 0x0f4a0000)
  eden space 35072K,  16% used [0x04a00000, 0x04f9bab0, 0x06c40000)
  from space 4352K,   1% used [0x06c40000, 0x06c4f198, 0x07080000)
  to   space 4352K,   0% used [0x07080000, 0x07080000, 0x074c0000)
 tenured generation   total 87424K, used 35605K [0x0f4a0000, 0x14a00000, 0x24a00000)
   the space 87424K,  40% used [0x0f4a0000, 0x117655b0, 0x11765600, 0x14a00000)
 Metaspace       used 18472K, capacity 18905K, committed 19072K, reserved 19840K
GC Heap History (10 events):
Event: 181938.911 GC heap before
{Heap before GC invocations=220 (full 2):
 def new generation   total 39424K, used 35166K [0x04a00000, 0x074c0000, 0x0f4a0000)
  eden space 35072K, 100% used [0x04a00000, 0x06c40000, 0x06c40000)
  from space 4352K,   2% used [0x07080000, 0x07097930, 0x074c0000)
  to   space 4352K,   0% used [0x06c40000, 0x06c40000, 0x07080000)
 tenured generation   total 87424K, used 35603K [0x0f4a0000, 0x14a00000, 0x24a00000)
   the space 87424K,  40% used [0x0f4a0000, 0x11764f48, 0x11765000, 0x14a00000)
 Metaspace       used 18472K, capacity 18905K, committed 19072K, reserved 19840K
Event: 181938.913 GC heap after
Heap after GC invocations=221 (full 2):
 def new generation   total 39424K, used 62K [0x04a00000, 0x074c0000, 0x0f4a0000)
  eden space 35072K,   0% used [0x04a00000, 0x04a00000, 0x06c40000)
  from space 4352K,   1% used [0x06c40000, 0x06c4f818, 0x07080000)
  to   space 4352K,   0% used [0x07080000, 0x07080000, 0x074c0000)
 tenured generation   total 87424K, used 35603K [0x0f4a0000, 0x14a00000, 0x24a00000)
   the space 87424K,  40% used [0x0f4a0000, 0x11764f48, 0x11765000, 0x14a00000)
 Metaspace       used 18472K, capacity 18905K, committed 19072K, reserved 19840K
}
Event: 182859.812 GC heap before
{Heap before GC invocations=221 (full 2):
 def new generation   total 39424K, used 35134K [0x04a00000, 0x074c0000, 0x0f4a0000)
  eden space 35072K, 100% used [0x04a00000, 0x06c40000, 0x06c40000)
  from space 4352K,   1% used [0x06c40000, 0x06c4f818, 0x07080000)
  to   space 4352K,   0% used [0x07080000, 0x07080000, 0x074c0000)
 tenured generation   total 87424K, used 35603K [0x0f4a0000, 0x14a00000, 0x24a00000)
   the space 87424K,  40% used [0x0f4a0000, 0x11764f48, 0x11765000, 0x14a00000)
 Metaspace       used 18472K, capacity 18905K, committed 19072K, reserved 19840K
Event: 182859.814 GC heap after
Heap after GC invocations=222 (full 2):
 def new generation   total 39424K, used 65K [0x04a00000, 0x074c0000, 0x0f4a0000)
  eden space 35072K,   0% used [0x04a00000, 0x04a00000, 0x06c40000)
  from space 4352K,   1% used [0x07080000, 0x070905d0, 0x074c0000)
  to   space 4352K,   0% used [0x06c40000, 0x06c40000, 0x07080000)
 tenured generation   total 87424K, used 35603K [0x0f4a0000, 0x14a00000, 0x24a00000)
   the space 87424K,  40% used [0x0f4a0000, 0x11764f48, 0x11765000, 0x14a00000)
 Metaspace       used 18472K, capacity 18905K, committed 19072K, reserved 19840K
}
Event: 183675.297 GC heap before
{Heap before GC invocations=222 (full 2):
 def new generation   total 39424K, used 35137K [0x04a00000, 0x074c0000, 0x0f4a0000)
  eden space 35072K, 100% used [0x04a00000, 0x06c40000, 0x06c40000)
  from space 4352K,   1% used [0x07080000, 0x070905d0, 0x074c0000)
  to   space 4352K,   0% used [0x06c40000, 0x06c40000, 0x07080000)
 tenured generation   total 87424K, used 35603K [0x0f4a0000, 0x14a00000, 0x24a00000)
   the space 87424K,  40% used [0x0f4a0000, 0x11764f48, 0x11765000, 0x14a00000)
 Metaspace       used 18472K, capacity 18905K, committed 19072K, reserved 19840K
Event: 183675.299 GC heap after
Heap after GC invocations=223 (full 2):
 def new generation   total 39424K, used 88K [0x04a00000, 0x074c0000, 0x0f4a0000)
  eden space 35072K,   0% used [0x04a00000, 0x04a00000, 0x06c40000)
  from space 4352K,   2% used [0x06c40000, 0x06c56110, 0x07080000)
  to   space 4352K,   0% used [0x07080000, 0x07080000, 0x074c0000)
 tenured generation   total 87424K, used 35603K [0x0f4a0000, 0x14a00000, 0x24a00000)
   the space 87424K,  40% used [0x0f4a0000, 0x11764f48, 0x11765000, 0x14a00000)
 Metaspace       used 18472K, capacity 18905K, committed 19072K, reserved 19840K
}
Event: 184222.253 GC heap before
{Heap before GC invocations=223 (full 2):
 def new generation   total 39424K, used 35160K [0x04a00000, 0x074c0000, 0x0f4a0000)
  eden space 35072K, 100% used [0x04a00000, 0x06c40000, 0x06c40000)
  from space 4352K,   2% used [0x06c40000, 0x06c56110, 0x07080000)
  to   space 4352K,   0% used [0x07080000, 0x07080000, 0x074c0000)
 tenured generation   total 87424K, used 35603K [0x0f4a0000, 0x14a00000, 0x24a00000)
   the space 87424K,  40% used [0x0f4a0000, 0x11764f48, 0x11765000, 0x14a00000)
 Metaspace       used 18472K, capacity 18905K, committed 19072K, reserved 19840K
Event: 184222.254 GC heap after
Heap after GC invocations=224 (full 2):
 def new generation   total 39424K, used 93K [0x04a00000, 0x074c0000, 0x0f4a0000)
  eden space 35072K,   0% used [0x04a00000, 0x04a00000, 0x06c40000)
  from space 4352K,   2% used [0x07080000, 0x070976b8, 0x074c0000)
  to   space 4352K,   0% used [0x06c40000, 0x06c40000, 0x07080000)
 tenured generation   total 87424K, used 35605K [0x0f4a0000, 0x14a00000, 0x24a00000)
   the space 87424K,  40% used [0x0f4a0000, 0x117655b0, 0x11765600, 0x14a00000)
 Metaspace       used 18472K, capacity 18905K, committed 19072K, reserved 19840K
}
Event: 185220.325 GC heap before
{Heap before GC invocations=224 (full 2):
 def new generation   total 39424K, used 35165K [0x04a00000, 0x074c0000, 0x0f4a0000)
  eden space 35072K, 100% used [0x04a00000, 0x06c40000, 0x06c40000)
  from space 4352K,   2% used [0x07080000, 0x070976b8, 0x074c0000)
  to   space 4352K,   0% used [0x06c40000, 0x06c40000, 0x07080000)
 tenured generation   total 87424K, used 35605K [0x0f4a0000, 0x14a00000, 0x24a00000)
   the space 87424K,  40% used [0x0f4a0000, 0x117655b0, 0x11765600, 0x14a00000)
 Metaspace       used 18472K, capacity 18905K, committed 19072K, reserved 19840K
Event: 185220.327 GC heap after
Heap after GC invocations=225 (full 2):
 def new generation   total 39424K, used 60K [0x04a00000, 0x074c0000, 0x0f4a0000)
  eden space 35072K,   0% used [0x04a00000, 0x04a00000, 0x06c40000)
  from space 4352K,   1% used [0x06c40000, 0x06c4f198, 0x07080000)
  to   space 4352K,   0% used [0x07080000, 0x07080000, 0x074c0000)
 tenured generation   total 87424K, used 35605K [0x0f4a0000, 0x14a00000, 0x24a00000)
   the space 87424K,  40% used [0x0f4a0000, 0x117655b0, 0x11765600, 0x14a00000)
 Metaspace       used 18472K, capacity 18905K, committed 19072K, reserved 19840K
}

