# JRE version: Java(TM) SE Runtime Environment (8.0_144-b01) (build 1.8.0_144-b01)
# Java VM: Java HotSpot(TM) Client VM (25.144-b01 mixed mode windows-x86 )
Heap:
 def new generation   total 39424K, used 18145K [0x05200000, 0x07cc0000, 0x0fca0000)
  eden space 35072K,  51% used [0x05200000, 0x06394138, 0x07440000)
  from space 4352K,   3% used [0x07440000, 0x07464478, 0x07880000)
  to   space 4352K,   0% used [0x07880000, 0x07880000, 0x07cc0000)
 tenured generation   total 87424K, used 59662K [0x0fca0000, 0x15200000, 0x25200000)
   the space 87424K,  68% used [0x0fca0000, 0x136e3a30, 0x136e3c00, 0x15200000)
 Metaspace       used 18982K, capacity 19430K, committed 19456K, reserved 19840K
GC Heap History (10 events):
Event: 186409.805 GC heap before
{Heap before GC invocations=260 (full 1):
 def new generation   total 39424K, used 35210K [0x05200000, 0x07cc0000, 0x0fca0000)
  eden space 35072K, 100% used [0x05200000, 0x07440000, 0x07440000)
  from space 4352K,   3% used [0x07880000, 0x078a2ae0, 0x07cc0000)
  to   space 4352K,   0% used [0x07440000, 0x07440000, 0x07880000)
 tenured generation   total 87424K, used 59662K [0x0fca0000, 0x15200000, 0x25200000)
   the space 87424K,  68% used [0x0fca0000, 0x136e38e8, 0x136e3a00, 0x15200000)
 Metaspace       used 18982K, capacity 19430K, committed 19456K, reserved 19840K
Event: 186409.806 GC heap after
Heap after GC invocations=261 (full 1):
 def new generation   total 39424K, used 66K [0x05200000, 0x07cc0000, 0x0fca0000)
  eden space 35072K,   0% used [0x05200000, 0x05200000, 0x07440000)
  from space 4352K,   1% used [0x07440000, 0x07450898, 0x07880000)
  to   space 4352K,   0% used [0x07880000, 0x07880000, 0x07cc0000)
 tenured generation   total 87424K, used 59662K [0x0fca0000, 0x15200000, 0x25200000)
   the space 87424K,  68% used [0x0fca0000, 0x136e38e8, 0x136e3a00, 0x15200000)
 Metaspace       used 18982K, capacity 19430K, committed 19456K, reserved 19840K
}
Event: 187148.597 GC heap before
{Heap before GC invocations=261 (full 1):
 def new generation   total 39424K, used 35138K [0x05200000, 0x07cc0000, 0x0fca0000)
  eden space 35072K, 100% used [0x05200000, 0x07440000, 0x07440000)
  from space 4352K,   1% used [0x07440000, 0x07450898, 0x07880000)
  to   space 4352K,   0% used [0x07880000, 0x07880000, 0x07cc0000)
 tenured generation   total 87424K, used 59662K [0x0fca0000, 0x15200000, 0x25200000)
   the space 87424K,  68% used [0x0fca0000, 0x136e38e8, 0x136e3a00, 0x15200000)
 Metaspace       used 18982K, capacity 19430K, committed 19456K, reserved 19840K
Event: 187148.598 GC heap after
Heap after GC invocations=262 (full 1):
 def new generation   total 39424K, used 67K [0x05200000, 0x07cc0000, 0x0fca0000)
  eden space 35072K,   0% used [0x05200000, 0x05200000, 0x07440000)
  from space 4352K,   1% used [0x07880000, 0x07890dd0, 0x07cc0000)
  to   space 4352K,   0% used [0x07440000, 0x07440000, 0x07880000)
 tenured generation   total 87424K, used 59662K [0x0fca0000, 0x15200000, 0x25200000)
   the space 87424K,  68% used [0x0fca0000, 0x136e3968, 0x136e3a00, 0x15200000)
 Metaspace       used 18982K, capacity 19430K, committed 19456K, reserved 19840K
}
Event: 187924.187 GC heap before
{Heap before GC invocations=262 (full 1):
 def new generation   total 39424K, used 35139K [0x05200000, 0x07cc0000, 0x0fca0000)
  eden space 35072K, 100% used [0x05200000, 0x07440000, 0x07440000)
  from space 4352K,   1% used [0x07880000, 0x07890dd0, 0x07cc0000)
  to   space 4352K,   0% used [0x07440000, 0x07440000, 0x07880000)
 tenured generation   total 87424K, used 59662K [0x0fca0000, 0x15200000, 0x25200000)
   the space 87424K,  68% used [0x0fca0000, 0x136e3968, 0x136e3a00, 0x15200000)
 Metaspace       used 18982K, capacity 19430K, committed 19456K, reserved 19840K
Event: 187924.188 GC heap after
Heap after GC invocations=263 (full 1):
 def new generation   total 39424K, used 62K [0x05200000, 0x07cc0000, 0x0fca0000)
  eden space 35072K,   0% used [0x05200000, 0x05200000, 0x07440000)
  from space 4352K,   1% used [0x07440000, 0x0744f968, 0x07880000)
  to   space 4352K,   0% used [0x07880000, 0x07880000, 0x07cc0000)
 tenured generation   total 87424K, used 59662K [0x0fca0000, 0x15200000, 0x25200000)
   the space 87424K,  68% used [0x0fca0000, 0x136e3968, 0x136e3a00, 0x15200000)
 Metaspace       used 18982K, capacity 19430K, committed 19456K, reserved 19840K
}
Event: 188665.229 GC heap before
{Heap before GC invocations=263 (full 1):
 def new generation   total 39424K, used 35134K [0x05200000, 0x07cc0000, 0x0fca0000)
  eden space 35072K, 100% used [0x05200000, 0x07440000, 0x07440000)
  from space 4352K,   1% used [0x07440000, 0x0744f968, 0x07880000)
  to   space 4352K,   0% used [0x07880000, 0x07880000, 0x07cc0000)
 tenured generation   total 87424K, used 59662K [0x0fca0000, 0x15200000, 0x25200000)
   the space 87424K,  68% used [0x0fca0000, 0x136e3968, 0x136e3a00, 0x15200000)
 Metaspace       used 18982K, capacity 19430K, committed 19456K, reserved 19840K
Event: 188665.230 GC heap after
Heap after GC invocations=264 (full 1):
 def new generation   total 39424K, used 57K [0x05200000, 0x07cc0000, 0x0fca0000)
  eden space 35072K,   0% used [0x05200000, 0x05200000, 0x07440000)
  from space 4352K,   1% used [0x07880000, 0x0788e670, 0x07cc0000)
  to   space 4352K,   0% used [0x07440000, 0x07440000, 0x07880000)
 tenured generation   total 87424K, used 59662K [0x0fca0000, 0x15200000, 0x25200000)
   the space 87424K,  68% used [0x0fca0000, 0x136e3968, 0x136e3a00, 0x15200000)
 Metaspace       used 18982K, capacity 19430K, committed 19456K, reserved 19840K
}
Event: 189335.264 GC heap before
{Heap before GC invocations=264 (full 1):
 def new generation   total 39424K, used 35129K [0x05200000, 0x07cc0000, 0x0fca0000)
  eden space 35072K, 100% used [0x05200000, 0x07440000, 0x07440000)
  from space 4352K,   1% used [0x07880000, 0x0788e670, 0x07cc0000)
  to   space 4352K,   0% used [0x07440000, 0x07440000, 0x07880000)
 tenured generation   total 87424K, used 59662K [0x0fca0000, 0x15200000, 0x25200000)
   the space 87424K,  68% used [0x0fca0000, 0x136e3968, 0x136e3a00, 0x15200000)
 Metaspace       used 18982K, capacity 19430K, committed 19456K, reserved 19840K
Event: 189335.265 GC heap after
Heap after GC invocations=265 (full 1):
 def new generation   total 39424K, used 145K [0x05200000, 0x07cc0000, 0x0fca0000)
  eden space 35072K,   0% used [0x05200000, 0x05200000, 0x07440000)
  from space 4352K,   3% used [0x07440000, 0x07464478, 0x07880000)
  to   space 4352K,   0% used [0x07880000, 0x07880000, 0x07cc0000)
 tenured generation   total 87424K, used 59662K [0x0fca0000, 0x15200000, 0x25200000)
   the space 87424K,  68% used [0x0fca0000, 0x136e3a30, 0x136e3c00, 0x15200000)
 Metaspace       used 18982K, capacity 19430K, committed 19456K, reserved 19840K
}

