# JRE version: Java(TM) SE Runtime Environment (8.0_144-b01) (build 1.8.0_144-b01)
# Java VM: Java HotSpot(TM) Client VM (25.144-b01 mixed mode windows-x86 )
Heap:
 def new generation   total 39424K, used 30040K [0x05000000, 0x07ac0000, 0x0faa0000)
  eden space 35072K,  85% used [0x05000000, 0x06d3ef38, 0x07240000)
  from space 4352K,   2% used [0x07240000, 0x07257430, 0x07680000)
  to   space 4352K,   0% used [0x07680000, 0x07680000, 0x07ac0000)
 tenured generation   total 87424K, used 38921K [0x0faa0000, 0x15000000, 0x25000000)
   the space 87424K,  44% used [0x0faa0000, 0x120a2750, 0x120a2800, 0x15000000)
 Metaspace       used 18714K, capacity 19164K, committed 19200K, reserved 19840K
GC Heap History (10 events):
Event: 184971.967 GC heap before
{Heap before GC invocations=298 (full 1):
 def new generation   total 39424K, used 35212K [0x05000000, 0x07ac0000, 0x0faa0000)
  eden space 35072K, 100% used [0x05000000, 0x07240000, 0x07240000)
  from space 4352K,   3% used [0x07680000, 0x076a3080, 0x07ac0000)
  to   space 4352K,   0% used [0x07240000, 0x07240000, 0x07680000)
 tenured generation   total 87424K, used 38916K [0x0faa0000, 0x15000000, 0x25000000)
   the space 87424K,  44% used [0x0faa0000, 0x120a1118, 0x120a1200, 0x15000000)
 Metaspace       used 18714K, capacity 19164K, committed 19200K, reserved 19840K
Event: 184971.969 GC heap after
Heap after GC invocations=299 (full 1):
 def new generation   total 39424K, used 189K [0x05000000, 0x07ac0000, 0x0faa0000)
  eden space 35072K,   0% used [0x05000000, 0x05000000, 0x07240000)
  from space 4352K,   4% used [0x07240000, 0x0726f5a8, 0x07680000)
  to   space 4352K,   0% used [0x07680000, 0x07680000, 0x07ac0000)
 tenured generation   total 87424K, used 38916K [0x0faa0000, 0x15000000, 0x25000000)
   the space 87424K,  44% used [0x0faa0000, 0x120a1118, 0x120a1200, 0x15000000)
 Metaspace       used 18714K, capacity 19164K, committed 19200K, reserved 19840K
}
Event: 185759.365 GC heap before
{Heap before GC invocations=299 (full 1):
 def new generation   total 39424K, used 35261K [0x05000000, 0x07ac0000, 0x0faa0000)
  eden space 35072K, 100% used [0x05000000, 0x07240000, 0x07240000)
  from space 4352K,   4% used [0x07240000, 0x0726f5a8, 0x07680000)
  to   space 4352K,   0% used [0x07680000, 0x07680000, 0x07ac0000)
 tenured generation   total 87424K, used 38916K [0x0faa0000, 0x15000000, 0x25000000)
   the space 87424K,  44% used [0x0faa0000, 0x120a1118, 0x120a1200, 0x15000000)
 Metaspace       used 18714K, capacity 19164K, committed 19200K, reserved 19840K
Event: 185759.366 GC heap after
Heap after GC invocations=300 (full 1):
 def new generation   total 39424K, used 83K [0x05000000, 0x07ac0000, 0x0faa0000)
  eden space 35072K,   0% used [0x05000000, 0x05000000, 0x07240000)
  from space 4352K,   1% used [0x07680000, 0x07694c40, 0x07ac0000)
  to   space 4352K,   0% used [0x07240000, 0x07240000, 0x07680000)
 tenured generation   total 87424K, used 38916K [0x0faa0000, 0x15000000, 0x25000000)
   the space 87424K,  44% used [0x0faa0000, 0x120a1118, 0x120a1200, 0x15000000)
 Metaspace       used 18714K, capacity 19164K, committed 19200K, reserved 19840K
}
Event: 186564.674 GC heap before
{Heap before GC invocations=300 (full 1):
 def new generation   total 39424K, used 35155K [0x05000000, 0x07ac0000, 0x0faa0000)
  eden space 35072K, 100% used [0x05000000, 0x07240000, 0x07240000)
  from space 4352K,   1% used [0x07680000, 0x07694c40, 0x07ac0000)
  to   space 4352K,   0% used [0x07240000, 0x07240000, 0x07680000)
 tenured generation   total 87424K, used 38916K [0x0faa0000, 0x15000000, 0x25000000)
   the space 87424K,  44% used [0x0faa0000, 0x120a1118, 0x120a1200, 0x15000000)
 Metaspace       used 18714K, capacity 19164K, committed 19200K, reserved 19840K
Event: 186564.675 GC heap after
Heap after GC invocations=301 (full 1):
 def new generation   total 39424K, used 112K [0x05000000, 0x07ac0000, 0x0faa0000)
  eden space 35072K,   0% used [0x05000000, 0x05000000, 0x07240000)
  from space 4352K,   2% used [0x07240000, 0x0725c238, 0x07680000)
  to   space 4352K,   0% used [0x07680000, 0x07680000, 0x07ac0000)
 tenured generation   total 87424K, used 38916K [0x0faa0000, 0x15000000, 0x25000000)
   the space 87424K,  44% used [0x0faa0000, 0x120a1118, 0x120a1200, 0x15000000)
 Metaspace       used 18714K, capacity 19164K, committed 19200K, reserved 19840K
}
Event: 187346.094 GC heap before
{Heap before GC invocations=301 (full 1):
 def new generation   total 39424K, used 35184K [0x05000000, 0x07ac0000, 0x0faa0000)
  eden space 35072K, 100% used [0x05000000, 0x07240000, 0x07240000)
  from space 4352K,   2% used [0x07240000, 0x0725c238, 0x07680000)
  to   space 4352K,   0% used [0x07680000, 0x07680000, 0x07ac0000)
 tenured generation   total 87424K, used 38916K [0x0faa0000, 0x15000000, 0x25000000)
   the space 87424K,  44% used [0x0faa0000, 0x120a1118, 0x120a1200, 0x15000000)
 Metaspace       used 18714K, capacity 19164K, committed 19200K, reserved 19840K
Event: 187346.096 GC heap after
Heap after GC invocations=302 (full 1):
 def new generation   total 39424K, used 89K [0x05000000, 0x07ac0000, 0x0faa0000)
  eden space 35072K,   0% used [0x05000000, 0x05000000, 0x07240000)
  from space 4352K,   2% used [0x07680000, 0x07696530, 0x07ac0000)
  to   space 4352K,   0% used [0x07240000, 0x07240000, 0x07680000)
 tenured generation   total 87424K, used 38919K [0x0faa0000, 0x15000000, 0x25000000)
   the space 87424K,  44% used [0x0faa0000, 0x120a1e60, 0x120a2000, 0x15000000)
 Metaspace       used 18714K, capacity 19164K, committed 19200K, reserved 19840K
}
Event: 187978.845 GC heap before
{Heap before GC invocations=302 (full 1):
 def new generation   total 39424K, used 35161K [0x05000000, 0x07ac0000, 0x0faa0000)
  eden space 35072K, 100% used [0x05000000, 0x07240000, 0x07240000)
  from space 4352K,   2% used [0x07680000, 0x07696530, 0x07ac0000)
  to   space 4352K,   0% used [0x07240000, 0x07240000, 0x07680000)
 tenured generation   total 87424K, used 38919K [0x0faa0000, 0x15000000, 0x25000000)
   the space 87424K,  44% used [0x0faa0000, 0x120a1e60, 0x120a2000, 0x15000000)
 Metaspace       used 18714K, capacity 19164K, committed 19200K, reserved 19840K
Event: 187978.846 GC heap after
Heap after GC invocations=303 (full 1):
 def new generation   total 39424K, used 93K [0x05000000, 0x07ac0000, 0x0faa0000)
  eden space 35072K,   0% used [0x05000000, 0x05000000, 0x07240000)
  from space 4352K,   2% used [0x07240000, 0x07257430, 0x07680000)
  to   space 4352K,   0% used [0x07680000, 0x07680000, 0x07ac0000)
 tenured generation   total 87424K, used 38921K [0x0faa0000, 0x15000000, 0x25000000)
   the space 87424K,  44% used [0x0faa0000, 0x120a2750, 0x120a2800, 0x15000000)
 Metaspace       used 18714K, capacity 19164K, committed 19200K, reserved 19840K
}

