# JRE version: Java(TM) SE Runtime Environment (8.0_144-b01) (build 1.8.0_144-b01)
# Java VM: Java HotSpot(TM) Client VM (25.144-b01 mixed mode windows-x86 )
Heap:
 def new generation   total 39424K, used 7712K [0x04e00000, 0x078c0000, 0x0f8a0000)
  eden space 35072K,  21% used [0x04e00000, 0x0557e1f0, 0x07040000)
  from space 4352K,   0% used [0x07040000, 0x0704a0e0, 0x07480000)
  to   space 4352K,   0% used [0x07480000, 0x07480000, 0x078c0000)
 tenured generation   total 87424K, used 40159K [0x0f8a0000, 0x14e00000, 0x24e00000)
   the space 87424K,  45% used [0x0f8a0000, 0x11fd7d58, 0x11fd7e00, 0x14e00000)
 Metaspace       used 18784K, capacity 19236K, committed 19328K, reserved 19840K
GC Heap History (10 events):
Event: 184490.730 GC heap before
{Heap before GC invocations=288 (full 1):
 def new generation   total 39424K, used 35164K [0x04e00000, 0x078c0000, 0x0f8a0000)
  eden space 35072K, 100% used [0x04e00000, 0x07040000, 0x07040000)
  from space 4352K,   2% used [0x07480000, 0x074973b8, 0x078c0000)
  to   space 4352K,   0% used [0x07040000, 0x07040000, 0x07480000)
 tenured generation   total 87424K, used 40159K [0x0f8a0000, 0x14e00000, 0x24e00000)
   the space 87424K,  45% used [0x0f8a0000, 0x11fd7d58, 0x11fd7e00, 0x14e00000)
 Metaspace       used 18784K, capacity 19236K, committed 19328K, reserved 19840K
Event: 184490.731 GC heap after
Heap after GC invocations=289 (full 1):
 def new generation   total 39424K, used 64K [0x04e00000, 0x078c0000, 0x0f8a0000)
  eden space 35072K,   0% used [0x04e00000, 0x04e00000, 0x07040000)
  from space 4352K,   1% used [0x07040000, 0x070500c8, 0x07480000)
  to   space 4352K,   0% used [0x07480000, 0x07480000, 0x078c0000)
 tenured generation   total 87424K, used 40159K [0x0f8a0000, 0x14e00000, 0x24e00000)
   the space 87424K,  45% used [0x0f8a0000, 0x11fd7d58, 0x11fd7e00, 0x14e00000)
 Metaspace       used 18784K, capacity 19236K, committed 19328K, reserved 19840K
}
Event: 185381.716 GC heap before
{Heap before GC invocations=289 (full 1):
 def new generation   total 39424K, used 35136K [0x04e00000, 0x078c0000, 0x0f8a0000)
  eden space 35072K, 100% used [0x04e00000, 0x07040000, 0x07040000)
  from space 4352K,   1% used [0x07040000, 0x070500c8, 0x07480000)
  to   space 4352K,   0% used [0x07480000, 0x07480000, 0x078c0000)
 tenured generation   total 87424K, used 40159K [0x0f8a0000, 0x14e00000, 0x24e00000)
   the space 87424K,  45% used [0x0f8a0000, 0x11fd7d58, 0x11fd7e00, 0x14e00000)
 Metaspace       used 18784K, capacity 19236K, committed 19328K, reserved 19840K
Event: 185381.717 GC heap after
Heap after GC invocations=290 (full 1):
 def new generation   total 39424K, used 56K [0x04e00000, 0x078c0000, 0x0f8a0000)
  eden space 35072K,   0% used [0x04e00000, 0x04e00000, 0x07040000)
  from space 4352K,   1% used [0x07480000, 0x0748e2a0, 0x078c0000)
  to   space 4352K,   0% used [0x07040000, 0x07040000, 0x07480000)
 tenured generation   total 87424K, used 40159K [0x0f8a0000, 0x14e00000, 0x24e00000)
   the space 87424K,  45% used [0x0f8a0000, 0x11fd7d58, 0x11fd7e00, 0x14e00000)
 Metaspace       used 18784K, capacity 19236K, committed 19328K, reserved 19840K
}
Event: 186201.564 GC heap before
{Heap before GC invocations=290 (full 1):
 def new generation   total 39424K, used 35128K [0x04e00000, 0x078c0000, 0x0f8a0000)
  eden space 35072K, 100% used [0x04e00000, 0x07040000, 0x07040000)
  from space 4352K,   1% used [0x07480000, 0x0748e2a0, 0x078c0000)
  to   space 4352K,   0% used [0x07040000, 0x07040000, 0x07480000)
 tenured generation   total 87424K, used 40159K [0x0f8a0000, 0x14e00000, 0x24e00000)
   the space 87424K,  45% used [0x0f8a0000, 0x11fd7d58, 0x11fd7e00, 0x14e00000)
 Metaspace       used 18784K, capacity 19236K, committed 19328K, reserved 19840K
Event: 186201.566 GC heap after
Heap after GC invocations=291 (full 1):
 def new generation   total 39424K, used 49K [0x04e00000, 0x078c0000, 0x0f8a0000)
  eden space 35072K,   0% used [0x04e00000, 0x04e00000, 0x07040000)
  from space 4352K,   1% used [0x07040000, 0x0704c420, 0x07480000)
  to   space 4352K,   0% used [0x07480000, 0x07480000, 0x078c0000)
 tenured generation   total 87424K, used 40159K [0x0f8a0000, 0x14e00000, 0x24e00000)
   the space 87424K,  45% used [0x0f8a0000, 0x11fd7d58, 0x11fd7e00, 0x14e00000)
 Metaspace       used 18784K, capacity 19236K, committed 19328K, reserved 19840K
}
Event: 187006.227 GC heap before
{Heap before GC invocations=291 (full 1):
 def new generation   total 39424K, used 35121K [0x04e00000, 0x078c0000, 0x0f8a0000)
  eden space 35072K, 100% used [0x04e00000, 0x07040000, 0x07040000)
  from space 4352K,   1% used [0x07040000, 0x0704c420, 0x07480000)
  to   space 4352K,   0% used [0x07480000, 0x07480000, 0x078c0000)
 tenured generation   total 87424K, used 40159K [0x0f8a0000, 0x14e00000, 0x24e00000)
   the space 87424K,  45% used [0x0f8a0000, 0x11fd7d58, 0x11fd7e00, 0x14e00000)
 Metaspace       used 18784K, capacity 19236K, committed 19328K, reserved 19840K
Event: 187006.228 GC heap after
Heap after GC invocations=292 (full 1):
 def new generation   total 39424K, used 53K [0x04e00000, 0x078c0000, 0x0f8a0000)
  eden space 35072K,   0% used [0x04e00000, 0x04e00000, 0x07040000)
  from space 4352K,   1% used [0x07480000, 0x0748d6c8, 0x078c0000)
  to   space 4352K,   0% used [0x07040000, 0x07040000, 0x07480000)
 tenured generation   total 87424K, used 40159K [0x0f8a0000, 0x14e00000, 0x24e00000)
   the space 87424K,  45% used [0x0f8a0000, 0x11fd7d58, 0x11fd7e00, 0x14e00000)
 Metaspace       used 18784K, capacity 19236K, committed 19328K, reserved 19840K
}
Event: 187902.914 GC heap before
{Heap before GC invocations=292 (full 1):
 def new generation   total 39424K, used 35125K [0x04e00000, 0x078c0000, 0x0f8a0000)
  eden space 35072K, 100% used [0x04e00000, 0x07040000, 0x07040000)
  from space 4352K,   1% used [0x07480000, 0x0748d6c8, 0x078c0000)
  to   space 4352K,   0% used [0x07040000, 0x07040000, 0x07480000)
 tenured generation   total 87424K, used 40159K [0x0f8a0000, 0x14e00000, 0x24e00000)
   the space 87424K,  45% used [0x0f8a0000, 0x11fd7d58, 0x11fd7e00, 0x14e00000)
 Metaspace       used 18784K, capacity 19236K, committed 19328K, reserved 19840K
Event: 187902.915 GC heap after
Heap after GC invocations=293 (full 1):
 def new generation   total 39424K, used 40K [0x04e00000, 0x078c0000, 0x0f8a0000)
  eden space 35072K,   0% used [0x04e00000, 0x04e00000, 0x07040000)
  from space 4352K,   0% used [0x07040000, 0x0704a0e0, 0x07480000)
  to   space 4352K,   0% used [0x07480000, 0x07480000, 0x078c0000)
 tenured generation   total 87424K, used 40159K [0x0f8a0000, 0x14e00000, 0x24e00000)
   the space 87424K,  45% used [0x0f8a0000, 0x11fd7d58, 0x11fd7e00, 0x14e00000)
 Metaspace       used 18784K, capacity 19236K, committed 19328K, reserved 19840K
}

