# JRE version: Java(TM) SE Runtime Environment (8.0_144-b01) (build 1.8.0_144-b01)
# Java VM: Java HotSpot(TM) Client VM (25.144-b01 mixed mode windows-x86 )
Heap:
 def new generation   total 39424K, used 17434K [0x04800000, 0x072c0000, 0x0f2a0000)
  eden space 35072K,  49% used [0x04800000, 0x058f7af0, 0x06a40000)
  from space 4352K,   1% used [0x06a40000, 0x06a4f0b8, 0x06e80000)
  to   space 4352K,   0% used [0x06e80000, 0x06e80000, 0x072c0000)
 tenured generation   total 87424K, used 66740K [0x0f2a0000, 0x14800000, 0x24800000)
   the space 87424K,  76% used [0x0f2a0000, 0x133cd058, 0x133cd200, 0x14800000)
 Metaspace       used 19008K, capacity 19458K, committed 19584K, reserved 19840K
GC Heap History (10 events):
Event: 186329.874 GC heap before
{Heap before GC invocations=260 (full 1):
 def new generation   total 39424K, used 35128K [0x04800000, 0x072c0000, 0x0f2a0000)
  eden space 35072K, 100% used [0x04800000, 0x06a40000, 0x06a40000)
  from space 4352K,   1% used [0x06e80000, 0x06e8e1c8, 0x072c0000)
  to   space 4352K,   0% used [0x06a40000, 0x06a40000, 0x06e80000)
 tenured generation   total 87424K, used 66739K [0x0f2a0000, 0x14800000, 0x24800000)
   the space 87424K,  76% used [0x0f2a0000, 0x133ccf10, 0x133cd000, 0x14800000)
 Metaspace       used 19008K, capacity 19458K, committed 19584K, reserved 19840K
Event: 186329.876 GC heap after
Heap after GC invocations=261 (full 1):
 def new generation   total 39424K, used 56K [0x04800000, 0x072c0000, 0x0f2a0000)
  eden space 35072K,   0% used [0x04800000, 0x04800000, 0x06a40000)
  from space 4352K,   1% used [0x06a40000, 0x06a4e2e0, 0x06e80000)
  to   space 4352K,   0% used [0x06e80000, 0x06e80000, 0x072c0000)
 tenured generation   total 87424K, used 66739K [0x0f2a0000, 0x14800000, 0x24800000)
   the space 87424K,  76% used [0x0f2a0000, 0x133ccf10, 0x133cd000, 0x14800000)
 Metaspace       used 19008K, capacity 19458K, committed 19584K, reserved 19840K
}
Event: 187163.240 GC heap before
{Heap before GC invocations=261 (full 1):
 def new generation   total 39424K, used 35128K [0x04800000, 0x072c0000, 0x0f2a0000)
  eden space 35072K, 100% used [0x04800000, 0x06a40000, 0x06a40000)
  from space 4352K,   1% used [0x06a40000, 0x06a4e2e0, 0x06e80000)
  to   space 4352K,   0% used [0x06e80000, 0x06e80000, 0x072c0000)
 tenured generation   total 87424K, used 66739K [0x0f2a0000, 0x14800000, 0x24800000)
   the space 87424K,  76% used [0x0f2a0000, 0x133ccf10, 0x133cd000, 0x14800000)
 Metaspace       used 19008K, capacity 19458K, committed 19584K, reserved 19840K
Event: 187163.242 GC heap after
Heap after GC invocations=262 (full 1):
 def new generation   total 39424K, used 48K [0x04800000, 0x072c0000, 0x0f2a0000)
  eden space 35072K,   0% used [0x04800000, 0x04800000, 0x06a40000)
  from space 4352K,   1% used [0x06e80000, 0x06e8c380, 0x072c0000)
  to   space 4352K,   0% used [0x06a40000, 0x06a40000, 0x06e80000)
 tenured generation   total 87424K, used 66739K [0x0f2a0000, 0x14800000, 0x24800000)
   the space 87424K,  76% used [0x0f2a0000, 0x133ccf90, 0x133cd000, 0x14800000)
 Metaspace       used 19008K, capacity 19458K, committed 19584K, reserved 19840K
}
Event: 187867.477 GC heap before
{Heap before GC invocations=262 (full 1):
 def new generation   total 39424K, used 35120K [0x04800000, 0x072c0000, 0x0f2a0000)
  eden space 35072K, 100% used [0x04800000, 0x06a40000, 0x06a40000)
  from space 4352K,   1% used [0x06e80000, 0x06e8c380, 0x072c0000)
  to   space 4352K,   0% used [0x06a40000, 0x06a40000, 0x06e80000)
 tenured generation   total 87424K, used 66739K [0x0f2a0000, 0x14800000, 0x24800000)
   the space 87424K,  76% used [0x0f2a0000, 0x133ccf90, 0x133cd000, 0x14800000)
 Metaspace       used 19008K, capacity 19458K, committed 19584K, reserved 19840K
Event: 187867.478 GC heap after
Heap after GC invocations=263 (full 1):
 def new generation   total 39424K, used 60K [0x04800000, 0x072c0000, 0x0f2a0000)
  eden space 35072K,   0% used [0x04800000, 0x04800000, 0x06a40000)
  from space 4352K,   1% used [0x06a40000, 0x06a4f258, 0x06e80000)
  to   space 4352K,   0% used [0x06e80000, 0x06e80000, 0x072c0000)
 tenured generation   total 87424K, used 66739K [0x0f2a0000, 0x14800000, 0x24800000)
   the space 87424K,  76% used [0x0f2a0000, 0x133ccf90, 0x133cd000, 0x14800000)
 Metaspace       used 19008K, capacity 19458K, committed 19584K, reserved 19840K
}
Event: 188589.428 GC heap before
{Heap before GC invocations=263 (full 1):
 def new generation   total 39424K, used 35132K [0x04800000, 0x072c0000, 0x0f2a0000)
  eden space 35072K, 100% used [0x04800000, 0x06a40000, 0x06a40000)
  from space 4352K,   1% used [0x06a40000, 0x06a4f258, 0x06e80000)
  to   space 4352K,   0% used [0x06e80000, 0x06e80000, 0x072c0000)
 tenured generation   total 87424K, used 66739K [0x0f2a0000, 0x14800000, 0x24800000)
   the space 87424K,  76% used [0x0f2a0000, 0x133ccf90, 0x133cd000, 0x14800000)
 Metaspace       used 19008K, capacity 19458K, committed 19584K, reserved 19840K
Event: 188589.429 GC heap after
Heap after GC invocations=264 (full 1):
 def new generation   total 39424K, used 111K [0x04800000, 0x072c0000, 0x0f2a0000)
  eden space 35072K,   0% used [0x04800000, 0x04800000, 0x06a40000)
  from space 4352K,   2% used [0x06e80000, 0x06e9bda8, 0x072c0000)
  to   space 4352K,   0% used [0x06a40000, 0x06a40000, 0x06e80000)
 tenured generation   total 87424K, used 66739K [0x0f2a0000, 0x14800000, 0x24800000)
   the space 87424K,  76% used [0x0f2a0000, 0x133ccf90, 0x133cd000, 0x14800000)
 Metaspace       used 19008K, capacity 19458K, committed 19584K, reserved 19840K
}
Event: 189253.814 GC heap before
{Heap before GC invocations=264 (full 1):
 def new generation   total 39424K, used 35183K [0x04800000, 0x072c0000, 0x0f2a0000)
  eden space 35072K, 100% used [0x04800000, 0x06a40000, 0x06a40000)
  from space 4352K,   2% used [0x06e80000, 0x06e9bda8, 0x072c0000)
  to   space 4352K,   0% used [0x06a40000, 0x06a40000, 0x06e80000)
 tenured generation   total 87424K, used 66739K [0x0f2a0000, 0x14800000, 0x24800000)
   the space 87424K,  76% used [0x0f2a0000, 0x133ccf90, 0x133cd000, 0x14800000)
 Metaspace       used 19008K, capacity 19458K, committed 19584K, reserved 19840K
Event: 189253.816 GC heap after
Heap after GC invocations=265 (full 1):
 def new generation   total 39424K, used 60K [0x04800000, 0x072c0000, 0x0f2a0000)
  eden space 35072K,   0% used [0x04800000, 0x04800000, 0x06a40000)
  from space 4352K,   1% used [0x06a40000, 0x06a4f0b8, 0x06e80000)
  to   space 4352K,   0% used [0x06e80000, 0x06e80000, 0x072c0000)
 tenured generation   total 87424K, used 66740K [0x0f2a0000, 0x14800000, 0x24800000)
   the space 87424K,  76% used [0x0f2a0000, 0x133cd058, 0x133cd200, 0x14800000)
 Metaspace       used 19008K, capacity 19458K, committed 19584K, reserved 19840K
}

