# JRE version: Java(TM) SE Runtime Environment (8.0_144-b01) (build 1.8.0_144-b01)
# Java VM: Java HotSpot(TM) Client VM (25.144-b01 mixed mode windows-x86 )
Heap:
 def new generation   total 39424K, used 18633K [0x04800000, 0x072c0000, 0x0f2a0000)
  eden space 35072K,  52% used [0x04800000, 0x05a210e0, 0x06a40000)
  from space 4352K,   1% used [0x06a40000, 0x06a51498, 0x06e80000)
  to   space 4352K,   0% used [0x06e80000, 0x06e80000, 0x072c0000)
 tenured generation   total 87424K, used 38797K [0x0f2a0000, 0x14800000, 0x24800000)
   the space 87424K,  44% used [0x0f2a0000, 0x11883478, 0x11883600, 0x14800000)
 Metaspace       used 18751K, capacity 19197K, committed 19200K, reserved 19840K
GC Heap History (10 events):
Event: 184237.535 GC heap before
{Heap before GC invocations=286 (full 1):
 def new generation   total 39424K, used 35138K [0x04800000, 0x072c0000, 0x0f2a0000)
  eden space 35072K, 100% used [0x04800000, 0x06a40000, 0x06a40000)
  from space 4352K,   1% used [0x06e80000, 0x06e90828, 0x072c0000)
  to   space 4352K,   0% used [0x06a40000, 0x06a40000, 0x06e80000)
 tenured generation   total 87424K, used 38797K [0x0f2a0000, 0x14800000, 0x24800000)
   the space 87424K,  44% used [0x0f2a0000, 0x11883478, 0x11883600, 0x14800000)
 Metaspace       used 18751K, capacity 19197K, committed 19200K, reserved 19840K
Event: 184237.537 GC heap after
Heap after GC invocations=287 (full 1):
 def new generation   total 39424K, used 81K [0x04800000, 0x072c0000, 0x0f2a0000)
  eden space 35072K,   0% used [0x04800000, 0x04800000, 0x06a40000)
  from space 4352K,   1% used [0x06a40000, 0x06a54418, 0x06e80000)
  to   space 4352K,   0% used [0x06e80000, 0x06e80000, 0x072c0000)
 tenured generation   total 87424K, used 38797K [0x0f2a0000, 0x14800000, 0x24800000)
   the space 87424K,  44% used [0x0f2a0000, 0x11883478, 0x11883600, 0x14800000)
 Metaspace       used 18751K, capacity 19197K, committed 19200K, reserved 19840K
}
Event: 185138.406 GC heap before
{Heap before GC invocations=287 (full 1):
 def new generation   total 39424K, used 35153K [0x04800000, 0x072c0000, 0x0f2a0000)
  eden space 35072K, 100% used [0x04800000, 0x06a40000, 0x06a40000)
  from space 4352K,   1% used [0x06a40000, 0x06a54418, 0x06e80000)
  to   space 4352K,   0% used [0x06e80000, 0x06e80000, 0x072c0000)
 tenured generation   total 87424K, used 38797K [0x0f2a0000, 0x14800000, 0x24800000)
   the space 87424K,  44% used [0x0f2a0000, 0x11883478, 0x11883600, 0x14800000)
 Metaspace       used 18751K, capacity 19197K, committed 19200K, reserved 19840K
Event: 185138.407 GC heap after
Heap after GC invocations=288 (full 1):
 def new generation   total 39424K, used 50K [0x04800000, 0x072c0000, 0x0f2a0000)
  eden space 35072K,   0% used [0x04800000, 0x04800000, 0x06a40000)
  from space 4352K,   1% used [0x06e80000, 0x06e8ca88, 0x072c0000)
  to   space 4352K,   0% used [0x06a40000, 0x06a40000, 0x06e80000)
 tenured generation   total 87424K, used 38797K [0x0f2a0000, 0x14800000, 0x24800000)
   the space 87424K,  44% used [0x0f2a0000, 0x11883478, 0x11883600, 0x14800000)
 Metaspace       used 18751K, capacity 19197K, committed 19200K, reserved 19840K
}
Event: 185946.105 GC heap before
{Heap before GC invocations=288 (full 1):
 def new generation   total 39424K, used 35122K [0x04800000, 0x072c0000, 0x0f2a0000)
  eden space 35072K, 100% used [0x04800000, 0x06a40000, 0x06a40000)
  from space 4352K,   1% used [0x06e80000, 0x06e8ca88, 0x072c0000)
  to   space 4352K,   0% used [0x06a40000, 0x06a40000, 0x06e80000)
 tenured generation   total 87424K, used 38797K [0x0f2a0000, 0x14800000, 0x24800000)
   the space 87424K,  44% used [0x0f2a0000, 0x11883478, 0x11883600, 0x14800000)
 Metaspace       used 18751K, capacity 19197K, committed 19200K, reserved 19840K
Event: 185946.107 GC heap after
Heap after GC invocations=289 (full 1):
 def new generation   total 39424K, used 59K [0x04800000, 0x072c0000, 0x0f2a0000)
  eden space 35072K,   0% used [0x04800000, 0x04800000, 0x06a40000)
  from space 4352K,   1% used [0x06a40000, 0x06a4eea0, 0x06e80000)
  to   space 4352K,   0% used [0x06e80000, 0x06e80000, 0x072c0000)
 tenured generation   total 87424K, used 38797K [0x0f2a0000, 0x14800000, 0x24800000)
   the space 87424K,  44% used [0x0f2a0000, 0x11883478, 0x11883600, 0x14800000)
 Metaspace       used 18751K, capacity 19197K, committed 19200K, reserved 19840K
}
Event: 186752.601 GC heap before
{Heap before GC invocations=289 (full 1):
 def new generation   total 39424K, used 35131K [0x04800000, 0x072c0000, 0x0f2a0000)
  eden space 35072K, 100% used [0x04800000, 0x06a40000, 0x06a40000)
  from space 4352K,   1% used [0x06a40000, 0x06a4eea0, 0x06e80000)
  to   space 4352K,   0% used [0x06e80000, 0x06e80000, 0x072c0000)
 tenured generation   total 87424K, used 38797K [0x0f2a0000, 0x14800000, 0x24800000)
   the space 87424K,  44% used [0x0f2a0000, 0x11883478, 0x11883600, 0x14800000)
 Metaspace       used 18751K, capacity 19197K, committed 19200K, reserved 19840K
Event: 186752.602 GC heap after
Heap after GC invocations=290 (full 1):
 def new generation   total 39424K, used 45K [0x04800000, 0x072c0000, 0x0f2a0000)
  eden space 35072K,   0% used [0x04800000, 0x04800000, 0x06a40000)
  from space 4352K,   1% used [0x06e80000, 0x06e8b468, 0x072c0000)
  to   space 4352K,   0% used [0x06a40000, 0x06a40000, 0x06e80000)
 tenured generation   total 87424K, used 38797K [0x0f2a0000, 0x14800000, 0x24800000)
   the space 87424K,  44% used [0x0f2a0000, 0x11883478, 0x11883600, 0x14800000)
 Metaspace       used 18751K, capacity 19197K, committed 19200K, reserved 19840K
}
Event: 187650.836 GC heap before
{Heap before GC invocations=290 (full 1):
 def new generation   total 39424K, used 35117K [0x04800000, 0x072c0000, 0x0f2a0000)
  eden space 35072K, 100% used [0x04800000, 0x06a40000, 0x06a40000)
  from space 4352K,   1% used [0x06e80000, 0x06e8b468, 0x072c0000)
  to   space 4352K,   0% used [0x06a40000, 0x06a40000, 0x06e80000)
 tenured generation   total 87424K, used 38797K [0x0f2a0000, 0x14800000, 0x24800000)
   the space 87424K,  44% used [0x0f2a0000, 0x11883478, 0x11883600, 0x14800000)
 Metaspace       used 18751K, capacity 19197K, committed 19200K, reserved 19840K
Event: 187650.838 GC heap after
Heap after GC invocations=291 (full 1):
 def new generation   total 39424K, used 69K [0x04800000, 0x072c0000, 0x0f2a0000)
  eden space 35072K,   0% used [0x04800000, 0x04800000, 0x06a40000)
  from space 4352K,   1% used [0x06a40000, 0x06a51498, 0x06e80000)
  to   space 4352K,   0% used [0x06e80000, 0x06e80000, 0x072c0000)
 tenured generation   total 87424K, used 38797K [0x0f2a0000, 0x14800000, 0x24800000)
   the space 87424K,  44% used [0x0f2a0000, 0x11883478, 0x11883600, 0x14800000)
 Metaspace       used 18751K, capacity 19197K, committed 19200K, reserved 19840K
}

