# JRE version: Java(TM) SE Runtime Environment (8.0_144-b01) (build 1.8.0_144-b01)
# Java VM: Java HotSpot(TM) Client VM (25.144-b01 mixed mode windows-x86 )
Heap:
 def new generation   total 39424K, used 25615K [0x04600000, 0x070c0000, 0x0f0a0000)
  eden space 35072K,  72% used [0x04600000, 0x05ef3460, 0x06840000)
  from space 4352K,   1% used [0x06840000, 0x068507e8, 0x06c80000)
  to   space 4352K,   0% used [0x06c80000, 0x06c80000, 0x070c0000)
 tenured generation   total 87424K, used 34718K [0x0f0a0000, 0x14600000, 0x24600000)
   the space 87424K,  39% used [0x0f0a0000, 0x11287b78, 0x11287c00, 0x14600000)
 Metaspace       used 18881K, capacity 19350K, committed 19456K, reserved 19840K
GC Heap History (10 events):
Event: 185924.369 GC heap before
{Heap before GC invocations=262 (full 1):
 def new generation   total 39424K, used 36195K [0x04600000, 0x070c0000, 0x0f0a0000)
  eden space 35072K, 100% used [0x04600000, 0x06840000, 0x06840000)
  from space 4352K,  25% used [0x06c80000, 0x06d98c00, 0x070c0000)
  to   space 4352K,   0% used [0x06840000, 0x06840000, 0x06c80000)
 tenured generation   total 87424K, used 33641K [0x0f0a0000, 0x14600000, 0x24600000)
   the space 87424K,  38% used [0x0f0a0000, 0x1117a710, 0x1117a800, 0x14600000)
 Metaspace       used 18881K, capacity 19350K, committed 19456K, reserved 19840K
Event: 185924.371 GC heap after
Heap after GC invocations=263 (full 1):
 def new generation   total 39424K, used 57K [0x04600000, 0x070c0000, 0x0f0a0000)
  eden space 35072K,   0% used [0x04600000, 0x04600000, 0x06840000)
  from space 4352K,   1% used [0x06840000, 0x0684e430, 0x06c80000)
  to   space 4352K,   0% used [0x06c80000, 0x06c80000, 0x070c0000)
 tenured generation   total 87424K, used 34708K [0x0f0a0000, 0x14600000, 0x24600000)
   the space 87424K,  39% used [0x0f0a0000, 0x112852d8, 0x11285400, 0x14600000)
 Metaspace       used 18881K, capacity 19350K, committed 19456K, reserved 19840K
}
Event: 186929.150 GC heap before
{Heap before GC invocations=263 (full 1):
 def new generation   total 39424K, used 35129K [0x04600000, 0x070c0000, 0x0f0a0000)
  eden space 35072K, 100% used [0x04600000, 0x06840000, 0x06840000)
  from space 4352K,   1% used [0x06840000, 0x0684e430, 0x06c80000)
  to   space 4352K,   0% used [0x06c80000, 0x06c80000, 0x070c0000)
 tenured generation   total 87424K, used 34708K [0x0f0a0000, 0x14600000, 0x24600000)
   the space 87424K,  39% used [0x0f0a0000, 0x112852d8, 0x11285400, 0x14600000)
 Metaspace       used 18881K, capacity 19350K, committed 19456K, reserved 19840K
Event: 186929.151 GC heap after
Heap after GC invocations=264 (full 1):
 def new generation   total 39424K, used 74K [0x04600000, 0x070c0000, 0x0f0a0000)
  eden space 35072K,   0% used [0x04600000, 0x04600000, 0x06840000)
  from space 4352K,   1% used [0x06c80000, 0x06c92b90, 0x070c0000)
  to   space 4352K,   0% used [0x06840000, 0x06840000, 0x06c80000)
 tenured generation   total 87424K, used 34709K [0x0f0a0000, 0x14600000, 0x24600000)
   the space 87424K,  39% used [0x0f0a0000, 0x112854d8, 0x11285600, 0x14600000)
 Metaspace       used 18881K, capacity 19350K, committed 19456K, reserved 19840K
}
Event: 187250.096 GC heap before
{Heap before GC invocations=264 (full 1):
 def new generation   total 39424K, used 35146K [0x04600000, 0x070c0000, 0x0f0a0000)
  eden space 35072K, 100% used [0x04600000, 0x06840000, 0x06840000)
  from space 4352K,   1% used [0x06c80000, 0x06c92b90, 0x070c0000)
  to   space 4352K,   0% used [0x06840000, 0x06840000, 0x06c80000)
 tenured generation   total 87424K, used 34709K [0x0f0a0000, 0x14600000, 0x24600000)
   the space 87424K,  39% used [0x0f0a0000, 0x112854d8, 0x11285600, 0x14600000)
 Metaspace       used 18881K, capacity 19350K, committed 19456K, reserved 19840K
Event: 187250.098 GC heap after
Heap after GC invocations=265 (full 1):
 def new generation   total 39424K, used 120K [0x04600000, 0x070c0000, 0x0f0a0000)
  eden space 35072K,   0% used [0x04600000, 0x04600000, 0x06840000)
  from space 4352K,   2% used [0x06840000, 0x0685e368, 0x06c80000)
  to   space 4352K,   0% used [0x06c80000, 0x06c80000, 0x070c0000)
 tenured generation   total 87424K, used 34718K [0x0f0a0000, 0x14600000, 0x24600000)
   the space 87424K,  39% used [0x0f0a0000, 0x11287b78, 0x11287c00, 0x14600000)
 Metaspace       used 18881K, capacity 19350K, committed 19456K, reserved 19840K
}
Event: 188428.143 GC heap before
{Heap before GC invocations=265 (full 1):
 def new generation   total 39424K, used 35192K [0x04600000, 0x070c0000, 0x0f0a0000)
  eden space 35072K, 100% used [0x04600000, 0x06840000, 0x06840000)
  from space 4352K,   2% used [0x06840000, 0x0685e368, 0x06c80000)
  to   space 4352K,   0% used [0x06c80000, 0x06c80000, 0x070c0000)
 tenured generation   total 87424K, used 34718K [0x0f0a0000, 0x14600000, 0x24600000)
   the space 87424K,  39% used [0x0f0a0000, 0x11287b78, 0x11287c00, 0x14600000)
 Metaspace       used 18881K, capacity 19350K, committed 19456K, reserved 19840K
Event: 188428.145 GC heap after
Heap after GC invocations=266 (full 1):
 def new generation   total 39424K, used 48K [0x04600000, 0x070c0000, 0x0f0a0000)
  eden space 35072K,   0% used [0x04600000, 0x04600000, 0x06840000)
  from space 4352K,   1% used [0x06c80000, 0x06c8c088, 0x070c0000)
  to   space 4352K,   0% used [0x06840000, 0x06840000, 0x06c80000)
 tenured generation   total 87424K, used 34718K [0x0f0a0000, 0x14600000, 0x24600000)
   the space 87424K,  39% used [0x0f0a0000, 0x11287b78, 0x11287c00, 0x14600000)
 Metaspace       used 18881K, capacity 19350K, committed 19456K, reserved 19840K
}
Event: 189150.461 GC heap before
{Heap before GC invocations=266 (full 1):
 def new generation   total 39424K, used 35120K [0x04600000, 0x070c0000, 0x0f0a0000)
  eden space 35072K, 100% used [0x04600000, 0x06840000, 0x06840000)
  from space 4352K,   1% used [0x06c80000, 0x06c8c088, 0x070c0000)
  to   space 4352K,   0% used [0x06840000, 0x06840000, 0x06c80000)
 tenured generation   total 87424K, used 34718K [0x0f0a0000, 0x14600000, 0x24600000)
   the space 87424K,  39% used [0x0f0a0000, 0x11287b78, 0x11287c00, 0x14600000)
 Metaspace       used 18881K, capacity 19350K, committed 19456K, reserved 19840K
Event: 189150.462 GC heap after
Heap after GC invocations=267 (full 1):
 def new generation   total 39424K, used 65K [0x04600000, 0x070c0000, 0x0f0a0000)
  eden space 35072K,   0% used [0x04600000, 0x04600000, 0x06840000)
  from space 4352K,   1% used [0x06840000, 0x068507e8, 0x06c80000)
  to   space 4352K,   0% used [0x06c80000, 0x06c80000, 0x070c0000)
 tenured generation   total 87424K, used 34718K [0x0f0a0000, 0x14600000, 0x24600000)
   the space 87424K,  39% used [0x0f0a0000, 0x11287b78, 0x11287c00, 0x14600000)
 Metaspace       used 18881K, capacity 19350K, committed 19456K, reserved 19840K
}

