# JRE version: Java(TM) SE Runtime Environment (8.0_144-b01) (build 1.8.0_144-b01)
# Java VM: Java HotSpot(TM) Client VM (25.144-b01 mixed mode windows-x86 )
Heap:
 def new generation   total 39424K, used 25185K [0x04800000, 0x072c0000, 0x0f2a0000)
  eden space 35072K,  71% used [0x04800000, 0x0607b7a0, 0x06a40000)
  from space 4352K,   2% used [0x06a40000, 0x06a5cf18, 0x06e80000)
  to   space 4352K,   0% used [0x06e80000, 0x06e80000, 0x072c0000)
 tenured generation   total 87424K, used 35087K [0x0f2a0000, 0x14800000, 0x24800000)
   the space 87424K,  40% used [0x0f2a0000, 0x114e3ed8, 0x114e4000, 0x14800000)
 Metaspace       used 18699K, capacity 19158K, committed 19200K, reserved 19840K
GC Heap History (10 events):
Event: 185203.119 GC heap before
{Heap before GC invocations=298 (full 1):
 def new generation   total 39424K, used 35191K [0x04800000, 0x072c0000, 0x0f2a0000)
  eden space 35072K, 100% used [0x04800000, 0x06a40000, 0x06a40000)
  from space 4352K,   2% used [0x06e80000, 0x06e9dc48, 0x072c0000)
  to   space 4352K,   0% used [0x06a40000, 0x06a40000, 0x06e80000)
 tenured generation   total 87424K, used 35084K [0x0f2a0000, 0x14800000, 0x24800000)
   the space 87424K,  40% used [0x0f2a0000, 0x114e3190, 0x114e3200, 0x14800000)
 Metaspace       used 18699K, capacity 19158K, committed 19200K, reserved 19840K
Event: 185203.121 GC heap after
Heap after GC invocations=299 (full 1):
 def new generation   total 39424K, used 203K [0x04800000, 0x072c0000, 0x0f2a0000)
  eden space 35072K,   0% used [0x04800000, 0x04800000, 0x06a40000)
  from space 4352K,   4% used [0x06a40000, 0x06a72d08, 0x06e80000)
  to   space 4352K,   0% used [0x06e80000, 0x06e80000, 0x072c0000)
 tenured generation   total 87424K, used 35084K [0x0f2a0000, 0x14800000, 0x24800000)
   the space 87424K,  40% used [0x0f2a0000, 0x114e3190, 0x114e3200, 0x14800000)
 Metaspace       used 18699K, capacity 19158K, committed 19200K, reserved 19840K
}
Event: 185894.624 GC heap before
{Heap before GC invocations=299 (full 1):
 def new generation   total 39424K, used 35275K [0x04800000, 0x072c0000, 0x0f2a0000)
  eden space 35072K, 100% used [0x04800000, 0x06a40000, 0x06a40000)
  from space 4352K,   4% used [0x06a40000, 0x06a72d08, 0x06e80000)
  to   space 4352K,   0% used [0x06e80000, 0x06e80000, 0x072c0000)
 tenured generation   total 87424K, used 35084K [0x0f2a0000, 0x14800000, 0x24800000)
   the space 87424K,  40% used [0x0f2a0000, 0x114e3190, 0x114e3200, 0x14800000)
 Metaspace       used 18699K, capacity 19158K, committed 19200K, reserved 19840K
Event: 185894.626 GC heap after
Heap after GC invocations=300 (full 1):
 def new generation   total 39424K, used 90K [0x04800000, 0x072c0000, 0x0f2a0000)
  eden space 35072K,   0% used [0x04800000, 0x04800000, 0x06a40000)
  from space 4352K,   2% used [0x06e80000, 0x06e96bb0, 0x072c0000)
  to   space 4352K,   0% used [0x06a40000, 0x06a40000, 0x06e80000)
 tenured generation   total 87424K, used 35084K [0x0f2a0000, 0x14800000, 0x24800000)
   the space 87424K,  40% used [0x0f2a0000, 0x114e3190, 0x114e3200, 0x14800000)
 Metaspace       used 18699K, capacity 19158K, committed 19200K, reserved 19840K
}
Event: 186678.552 GC heap before
{Heap before GC invocations=300 (full 1):
 def new generation   total 39424K, used 35162K [0x04800000, 0x072c0000, 0x0f2a0000)
  eden space 35072K, 100% used [0x04800000, 0x06a40000, 0x06a40000)
  from space 4352K,   2% used [0x06e80000, 0x06e96bb0, 0x072c0000)
  to   space 4352K,   0% used [0x06a40000, 0x06a40000, 0x06e80000)
 tenured generation   total 87424K, used 35084K [0x0f2a0000, 0x14800000, 0x24800000)
   the space 87424K,  40% used [0x0f2a0000, 0x114e3190, 0x114e3200, 0x14800000)
 Metaspace       used 18699K, capacity 19158K, committed 19200K, reserved 19840K
Event: 186678.553 GC heap after
Heap after GC invocations=301 (full 1):
 def new generation   total 39424K, used 77K [0x04800000, 0x072c0000, 0x0f2a0000)
  eden space 35072K,   0% used [0x04800000, 0x04800000, 0x06a40000)
  from space 4352K,   1% used [0x06a40000, 0x06a53570, 0x06e80000)
  to   space 4352K,   0% used [0x06e80000, 0x06e80000, 0x072c0000)
 tenured generation   total 87424K, used 35084K [0x0f2a0000, 0x14800000, 0x24800000)
   the space 87424K,  40% used [0x0f2a0000, 0x114e3190, 0x114e3200, 0x14800000)
 Metaspace       used 18699K, capacity 19158K, committed 19200K, reserved 19840K
}
Event: 187569.445 GC heap before
{Heap before GC invocations=301 (full 1):
 def new generation   total 39424K, used 35149K [0x04800000, 0x072c0000, 0x0f2a0000)
  eden space 35072K, 100% used [0x04800000, 0x06a40000, 0x06a40000)
  from space 4352K,   1% used [0x06a40000, 0x06a53570, 0x06e80000)
  to   space 4352K,   0% used [0x06e80000, 0x06e80000, 0x072c0000)
 tenured generation   total 87424K, used 35084K [0x0f2a0000, 0x14800000, 0x24800000)
   the space 87424K,  40% used [0x0f2a0000, 0x114e3190, 0x114e3200, 0x14800000)
 Metaspace       used 18699K, capacity 19158K, committed 19200K, reserved 19840K
Event: 187569.447 GC heap after
Heap after GC invocations=302 (full 1):
 def new generation   total 39424K, used 71K [0x04800000, 0x072c0000, 0x0f2a0000)
  eden space 35072K,   0% used [0x04800000, 0x04800000, 0x06a40000)
  from space 4352K,   1% used [0x06e80000, 0x06e91d18, 0x072c0000)
  to   space 4352K,   0% used [0x06a40000, 0x06a40000, 0x06e80000)
 tenured generation   total 87424K, used 35084K [0x0f2a0000, 0x14800000, 0x24800000)
   the space 87424K,  40% used [0x0f2a0000, 0x114e3190, 0x114e3200, 0x14800000)
 Metaspace       used 18699K, capacity 19158K, committed 19200K, reserved 19840K
}
Event: 188058.326 GC heap before
{Heap before GC invocations=302 (full 1):
 def new generation   total 39424K, used 35143K [0x04800000, 0x072c0000, 0x0f2a0000)
  eden space 35072K, 100% used [0x04800000, 0x06a40000, 0x06a40000)
  from space 4352K,   1% used [0x06e80000, 0x06e91d18, 0x072c0000)
  to   space 4352K,   0% used [0x06a40000, 0x06a40000, 0x06e80000)
 tenured generation   total 87424K, used 35084K [0x0f2a0000, 0x14800000, 0x24800000)
   the space 87424K,  40% used [0x0f2a0000, 0x114e3190, 0x114e3200, 0x14800000)
 Metaspace       used 18699K, capacity 19158K, committed 19200K, reserved 19840K
Event: 188058.327 GC heap after
Heap after GC invocations=303 (full 1):
 def new generation   total 39424K, used 115K [0x04800000, 0x072c0000, 0x0f2a0000)
  eden space 35072K,   0% used [0x04800000, 0x04800000, 0x06a40000)
  from space 4352K,   2% used [0x06a40000, 0x06a5cf18, 0x06e80000)
  to   space 4352K,   0% used [0x06e80000, 0x06e80000, 0x072c0000)
 tenured generation   total 87424K, used 35087K [0x0f2a0000, 0x14800000, 0x24800000)
   the space 87424K,  40% used [0x0f2a0000, 0x114e3ed8, 0x114e4000, 0x14800000)
 Metaspace       used 18699K, capacity 19158K, committed 19200K, reserved 19840K
}

