# JRE version: Java(TM) SE Runtime Environment (8.0_171-b11) (build 1.8.0_171-b11)
# Java VM: Java HotSpot(TM) Client VM (25.171-b11 mixed mode windows-x86 )
Heap:
 def new generation   total 39424K, used 10709K [0x05200000, 0x07cc0000, 0x0fca0000)
  eden space 35072K,  29% used [0x05200000, 0x05c2dce0, 0x07440000)
  from space 4352K,   6% used [0x07440000, 0x07487990, 0x07880000)
  to   space 4352K,   0% used [0x07880000, 0x07880000, 0x07cc0000)
 tenured generation   total 87424K, used 81991K [0x0fca0000, 0x15200000, 0x25200000)
   the space 87424K,  93% used [0x0fca0000, 0x14cb1e10, 0x14cb2000, 0x15200000)
 Metaspace       used 19110K, capacity 19643K, committed 19712K, reserved 19840K
GC Heap History (10 events):
Event: 161949.655 GC heap before
{Heap before GC invocations=3808 (full 1):
 def new generation   total 39424K, used 35364K [0x05200000, 0x07cc0000, 0x0fca0000)
  eden space 35072K, 100% used [0x05200000, 0x07440000, 0x07440000)
  from space 4352K,   6% used [0x07880000, 0x078c9040, 0x07cc0000)
  to   space 4352K,   0% used [0x07440000, 0x07440000, 0x07880000)
 tenured generation   total 87424K, used 81905K [0x0fca0000, 0x15200000, 0x25200000)
   the space 87424K,  93% used [0x0fca0000, 0x14c9c4c0, 0x14c9c600, 0x15200000)
 Metaspace       used 19110K, capacity 19643K, committed 19712K, reserved 19840K
Event: 161949.657 GC heap after
Heap after GC invocations=3809 (full 1):
 def new generation   total 39424K, used 314K [0x05200000, 0x07cc0000, 0x0fca0000)
  eden space 35072K,   0% used [0x05200000, 0x05200000, 0x07440000)
  from space 4352K,   7% used [0x07440000, 0x0748eb40, 0x07880000)
  to   space 4352K,   0% used [0x07880000, 0x07880000, 0x07cc0000)
 tenured generation   total 87424K, used 81922K [0x0fca0000, 0x15200000, 0x25200000)
   the space 87424K,  93% used [0x0fca0000, 0x14ca0980, 0x14ca0a00, 0x15200000)
 Metaspace       used 19110K, capacity 19643K, committed 19712K, reserved 19840K
}
Event: 162144.989 GC heap before
{Heap before GC invocations=3809 (full 1):
 def new generation   total 39424K, used 35386K [0x05200000, 0x07cc0000, 0x0fca0000)
  eden space 35072K, 100% used [0x05200000, 0x07440000, 0x07440000)
  from space 4352K,   7% used [0x07440000, 0x0748eb40, 0x07880000)
  to   space 4352K,   0% used [0x07880000, 0x07880000, 0x07cc0000)
 tenured generation   total 87424K, used 81922K [0x0fca0000, 0x15200000, 0x25200000)
   the space 87424K,  93% used [0x0fca0000, 0x14ca0980, 0x14ca0a00, 0x15200000)
 Metaspace       used 19110K, capacity 19643K, committed 19712K, reserved 19840K
Event: 162144.990 GC heap after
Heap after GC invocations=3810 (full 1):
 def new generation   total 39424K, used 289K [0x05200000, 0x07cc0000, 0x0fca0000)
  eden space 35072K,   0% used [0x05200000, 0x05200000, 0x07440000)
  from space 4352K,   6% used [0x07880000, 0x078c85e8, 0x07cc0000)
  to   space 4352K,   0% used [0x07440000, 0x07440000, 0x07880000)
 tenured generation   total 87424K, used 81939K [0x0fca0000, 0x15200000, 0x25200000)
   the space 87424K,  93% used [0x0fca0000, 0x14ca4e40, 0x14ca5000, 0x15200000)
 Metaspace       used 19110K, capacity 19643K, committed 19712K, reserved 19840K
}
Event: 162354.766 GC heap before
{Heap before GC invocations=3810 (full 1):
 def new generation   total 39424K, used 35361K [0x05200000, 0x07cc0000, 0x0fca0000)
  eden space 35072K, 100% used [0x05200000, 0x07440000, 0x07440000)
  from space 4352K,   6% used [0x07880000, 0x078c85e8, 0x07cc0000)
  to   space 4352K,   0% used [0x07440000, 0x07440000, 0x07880000)
 tenured generation   total 87424K, used 81939K [0x0fca0000, 0x15200000, 0x25200000)
   the space 87424K,  93% used [0x0fca0000, 0x14ca4e40, 0x14ca5000, 0x15200000)
 Metaspace       used 19110K, capacity 19643K, committed 19712K, reserved 19840K
Event: 162354.767 GC heap after
Heap after GC invocations=3811 (full 1):
 def new generation   total 39424K, used 275K [0x05200000, 0x07cc0000, 0x0fca0000)
  eden space 35072K,   0% used [0x05200000, 0x05200000, 0x07440000)
  from space 4352K,   6% used [0x07440000, 0x07484d20, 0x07880000)
  to   space 4352K,   0% used [0x07880000, 0x07880000, 0x07cc0000)
 tenured generation   total 87424K, used 81957K [0x0fca0000, 0x15200000, 0x25200000)
   the space 87424K,  93% used [0x0fca0000, 0x14ca9490, 0x14ca9600, 0x15200000)
 Metaspace       used 19110K, capacity 19643K, committed 19712K, reserved 19840K
}
Event: 162573.095 GC heap before
{Heap before GC invocations=3811 (full 1):
 def new generation   total 39424K, used 35347K [0x05200000, 0x07cc0000, 0x0fca0000)
  eden space 35072K, 100% used [0x05200000, 0x07440000, 0x07440000)
  from space 4352K,   6% used [0x07440000, 0x07484d20, 0x07880000)
  to   space 4352K,   0% used [0x07880000, 0x07880000, 0x07cc0000)
 tenured generation   total 87424K, used 81957K [0x0fca0000, 0x15200000, 0x25200000)
   the space 87424K,  93% used [0x0fca0000, 0x14ca9490, 0x14ca9600, 0x15200000)
 Metaspace       used 19110K, capacity 19643K, committed 19712K, reserved 19840K
Event: 162573.096 GC heap after
Heap after GC invocations=3812 (full 1):
 def new generation   total 39424K, used 281K [0x05200000, 0x07cc0000, 0x0fca0000)
  eden space 35072K,   0% used [0x05200000, 0x05200000, 0x07440000)
  from space 4352K,   6% used [0x07880000, 0x078c67e8, 0x07cc0000)
  to   space 4352K,   0% used [0x07440000, 0x07440000, 0x07880000)
 tenured generation   total 87424K, used 81974K [0x0fca0000, 0x15200000, 0x25200000)
   the space 87424K,  93% used [0x0fca0000, 0x14cad950, 0x14cada00, 0x15200000)
 Metaspace       used 19110K, capacity 19643K, committed 19712K, reserved 19840K
}
Event: 162829.032 GC heap before
{Heap before GC invocations=3812 (full 1):
 def new generation   total 39424K, used 35353K [0x05200000, 0x07cc0000, 0x0fca0000)
  eden space 35072K, 100% used [0x05200000, 0x07440000, 0x07440000)
  from space 4352K,   6% used [0x07880000, 0x078c67e8, 0x07cc0000)
  to   space 4352K,   0% used [0x07440000, 0x07440000, 0x07880000)
 tenured generation   total 87424K, used 81974K [0x0fca0000, 0x15200000, 0x25200000)
   the space 87424K,  93% used [0x0fca0000, 0x14cad950, 0x14cada00, 0x15200000)
 Metaspace       used 19110K, capacity 19643K, committed 19712K, reserved 19840K
Event: 162829.033 GC heap after
Heap after GC invocations=3813 (full 1):
 def new generation   total 39424K, used 286K [0x05200000, 0x07cc0000, 0x0fca0000)
  eden space 35072K,   0% used [0x05200000, 0x05200000, 0x07440000)
  from space 4352K,   6% used [0x07440000, 0x07487990, 0x07880000)
  to   space 4352K,   0% used [0x07880000, 0x07880000, 0x07cc0000)
 tenured generation   total 87424K, used 81991K [0x0fca0000, 0x15200000, 0x25200000)
   the space 87424K,  93% used [0x0fca0000, 0x14cb1e10, 0x14cb2000, 0x15200000)
 Metaspace       used 19110K, capacity 19643K, committed 19712K, reserved 19840K
}

