# JRE version: Java(TM) SE Runtime Environment (8.0_144-b01) (build 1.8.0_144-b01)
# Java VM: Java HotSpot(TM) Client VM (25.144-b01 mixed mode windows-x86 )
Heap:
 def new generation   total 39424K, used 2304K [0x04c00000, 0x076c0000, 0x0f6a0000)
  eden space 35072K,   6% used [0x04c00000, 0x04e2e960, 0x06e40000)
  from space 4352K,   1% used [0x07280000, 0x07291a08, 0x076c0000)
  to   space 4352K,   0% used [0x06e40000, 0x06e40000, 0x07280000)
 tenured generation   total 87424K, used 38015K [0x0f6a0000, 0x14c00000, 0x24c00000)
   the space 87424K,  43% used [0x0f6a0000, 0x11bbfde8, 0x11bbfe00, 0x14c00000)
 Metaspace       used 18727K, capacity 19201K, committed 19328K, reserved 19840K
GC Heap History (10 events):
Event: 184620.413 GC heap before
{Heap before GC invocations=287 (full 1):
 def new generation   total 39424K, used 35150K [0x04c00000, 0x076c0000, 0x0f6a0000)
  eden space 35072K, 100% used [0x04c00000, 0x06e40000, 0x06e40000)
  from space 4352K,   1% used [0x06e40000, 0x06e53948, 0x07280000)
  to   space 4352K,   0% used [0x07280000, 0x07280000, 0x076c0000)
 tenured generation   total 87424K, used 38015K [0x0f6a0000, 0x14c00000, 0x24c00000)
   the space 87424K,  43% used [0x0f6a0000, 0x11bbfde8, 0x11bbfe00, 0x14c00000)
 Metaspace       used 18727K, capacity 19201K, committed 19328K, reserved 19840K
Event: 184620.414 GC heap after
Heap after GC invocations=288 (full 1):
 def new generation   total 39424K, used 71K [0x04c00000, 0x076c0000, 0x0f6a0000)
  eden space 35072K,   0% used [0x04c00000, 0x04c00000, 0x06e40000)
  from space 4352K,   1% used [0x07280000, 0x07291e88, 0x076c0000)
  to   space 4352K,   0% used [0x06e40000, 0x06e40000, 0x07280000)
 tenured generation   total 87424K, used 38015K [0x0f6a0000, 0x14c00000, 0x24c00000)
   the space 87424K,  43% used [0x0f6a0000, 0x11bbfde8, 0x11bbfe00, 0x14c00000)
 Metaspace       used 18727K, capacity 19201K, committed 19328K, reserved 19840K
}
Event: 185560.902 GC heap before
{Heap before GC invocations=288 (full 1):
 def new generation   total 39424K, used 35143K [0x04c00000, 0x076c0000, 0x0f6a0000)
  eden space 35072K, 100% used [0x04c00000, 0x06e40000, 0x06e40000)
  from space 4352K,   1% used [0x07280000, 0x07291e88, 0x076c0000)
  to   space 4352K,   0% used [0x06e40000, 0x06e40000, 0x07280000)
 tenured generation   total 87424K, used 38015K [0x0f6a0000, 0x14c00000, 0x24c00000)
   the space 87424K,  43% used [0x0f6a0000, 0x11bbfde8, 0x11bbfe00, 0x14c00000)
 Metaspace       used 18727K, capacity 19201K, committed 19328K, reserved 19840K
Event: 185560.903 GC heap after
Heap after GC invocations=289 (full 1):
 def new generation   total 39424K, used 56K [0x04c00000, 0x076c0000, 0x0f6a0000)
  eden space 35072K,   0% used [0x04c00000, 0x04c00000, 0x06e40000)
  from space 4352K,   1% used [0x06e40000, 0x06e4e2b0, 0x07280000)
  to   space 4352K,   0% used [0x07280000, 0x07280000, 0x076c0000)
 tenured generation   total 87424K, used 38015K [0x0f6a0000, 0x14c00000, 0x24c00000)
   the space 87424K,  43% used [0x0f6a0000, 0x11bbfde8, 0x11bbfe00, 0x14c00000)
 Metaspace       used 18727K, capacity 19201K, committed 19328K, reserved 19840K
}
Event: 186345.415 GC heap before
{Heap before GC invocations=289 (full 1):
 def new generation   total 39424K, used 35128K [0x04c00000, 0x076c0000, 0x0f6a0000)
  eden space 35072K, 100% used [0x04c00000, 0x06e40000, 0x06e40000)
  from space 4352K,   1% used [0x06e40000, 0x06e4e2b0, 0x07280000)
  to   space 4352K,   0% used [0x07280000, 0x07280000, 0x076c0000)
 tenured generation   total 87424K, used 38015K [0x0f6a0000, 0x14c00000, 0x24c00000)
   the space 87424K,  43% used [0x0f6a0000, 0x11bbfde8, 0x11bbfe00, 0x14c00000)
 Metaspace       used 18727K, capacity 19201K, committed 19328K, reserved 19840K
Event: 186345.417 GC heap after
Heap after GC invocations=290 (full 1):
 def new generation   total 39424K, used 58K [0x04c00000, 0x076c0000, 0x0f6a0000)
  eden space 35072K,   0% used [0x04c00000, 0x04c00000, 0x06e40000)
  from space 4352K,   1% used [0x07280000, 0x0728ea68, 0x076c0000)
  to   space 4352K,   0% used [0x06e40000, 0x06e40000, 0x07280000)
 tenured generation   total 87424K, used 38015K [0x0f6a0000, 0x14c00000, 0x24c00000)
   the space 87424K,  43% used [0x0f6a0000, 0x11bbfde8, 0x11bbfe00, 0x14c00000)
 Metaspace       used 18727K, capacity 19201K, committed 19328K, reserved 19840K
}
Event: 187165.726 GC heap before
{Heap before GC invocations=290 (full 1):
 def new generation   total 39424K, used 35130K [0x04c00000, 0x076c0000, 0x0f6a0000)
  eden space 35072K, 100% used [0x04c00000, 0x06e40000, 0x06e40000)
  from space 4352K,   1% used [0x07280000, 0x0728ea68, 0x076c0000)
  to   space 4352K,   0% used [0x06e40000, 0x06e40000, 0x07280000)
 tenured generation   total 87424K, used 38015K [0x0f6a0000, 0x14c00000, 0x24c00000)
   the space 87424K,  43% used [0x0f6a0000, 0x11bbfde8, 0x11bbfe00, 0x14c00000)
 Metaspace       used 18727K, capacity 19201K, committed 19328K, reserved 19840K
Event: 187165.727 GC heap after
Heap after GC invocations=291 (full 1):
 def new generation   total 39424K, used 45K [0x04c00000, 0x076c0000, 0x0f6a0000)
  eden space 35072K,   0% used [0x04c00000, 0x04c00000, 0x06e40000)
  from space 4352K,   1% used [0x06e40000, 0x06e4b5c0, 0x07280000)
  to   space 4352K,   0% used [0x07280000, 0x07280000, 0x076c0000)
 tenured generation   total 87424K, used 38015K [0x0f6a0000, 0x14c00000, 0x24c00000)
   the space 87424K,  43% used [0x0f6a0000, 0x11bbfde8, 0x11bbfe00, 0x14c00000)
 Metaspace       used 18727K, capacity 19201K, committed 19328K, reserved 19840K
}
Event: 188040.825 GC heap before
{Heap before GC invocations=291 (full 1):
 def new generation   total 39424K, used 35117K [0x04c00000, 0x076c0000, 0x0f6a0000)
  eden space 35072K, 100% used [0x04c00000, 0x06e40000, 0x06e40000)
  from space 4352K,   1% used [0x06e40000, 0x06e4b5c0, 0x07280000)
  to   space 4352K,   0% used [0x07280000, 0x07280000, 0x076c0000)
 tenured generation   total 87424K, used 38015K [0x0f6a0000, 0x14c00000, 0x24c00000)
   the space 87424K,  43% used [0x0f6a0000, 0x11bbfde8, 0x11bbfe00, 0x14c00000)
 Metaspace       used 18727K, capacity 19201K, committed 19328K, reserved 19840K
Event: 188040.826 GC heap after
Heap after GC invocations=292 (full 1):
 def new generation   total 39424K, used 70K [0x04c00000, 0x076c0000, 0x0f6a0000)
  eden space 35072K,   0% used [0x04c00000, 0x04c00000, 0x06e40000)
  from space 4352K,   1% used [0x07280000, 0x07291a08, 0x076c0000)
  to   space 4352K,   0% used [0x06e40000, 0x06e40000, 0x07280000)
 tenured generation   total 87424K, used 38015K [0x0f6a0000, 0x14c00000, 0x24c00000)
   the space 87424K,  43% used [0x0f6a0000, 0x11bbfde8, 0x11bbfe00, 0x14c00000)
 Metaspace       used 18727K, capacity 19201K, committed 19328K, reserved 19840K
}

