# JRE version: Java(TM) SE Runtime Environment (8.0_144-b01) (build 1.8.0_144-b01)
# Java VM: Java HotSpot(TM) Client VM (25.144-b01 mixed mode windows-x86 )
Heap:
 def new generation   total 39424K, used 8541K [0x04600000, 0x070c0000, 0x0f0a0000)
  eden space 35072K,  24% used [0x04600000, 0x04e42478, 0x06840000)
  from space 4352K,   1% used [0x06c80000, 0x06c95270, 0x070c0000)
  to   space 4352K,   0% used [0x06840000, 0x06840000, 0x06c80000)
 tenured generation   total 87424K, used 39619K [0x0f0a0000, 0x14600000, 0x24600000)
   the space 87424K,  45% used [0x0f0a0000, 0x11750c60, 0x11750e00, 0x14600000)
 Metaspace       used 18517K, capacity 18980K, committed 19072K, reserved 19840K
GC Heap History (10 events):
Event: 182444.349 GC heap before
{Heap before GC invocations=217 (full 1):
 def new generation   total 39424K, used 35165K [0x04600000, 0x070c0000, 0x0f0a0000)
  eden space 35072K, 100% used [0x04600000, 0x06840000, 0x06840000)
  from space 4352K,   2% used [0x06840000, 0x068574a0, 0x06c80000)
  to   space 4352K,   0% used [0x06c80000, 0x06c80000, 0x070c0000)
 tenured generation   total 87424K, used 39617K [0x0f0a0000, 0x14600000, 0x24600000)
   the space 87424K,  45% used [0x0f0a0000, 0x117505f8, 0x11750600, 0x14600000)
 Metaspace       used 18517K, capacity 18980K, committed 19072K, reserved 19840K
Event: 182444.351 GC heap after
Heap after GC invocations=218 (full 1):
 def new generation   total 39424K, used 55K [0x04600000, 0x070c0000, 0x0f0a0000)
  eden space 35072K,   0% used [0x04600000, 0x04600000, 0x06840000)
  from space 4352K,   1% used [0x06c80000, 0x06c8dd38, 0x070c0000)
  to   space 4352K,   0% used [0x06840000, 0x06840000, 0x06c80000)
 tenured generation   total 87424K, used 39617K [0x0f0a0000, 0x14600000, 0x24600000)
   the space 87424K,  45% used [0x0f0a0000, 0x117505f8, 0x11750600, 0x14600000)
 Metaspace       used 18517K, capacity 18980K, committed 19072K, reserved 19840K
}
Event: 183206.333 GC heap before
{Heap before GC invocations=218 (full 1):
 def new generation   total 39424K, used 35127K [0x04600000, 0x070c0000, 0x0f0a0000)
  eden space 35072K, 100% used [0x04600000, 0x06840000, 0x06840000)
  from space 4352K,   1% used [0x06c80000, 0x06c8dd38, 0x070c0000)
  to   space 4352K,   0% used [0x06840000, 0x06840000, 0x06c80000)
 tenured generation   total 87424K, used 39617K [0x0f0a0000, 0x14600000, 0x24600000)
   the space 87424K,  45% used [0x0f0a0000, 0x117505f8, 0x11750600, 0x14600000)
 Metaspace       used 18517K, capacity 18980K, committed 19072K, reserved 19840K
Event: 183206.335 GC heap after
Heap after GC invocations=219 (full 1):
 def new generation   total 39424K, used 150K [0x04600000, 0x070c0000, 0x0f0a0000)
  eden space 35072K,   0% used [0x04600000, 0x04600000, 0x06840000)
  from space 4352K,   3% used [0x06840000, 0x06865aa0, 0x06c80000)
  to   space 4352K,   0% used [0x06c80000, 0x06c80000, 0x070c0000)
 tenured generation   total 87424K, used 39617K [0x0f0a0000, 0x14600000, 0x24600000)
   the space 87424K,  45% used [0x0f0a0000, 0x117505f8, 0x11750600, 0x14600000)
 Metaspace       used 18517K, capacity 18980K, committed 19072K, reserved 19840K
}
Event: 183962.894 GC heap before
{Heap before GC invocations=219 (full 1):
 def new generation   total 39424K, used 35222K [0x04600000, 0x070c0000, 0x0f0a0000)
  eden space 35072K, 100% used [0x04600000, 0x06840000, 0x06840000)
  from space 4352K,   3% used [0x06840000, 0x06865aa0, 0x06c80000)
  to   space 4352K,   0% used [0x06c80000, 0x06c80000, 0x070c0000)
 tenured generation   total 87424K, used 39617K [0x0f0a0000, 0x14600000, 0x24600000)
   the space 87424K,  45% used [0x0f0a0000, 0x117505f8, 0x11750600, 0x14600000)
 Metaspace       used 18517K, capacity 18980K, committed 19072K, reserved 19840K
Event: 183962.896 GC heap after
Heap after GC invocations=220 (full 1):
 def new generation   total 39424K, used 72K [0x04600000, 0x070c0000, 0x0f0a0000)
  eden space 35072K,   0% used [0x04600000, 0x04600000, 0x06840000)
  from space 4352K,   1% used [0x06c80000, 0x06c92190, 0x070c0000)
  to   space 4352K,   0% used [0x06840000, 0x06840000, 0x06c80000)
 tenured generation   total 87424K, used 39617K [0x0f0a0000, 0x14600000, 0x24600000)
   the space 87424K,  45% used [0x0f0a0000, 0x117505f8, 0x11750600, 0x14600000)
 Metaspace       used 18517K, capacity 18980K, committed 19072K, reserved 19840K
}
Event: 184681.115 GC heap before
{Heap before GC invocations=220 (full 1):
 def new generation   total 39424K, used 35144K [0x04600000, 0x070c0000, 0x0f0a0000)
  eden space 35072K, 100% used [0x04600000, 0x06840000, 0x06840000)
  from space 4352K,   1% used [0x06c80000, 0x06c92190, 0x070c0000)
  to   space 4352K,   0% used [0x06840000, 0x06840000, 0x06c80000)
 tenured generation   total 87424K, used 39617K [0x0f0a0000, 0x14600000, 0x24600000)
   the space 87424K,  45% used [0x0f0a0000, 0x117505f8, 0x11750600, 0x14600000)
 Metaspace       used 18517K, capacity 18980K, committed 19072K, reserved 19840K
Event: 184681.117 GC heap after
Heap after GC invocations=221 (full 1):
 def new generation   total 39424K, used 58K [0x04600000, 0x070c0000, 0x0f0a0000)
  eden space 35072K,   0% used [0x04600000, 0x04600000, 0x06840000)
  from space 4352K,   1% used [0x06840000, 0x0684ea98, 0x06c80000)
  to   space 4352K,   0% used [0x06c80000, 0x06c80000, 0x070c0000)
 tenured generation   total 87424K, used 39619K [0x0f0a0000, 0x14600000, 0x24600000)
   the space 87424K,  45% used [0x0f0a0000, 0x11750c60, 0x11750e00, 0x14600000)
 Metaspace       used 18517K, capacity 18980K, committed 19072K, reserved 19840K
}
Event: 185646.377 GC heap before
{Heap before GC invocations=221 (full 1):
 def new generation   total 39424K, used 35130K [0x04600000, 0x070c0000, 0x0f0a0000)
  eden space 35072K, 100% used [0x04600000, 0x06840000, 0x06840000)
  from space 4352K,   1% used [0x06840000, 0x0684ea98, 0x06c80000)
  to   space 4352K,   0% used [0x06c80000, 0x06c80000, 0x070c0000)
 tenured generation   total 87424K, used 39619K [0x0f0a0000, 0x14600000, 0x24600000)
   the space 87424K,  45% used [0x0f0a0000, 0x11750c60, 0x11750e00, 0x14600000)
 Metaspace       used 18517K, capacity 18980K, committed 19072K, reserved 19840K
Event: 185646.378 GC heap after
Heap after GC invocations=222 (full 1):
 def new generation   total 39424K, used 84K [0x04600000, 0x070c0000, 0x0f0a0000)
  eden space 35072K,   0% used [0x04600000, 0x04600000, 0x06840000)
  from space 4352K,   1% used [0x06c80000, 0x06c95270, 0x070c0000)
  to   space 4352K,   0% used [0x06840000, 0x06840000, 0x06c80000)
 tenured generation   total 87424K, used 39619K [0x0f0a0000, 0x14600000, 0x24600000)
   the space 87424K,  45% used [0x0f0a0000, 0x11750c60, 0x11750e00, 0x14600000)
 Metaspace       used 18517K, capacity 18980K, committed 19072K, reserved 19840K
}

