# JRE version: Java(TM) SE Runtime Environment (8.0_144-b01) (build 1.8.0_144-b01)
# Java VM: Java HotSpot(TM) Client VM (25.144-b01 mixed mode windows-x86 )
Heap:
 def new generation   total 39424K, used 17942K [0x04600000, 0x070c0000, 0x0f0a0000)
  eden space 35072K,  50% used [0x04600000, 0x0576a560, 0x06840000)
  from space 4352K,   2% used [0x06c80000, 0x06c9b568, 0x070c0000)
  to   space 4352K,   0% used [0x06840000, 0x06840000, 0x06c80000)
 tenured generation   total 87424K, used 38988K [0x0f0a0000, 0x14600000, 0x24600000)
   the space 87424K,  44% used [0x0f0a0000, 0x116b32e0, 0x116b3400, 0x14600000)
 Metaspace       used 18700K, capacity 19164K, committed 19200K, reserved 19840K
GC Heap History (10 events):
Event: 185161.991 GC heap before
{Heap before GC invocations=299 (full 1):
 def new generation   total 39424K, used 35206K [0x04600000, 0x070c0000, 0x0f0a0000)
  eden space 35072K, 100% used [0x04600000, 0x06840000, 0x06840000)
  from space 4352K,   3% used [0x06840000, 0x06861978, 0x06c80000)
  to   space 4352K,   0% used [0x06c80000, 0x06c80000, 0x070c0000)
 tenured generation   total 87424K, used 38983K [0x0f0a0000, 0x14600000, 0x24600000)
   the space 87424K,  44% used [0x0f0a0000, 0x116b1ca8, 0x116b1e00, 0x14600000)
 Metaspace       used 18700K, capacity 19164K, committed 19200K, reserved 19840K
Event: 185161.993 GC heap after
Heap after GC invocations=300 (full 1):
 def new generation   total 39424K, used 79K [0x04600000, 0x070c0000, 0x0f0a0000)
  eden space 35072K,   0% used [0x04600000, 0x04600000, 0x06840000)
  from space 4352K,   1% used [0x06c80000, 0x06c93d80, 0x070c0000)
  to   space 4352K,   0% used [0x06840000, 0x06840000, 0x06c80000)
 tenured generation   total 87424K, used 38983K [0x0f0a0000, 0x14600000, 0x24600000)
   the space 87424K,  44% used [0x0f0a0000, 0x116b1ca8, 0x116b1e00, 0x14600000)
 Metaspace       used 18700K, capacity 19164K, committed 19200K, reserved 19840K
}
Event: 185969.435 GC heap before
{Heap before GC invocations=300 (full 1):
 def new generation   total 39424K, used 35151K [0x04600000, 0x070c0000, 0x0f0a0000)
  eden space 35072K, 100% used [0x04600000, 0x06840000, 0x06840000)
  from space 4352K,   1% used [0x06c80000, 0x06c93d80, 0x070c0000)
  to   space 4352K,   0% used [0x06840000, 0x06840000, 0x06c80000)
 tenured generation   total 87424K, used 38983K [0x0f0a0000, 0x14600000, 0x24600000)
   the space 87424K,  44% used [0x0f0a0000, 0x116b1ca8, 0x116b1e00, 0x14600000)
 Metaspace       used 18700K, capacity 19164K, committed 19200K, reserved 19840K
Event: 185969.436 GC heap after
Heap after GC invocations=301 (full 1):
 def new generation   total 39424K, used 77K [0x04600000, 0x070c0000, 0x0f0a0000)
  eden space 35072K,   0% used [0x04600000, 0x04600000, 0x06840000)
  from space 4352K,   1% used [0x06840000, 0x068535a0, 0x06c80000)
  to   space 4352K,   0% used [0x06c80000, 0x06c80000, 0x070c0000)
 tenured generation   total 87424K, used 38983K [0x0f0a0000, 0x14600000, 0x24600000)
   the space 87424K,  44% used [0x0f0a0000, 0x116b1ca8, 0x116b1e00, 0x14600000)
 Metaspace       used 18700K, capacity 19164K, committed 19200K, reserved 19840K
}
Event: 186880.095 GC heap before
{Heap before GC invocations=301 (full 1):
 def new generation   total 39424K, used 35149K [0x04600000, 0x070c0000, 0x0f0a0000)
  eden space 35072K, 100% used [0x04600000, 0x06840000, 0x06840000)
  from space 4352K,   1% used [0x06840000, 0x068535a0, 0x06c80000)
  to   space 4352K,   0% used [0x06c80000, 0x06c80000, 0x070c0000)
 tenured generation   total 87424K, used 38983K [0x0f0a0000, 0x14600000, 0x24600000)
   the space 87424K,  44% used [0x0f0a0000, 0x116b1ca8, 0x116b1e00, 0x14600000)
 Metaspace       used 18700K, capacity 19164K, committed 19200K, reserved 19840K
Event: 186880.097 GC heap after
Heap after GC invocations=302 (full 1):
 def new generation   total 39424K, used 84K [0x04600000, 0x070c0000, 0x0f0a0000)
  eden space 35072K,   0% used [0x04600000, 0x04600000, 0x06840000)
  from space 4352K,   1% used [0x06c80000, 0x06c95208, 0x070c0000)
  to   space 4352K,   0% used [0x06840000, 0x06840000, 0x06c80000)
 tenured generation   total 87424K, used 38986K [0x0f0a0000, 0x14600000, 0x24600000)
   the space 87424K,  44% used [0x0f0a0000, 0x116b29f0, 0x116b2a00, 0x14600000)
 Metaspace       used 18700K, capacity 19164K, committed 19200K, reserved 19840K
}
Event: 187349.862 GC heap before
{Heap before GC invocations=302 (full 1):
 def new generation   total 39424K, used 35156K [0x04600000, 0x070c0000, 0x0f0a0000)
  eden space 35072K, 100% used [0x04600000, 0x06840000, 0x06840000)
  from space 4352K,   1% used [0x06c80000, 0x06c95208, 0x070c0000)
  to   space 4352K,   0% used [0x06840000, 0x06840000, 0x06c80000)
 tenured generation   total 87424K, used 38986K [0x0f0a0000, 0x14600000, 0x24600000)
   the space 87424K,  44% used [0x0f0a0000, 0x116b29f0, 0x116b2a00, 0x14600000)
 Metaspace       used 18700K, capacity 19164K, committed 19200K, reserved 19840K
Event: 187349.863 GC heap after
Heap after GC invocations=303 (full 1):
 def new generation   total 39424K, used 72K [0x04600000, 0x070c0000, 0x0f0a0000)
  eden space 35072K,   0% used [0x04600000, 0x04600000, 0x06840000)
  from space 4352K,   1% used [0x06840000, 0x06852370, 0x06c80000)
  to   space 4352K,   0% used [0x06c80000, 0x06c80000, 0x070c0000)
 tenured generation   total 87424K, used 38988K [0x0f0a0000, 0x14600000, 0x24600000)
   the space 87424K,  44% used [0x0f0a0000, 0x116b32e0, 0x116b3400, 0x14600000)
 Metaspace       used 18700K, capacity 19164K, committed 19200K, reserved 19840K
}
Event: 188183.577 GC heap before
{Heap before GC invocations=303 (full 1):
 def new generation   total 39424K, used 35144K [0x04600000, 0x070c0000, 0x0f0a0000)
  eden space 35072K, 100% used [0x04600000, 0x06840000, 0x06840000)
  from space 4352K,   1% used [0x06840000, 0x06852370, 0x06c80000)
  to   space 4352K,   0% used [0x06c80000, 0x06c80000, 0x070c0000)
 tenured generation   total 87424K, used 38988K [0x0f0a0000, 0x14600000, 0x24600000)
   the space 87424K,  44% used [0x0f0a0000, 0x116b32e0, 0x116b3400, 0x14600000)
 Metaspace       used 18700K, capacity 19164K, committed 19200K, reserved 19840K
Event: 188183.578 GC heap after
Heap after GC invocations=304 (full 1):
 def new generation   total 39424K, used 109K [0x04600000, 0x070c0000, 0x0f0a0000)
  eden space 35072K,   0% used [0x04600000, 0x04600000, 0x06840000)
  from space 4352K,   2% used [0x06c80000, 0x06c9b568, 0x070c0000)
  to   space 4352K,   0% used [0x06840000, 0x06840000, 0x06c80000)
 tenured generation   total 87424K, used 38988K [0x0f0a0000, 0x14600000, 0x24600000)
   the space 87424K,  44% used [0x0f0a0000, 0x116b32e0, 0x116b3400, 0x14600000)
 Metaspace       used 18700K, capacity 19164K, committed 19200K, reserved 19840K
}

