# JRE version: Java(TM) SE Runtime Environment (8.0_144-b01) (build 1.8.0_144-b01)
# Java VM: Java HotSpot(TM) Client VM (25.144-b01 mixed mode windows-x86 )
Heap:
 def new generation   total 39424K, used 4936K [0x04800000, 0x072c0000, 0x0f2a0000)
  eden space 35072K,  13% used [0x04800000, 0x04cbd300, 0x06a40000)
  from space 4352K,   1% used [0x06e80000, 0x06e950e0, 0x072c0000)
  to   space 4352K,   0% used [0x06a40000, 0x06a40000, 0x06e80000)
 tenured generation   total 87424K, used 39182K [0x0f2a0000, 0x14800000, 0x24800000)
   the space 87424K,  44% used [0x0f2a0000, 0x118e3b00, 0x118e3c00, 0x14800000)
 Metaspace       used 18694K, capacity 19164K, committed 19200K, reserved 19840K
GC Heap History (10 events):
Event: 185739.562 GC heap before
{Heap before GC invocations=299 (full 1):
 def new generation   total 39424K, used 35188K [0x04800000, 0x072c0000, 0x0f2a0000)
  eden space 35072K, 100% used [0x04800000, 0x06a40000, 0x06a40000)
  from space 4352K,   2% used [0x06a40000, 0x06a5d1a8, 0x06e80000)
  to   space 4352K,   0% used [0x06e80000, 0x06e80000, 0x072c0000)
 tenured generation   total 87424K, used 39177K [0x0f2a0000, 0x14800000, 0x24800000)
   the space 87424K,  44% used [0x0f2a0000, 0x118e24c8, 0x118e2600, 0x14800000)
 Metaspace       used 18694K, capacity 19164K, committed 19200K, reserved 19840K
Event: 185739.563 GC heap after
Heap after GC invocations=300 (full 1):
 def new generation   total 39424K, used 139K [0x04800000, 0x072c0000, 0x0f2a0000)
  eden space 35072K,   0% used [0x04800000, 0x04800000, 0x06a40000)
  from space 4352K,   3% used [0x06e80000, 0x06ea2eb0, 0x072c0000)
  to   space 4352K,   0% used [0x06a40000, 0x06a40000, 0x06e80000)
 tenured generation   total 87424K, used 39177K [0x0f2a0000, 0x14800000, 0x24800000)
   the space 87424K,  44% used [0x0f2a0000, 0x118e24c8, 0x118e2600, 0x14800000)
 Metaspace       used 18694K, capacity 19164K, committed 19200K, reserved 19840K
}
Event: 186538.739 GC heap before
{Heap before GC invocations=300 (full 1):
 def new generation   total 39424K, used 35211K [0x04800000, 0x072c0000, 0x0f2a0000)
  eden space 35072K, 100% used [0x04800000, 0x06a40000, 0x06a40000)
  from space 4352K,   3% used [0x06e80000, 0x06ea2eb0, 0x072c0000)
  to   space 4352K,   0% used [0x06a40000, 0x06a40000, 0x06e80000)
 tenured generation   total 87424K, used 39177K [0x0f2a0000, 0x14800000, 0x24800000)
   the space 87424K,  44% used [0x0f2a0000, 0x118e24c8, 0x118e2600, 0x14800000)
 Metaspace       used 18694K, capacity 19164K, committed 19200K, reserved 19840K
Event: 186538.740 GC heap after
Heap after GC invocations=301 (full 1):
 def new generation   total 39424K, used 114K [0x04800000, 0x072c0000, 0x0f2a0000)
  eden space 35072K,   0% used [0x04800000, 0x04800000, 0x06a40000)
  from space 4352K,   2% used [0x06a40000, 0x06a5c980, 0x06e80000)
  to   space 4352K,   0% used [0x06e80000, 0x06e80000, 0x072c0000)
 tenured generation   total 87424K, used 39177K [0x0f2a0000, 0x14800000, 0x24800000)
   the space 87424K,  44% used [0x0f2a0000, 0x118e24c8, 0x118e2600, 0x14800000)
 Metaspace       used 18694K, capacity 19164K, committed 19200K, reserved 19840K
}
Event: 187430.746 GC heap before
{Heap before GC invocations=301 (full 1):
 def new generation   total 39424K, used 35186K [0x04800000, 0x072c0000, 0x0f2a0000)
  eden space 35072K, 100% used [0x04800000, 0x06a40000, 0x06a40000)
  from space 4352K,   2% used [0x06a40000, 0x06a5c980, 0x06e80000)
  to   space 4352K,   0% used [0x06e80000, 0x06e80000, 0x072c0000)
 tenured generation   total 87424K, used 39177K [0x0f2a0000, 0x14800000, 0x24800000)
   the space 87424K,  44% used [0x0f2a0000, 0x118e24c8, 0x118e2600, 0x14800000)
 Metaspace       used 18694K, capacity 19164K, committed 19200K, reserved 19840K
Event: 187430.747 GC heap after
Heap after GC invocations=302 (full 1):
 def new generation   total 39424K, used 73K [0x04800000, 0x072c0000, 0x0f2a0000)
  eden space 35072K,   0% used [0x04800000, 0x04800000, 0x06a40000)
  from space 4352K,   1% used [0x06e80000, 0x06e92510, 0x072c0000)
  to   space 4352K,   0% used [0x06a40000, 0x06a40000, 0x06e80000)
 tenured generation   total 87424K, used 39177K [0x0f2a0000, 0x14800000, 0x24800000)
   the space 87424K,  44% used [0x0f2a0000, 0x118e24c8, 0x118e2600, 0x14800000)
 Metaspace       used 18694K, capacity 19164K, committed 19200K, reserved 19840K
}
Event: 188115.069 GC heap before
{Heap before GC invocations=302 (full 1):
 def new generation   total 39424K, used 35145K [0x04800000, 0x072c0000, 0x0f2a0000)
  eden space 35072K, 100% used [0x04800000, 0x06a40000, 0x06a40000)
  from space 4352K,   1% used [0x06e80000, 0x06e92510, 0x072c0000)
  to   space 4352K,   0% used [0x06a40000, 0x06a40000, 0x06e80000)
 tenured generation   total 87424K, used 39177K [0x0f2a0000, 0x14800000, 0x24800000)
   the space 87424K,  44% used [0x0f2a0000, 0x118e24c8, 0x118e2600, 0x14800000)
 Metaspace       used 18694K, capacity 19164K, committed 19200K, reserved 19840K
Event: 188115.071 GC heap after
Heap after GC invocations=303 (full 1):
 def new generation   total 39424K, used 194K [0x04800000, 0x072c0000, 0x0f2a0000)
  eden space 35072K,   0% used [0x04800000, 0x04800000, 0x06a40000)
  from space 4352K,   4% used [0x06a40000, 0x06a70b10, 0x06e80000)
  to   space 4352K,   0% used [0x06e80000, 0x06e80000, 0x072c0000)
 tenured generation   total 87424K, used 39180K [0x0f2a0000, 0x14800000, 0x24800000)
   the space 87424K,  44% used [0x0f2a0000, 0x118e3210, 0x118e3400, 0x14800000)
 Metaspace       used 18694K, capacity 19164K, committed 19200K, reserved 19840K
}
Event: 188782.393 GC heap before
{Heap before GC invocations=303 (full 1):
 def new generation   total 39424K, used 35266K [0x04800000, 0x072c0000, 0x0f2a0000)
  eden space 35072K, 100% used [0x04800000, 0x06a40000, 0x06a40000)
  from space 4352K,   4% used [0x06a40000, 0x06a70b10, 0x06e80000)
  to   space 4352K,   0% used [0x06e80000, 0x06e80000, 0x072c0000)
 tenured generation   total 87424K, used 39180K [0x0f2a0000, 0x14800000, 0x24800000)
   the space 87424K,  44% used [0x0f2a0000, 0x118e3210, 0x118e3400, 0x14800000)
 Metaspace       used 18694K, capacity 19164K, committed 19200K, reserved 19840K
Event: 188782.394 GC heap after
Heap after GC invocations=304 (full 1):
 def new generation   total 39424K, used 84K [0x04800000, 0x072c0000, 0x0f2a0000)
  eden space 35072K,   0% used [0x04800000, 0x04800000, 0x06a40000)
  from space 4352K,   1% used [0x06e80000, 0x06e950e0, 0x072c0000)
  to   space 4352K,   0% used [0x06a40000, 0x06a40000, 0x06e80000)
 tenured generation   total 87424K, used 39182K [0x0f2a0000, 0x14800000, 0x24800000)
   the space 87424K,  44% used [0x0f2a0000, 0x118e3b00, 0x118e3c00, 0x14800000)
 Metaspace       used 18694K, capacity 19164K, committed 19200K, reserved 19840K
}

