# JRE version: Java(TM) SE Runtime Environment (8.0_144-b01) (build 1.8.0_144-b01)
# Java VM: Java HotSpot(TM) Client VM (25.144-b01 mixed mode windows-x86 )
Heap:
 def new generation   total 39424K, used 6990K [0x04600000, 0x070c0000, 0x0f0a0000)
  eden space 35072K,  19% used [0x04600000, 0x04cc36a0, 0x06840000)
  from space 4352K,   1% used [0x06840000, 0x068503b0, 0x06c80000)
  to   space 4352K,   0% used [0x06c80000, 0x06c80000, 0x070c0000)
 tenured generation   total 87424K, used 57652K [0x0f0a0000, 0x14600000, 0x24600000)
   the space 87424K,  65% used [0x0f0a0000, 0x128ed1c0, 0x128ed200, 0x14600000)
 Metaspace       used 18962K, capacity 19419K, committed 19456K, reserved 19840K
GC Heap History (10 events):
Event: 185069.235 GC heap before
{Heap before GC invocations=186 (full 1):
 def new generation   total 39424K, used 35497K [0x04600000, 0x070c0000, 0x0f0a0000)
  eden space 35072K, 100% used [0x04600000, 0x06840000, 0x06840000)
  from space 4352K,   9% used [0x06c80000, 0x06cea7a0, 0x070c0000)
  to   space 4352K,   0% used [0x06840000, 0x06840000, 0x06c80000)
 tenured generation   total 87424K, used 57316K [0x0f0a0000, 0x14600000, 0x24600000)
   the space 87424K,  65% used [0x0f0a0000, 0x12899040, 0x12899200, 0x14600000)
 Metaspace       used 18962K, capacity 19419K, committed 19456K, reserved 19840K
Event: 185069.237 GC heap after
Heap after GC invocations=187 (full 1):
 def new generation   total 39424K, used 415K [0x04600000, 0x070c0000, 0x0f0a0000)
  eden space 35072K,   0% used [0x04600000, 0x04600000, 0x06840000)
  from space 4352K,   9% used [0x06840000, 0x068a7c78, 0x06c80000)
  to   space 4352K,   0% used [0x06c80000, 0x06c80000, 0x070c0000)
 tenured generation   total 87424K, used 57316K [0x0f0a0000, 0x14600000, 0x24600000)
   the space 87424K,  65% used [0x0f0a0000, 0x128992c0, 0x12899400, 0x14600000)
 Metaspace       used 18962K, capacity 19419K, committed 19456K, reserved 19840K
}
Event: 186174.642 GC heap before
{Heap before GC invocations=187 (full 1):
 def new generation   total 39424K, used 35487K [0x04600000, 0x070c0000, 0x0f0a0000)
  eden space 35072K, 100% used [0x04600000, 0x06840000, 0x06840000)
  from space 4352K,   9% used [0x06840000, 0x068a7c78, 0x06c80000)
  to   space 4352K,   0% used [0x06c80000, 0x06c80000, 0x070c0000)
 tenured generation   total 87424K, used 57316K [0x0f0a0000, 0x14600000, 0x24600000)
   the space 87424K,  65% used [0x0f0a0000, 0x128992c0, 0x12899400, 0x14600000)
 Metaspace       used 18962K, capacity 19419K, committed 19456K, reserved 19840K
Event: 186174.644 GC heap after
Heap after GC invocations=188 (full 1):
 def new generation   total 39424K, used 400K [0x04600000, 0x070c0000, 0x0f0a0000)
  eden space 35072K,   0% used [0x04600000, 0x04600000, 0x06840000)
  from space 4352K,   9% used [0x06c80000, 0x06ce4010, 0x070c0000)
  to   space 4352K,   0% used [0x06840000, 0x06840000, 0x06c80000)
 tenured generation   total 87424K, used 57316K [0x0f0a0000, 0x14600000, 0x24600000)
   the space 87424K,  65% used [0x0f0a0000, 0x128992c0, 0x12899400, 0x14600000)
 Metaspace       used 18962K, capacity 19419K, committed 19456K, reserved 19840K
}
Event: 187093.651 GC heap before
{Heap before GC invocations=188 (full 1):
 def new generation   total 39424K, used 35472K [0x04600000, 0x070c0000, 0x0f0a0000)
  eden space 35072K, 100% used [0x04600000, 0x06840000, 0x06840000)
  from space 4352K,   9% used [0x06c80000, 0x06ce4010, 0x070c0000)
  to   space 4352K,   0% used [0x06840000, 0x06840000, 0x06c80000)
 tenured generation   total 87424K, used 57316K [0x0f0a0000, 0x14600000, 0x24600000)
   the space 87424K,  65% used [0x0f0a0000, 0x128992c0, 0x12899400, 0x14600000)
 Metaspace       used 18962K, capacity 19419K, committed 19456K, reserved 19840K
Event: 187093.655 GC heap after
Heap after GC invocations=189 (full 1):
 def new generation   total 39424K, used 197K [0x04600000, 0x070c0000, 0x0f0a0000)
  eden space 35072K,   0% used [0x04600000, 0x04600000, 0x06840000)
  from space 4352K,   4% used [0x06840000, 0x068716c0, 0x06c80000)
  to   space 4352K,   0% used [0x06c80000, 0x06c80000, 0x070c0000)
 tenured generation   total 87424K, used 57542K [0x0f0a0000, 0x14600000, 0x24600000)
   the space 87424K,  65% used [0x0f0a0000, 0x128d19c0, 0x128d1a00, 0x14600000)
 Metaspace       used 18962K, capacity 19419K, committed 19456K, reserved 19840K
}
Event: 188296.867 GC heap before
{Heap before GC invocations=189 (full 1):
 def new generation   total 39424K, used 35269K [0x04600000, 0x070c0000, 0x0f0a0000)
  eden space 35072K, 100% used [0x04600000, 0x06840000, 0x06840000)
  from space 4352K,   4% used [0x06840000, 0x068716c0, 0x06c80000)
  to   space 4352K,   0% used [0x06c80000, 0x06c80000, 0x070c0000)
 tenured generation   total 87424K, used 57542K [0x0f0a0000, 0x14600000, 0x24600000)
   the space 87424K,  65% used [0x0f0a0000, 0x128d19c0, 0x128d1a00, 0x14600000)
 Metaspace       used 18962K, capacity 19419K, committed 19456K, reserved 19840K
Event: 188296.869 GC heap after
Heap after GC invocations=190 (full 1):
 def new generation   total 39424K, used 69K [0x04600000, 0x070c0000, 0x0f0a0000)
  eden space 35072K,   0% used [0x04600000, 0x04600000, 0x06840000)
  from space 4352K,   1% used [0x06c80000, 0x06c917f8, 0x070c0000)
  to   space 4352K,   0% used [0x06840000, 0x06840000, 0x06c80000)
 tenured generation   total 87424K, used 57652K [0x0f0a0000, 0x14600000, 0x24600000)
   the space 87424K,  65% used [0x0f0a0000, 0x128ed1c0, 0x128ed200, 0x14600000)
 Metaspace       used 18962K, capacity 19419K, committed 19456K, reserved 19840K
}
Event: 189303.683 GC heap before
{Heap before GC invocations=190 (full 1):
 def new generation   total 39424K, used 35141K [0x04600000, 0x070c0000, 0x0f0a0000)
  eden space 35072K, 100% used [0x04600000, 0x06840000, 0x06840000)
  from space 4352K,   1% used [0x06c80000, 0x06c917f8, 0x070c0000)
  to   space 4352K,   0% used [0x06840000, 0x06840000, 0x06c80000)
 tenured generation   total 87424K, used 57652K [0x0f0a0000, 0x14600000, 0x24600000)
   the space 87424K,  65% used [0x0f0a0000, 0x128ed1c0, 0x128ed200, 0x14600000)
 Metaspace       used 18962K, capacity 19419K, committed 19456K, reserved 19840K
Event: 189303.684 GC heap after
Heap after GC invocations=191 (full 1):
 def new generation   total 39424K, used 64K [0x04600000, 0x070c0000, 0x0f0a0000)
  eden space 35072K,   0% used [0x04600000, 0x04600000, 0x06840000)
  from space 4352K,   1% used [0x06840000, 0x068503b0, 0x06c80000)
  to   space 4352K,   0% used [0x06c80000, 0x06c80000, 0x070c0000)
 tenured generation   total 87424K, used 57652K [0x0f0a0000, 0x14600000, 0x24600000)
   the space 87424K,  65% used [0x0f0a0000, 0x128ed1c0, 0x128ed200, 0x14600000)
 Metaspace       used 18962K, capacity 19419K, committed 19456K, reserved 19840K
}

