# JRE version: Java(TM) SE Runtime Environment (8.0_144-b01) (build 1.8.0_144-b01)
# Java VM: Java HotSpot(TM) Client VM (25.144-b01 mixed mode windows-x86 )
Heap:
 def new generation   total 39424K, used 31284K [0x04600000, 0x070c0000, 0x0f0a0000)
  eden space 35072K,  89% used [0x04600000, 0x06482030, 0x06840000)
  from space 4352K,   1% used [0x06840000, 0x0684b220, 0x06c80000)
  to   space 4352K,   0% used [0x06c80000, 0x06c80000, 0x070c0000)
 tenured generation   total 87424K, used 39132K [0x0f0a0000, 0x14600000, 0x24600000)
   the space 87424K,  44% used [0x0f0a0000, 0x116d72b8, 0x116d7400, 0x14600000)
 Metaspace       used 18726K, capacity 19193K, committed 19200K, reserved 19840K
GC Heap History (10 events):
Event: 184366.979 GC heap before
{Heap before GC invocations=286 (full 1):
 def new generation   total 39424K, used 35133K [0x04600000, 0x070c0000, 0x0f0a0000)
  eden space 35072K, 100% used [0x04600000, 0x06840000, 0x06840000)
  from space 4352K,   1% used [0x06c80000, 0x06c8f688, 0x070c0000)
  to   space 4352K,   0% used [0x06840000, 0x06840000, 0x06c80000)
 tenured generation   total 87424K, used 39132K [0x0f0a0000, 0x14600000, 0x24600000)
   the space 87424K,  44% used [0x0f0a0000, 0x116d72b8, 0x116d7400, 0x14600000)
 Metaspace       used 18726K, capacity 19193K, committed 19200K, reserved 19840K
Event: 184366.980 GC heap after
Heap after GC invocations=287 (full 1):
 def new generation   total 39424K, used 99K [0x04600000, 0x070c0000, 0x0f0a0000)
  eden space 35072K,   0% used [0x04600000, 0x04600000, 0x06840000)
  from space 4352K,   2% used [0x06840000, 0x06858f10, 0x06c80000)
  to   space 4352K,   0% used [0x06c80000, 0x06c80000, 0x070c0000)
 tenured generation   total 87424K, used 39132K [0x0f0a0000, 0x14600000, 0x24600000)
   the space 87424K,  44% used [0x0f0a0000, 0x116d72b8, 0x116d7400, 0x14600000)
 Metaspace       used 18726K, capacity 19193K, committed 19200K, reserved 19840K
}
Event: 185036.454 GC heap before
{Heap before GC invocations=287 (full 1):
 def new generation   total 39424K, used 35171K [0x04600000, 0x070c0000, 0x0f0a0000)
  eden space 35072K, 100% used [0x04600000, 0x06840000, 0x06840000)
  from space 4352K,   2% used [0x06840000, 0x06858f10, 0x06c80000)
  to   space 4352K,   0% used [0x06c80000, 0x06c80000, 0x070c0000)
 tenured generation   total 87424K, used 39132K [0x0f0a0000, 0x14600000, 0x24600000)
   the space 87424K,  44% used [0x0f0a0000, 0x116d72b8, 0x116d7400, 0x14600000)
 Metaspace       used 18726K, capacity 19193K, committed 19200K, reserved 19840K
Event: 185036.455 GC heap after
Heap after GC invocations=288 (full 1):
 def new generation   total 39424K, used 65K [0x04600000, 0x070c0000, 0x0f0a0000)
  eden space 35072K,   0% used [0x04600000, 0x04600000, 0x06840000)
  from space 4352K,   1% used [0x06c80000, 0x06c905f8, 0x070c0000)
  to   space 4352K,   0% used [0x06840000, 0x06840000, 0x06c80000)
 tenured generation   total 87424K, used 39132K [0x0f0a0000, 0x14600000, 0x24600000)
   the space 87424K,  44% used [0x0f0a0000, 0x116d72b8, 0x116d7400, 0x14600000)
 Metaspace       used 18726K, capacity 19193K, committed 19200K, reserved 19840K
}
Event: 185829.882 GC heap before
{Heap before GC invocations=288 (full 1):
 def new generation   total 39424K, used 35137K [0x04600000, 0x070c0000, 0x0f0a0000)
  eden space 35072K, 100% used [0x04600000, 0x06840000, 0x06840000)
  from space 4352K,   1% used [0x06c80000, 0x06c905f8, 0x070c0000)
  to   space 4352K,   0% used [0x06840000, 0x06840000, 0x06c80000)
 tenured generation   total 87424K, used 39132K [0x0f0a0000, 0x14600000, 0x24600000)
   the space 87424K,  44% used [0x0f0a0000, 0x116d72b8, 0x116d7400, 0x14600000)
 Metaspace       used 18726K, capacity 19193K, committed 19200K, reserved 19840K
Event: 185829.884 GC heap after
Heap after GC invocations=289 (full 1):
 def new generation   total 39424K, used 64K [0x04600000, 0x070c0000, 0x0f0a0000)
  eden space 35072K,   0% used [0x04600000, 0x04600000, 0x06840000)
  from space 4352K,   1% used [0x06840000, 0x06850070, 0x06c80000)
  to   space 4352K,   0% used [0x06c80000, 0x06c80000, 0x070c0000)
 tenured generation   total 87424K, used 39132K [0x0f0a0000, 0x14600000, 0x24600000)
   the space 87424K,  44% used [0x0f0a0000, 0x116d72b8, 0x116d7400, 0x14600000)
 Metaspace       used 18726K, capacity 19193K, committed 19200K, reserved 19840K
}
Event: 186701.588 GC heap before
{Heap before GC invocations=289 (full 1):
 def new generation   total 39424K, used 35136K [0x04600000, 0x070c0000, 0x0f0a0000)
  eden space 35072K, 100% used [0x04600000, 0x06840000, 0x06840000)
  from space 4352K,   1% used [0x06840000, 0x06850070, 0x06c80000)
  to   space 4352K,   0% used [0x06c80000, 0x06c80000, 0x070c0000)
 tenured generation   total 87424K, used 39132K [0x0f0a0000, 0x14600000, 0x24600000)
   the space 87424K,  44% used [0x0f0a0000, 0x116d72b8, 0x116d7400, 0x14600000)
 Metaspace       used 18726K, capacity 19193K, committed 19200K, reserved 19840K
Event: 186701.589 GC heap after
Heap after GC invocations=290 (full 1):
 def new generation   total 39424K, used 45K [0x04600000, 0x070c0000, 0x0f0a0000)
  eden space 35072K,   0% used [0x04600000, 0x04600000, 0x06840000)
  from space 4352K,   1% used [0x06c80000, 0x06c8b668, 0x070c0000)
  to   space 4352K,   0% used [0x06840000, 0x06840000, 0x06c80000)
 tenured generation   total 87424K, used 39132K [0x0f0a0000, 0x14600000, 0x24600000)
   the space 87424K,  44% used [0x0f0a0000, 0x116d72b8, 0x116d7400, 0x14600000)
 Metaspace       used 18726K, capacity 19193K, committed 19200K, reserved 19840K
}
Event: 187570.411 GC heap before
{Heap before GC invocations=290 (full 1):
 def new generation   total 39424K, used 35117K [0x04600000, 0x070c0000, 0x0f0a0000)
  eden space 35072K, 100% used [0x04600000, 0x06840000, 0x06840000)
  from space 4352K,   1% used [0x06c80000, 0x06c8b668, 0x070c0000)
  to   space 4352K,   0% used [0x06840000, 0x06840000, 0x06c80000)
 tenured generation   total 87424K, used 39132K [0x0f0a0000, 0x14600000, 0x24600000)
   the space 87424K,  44% used [0x0f0a0000, 0x116d72b8, 0x116d7400, 0x14600000)
 Metaspace       used 18726K, capacity 19193K, committed 19200K, reserved 19840K
Event: 187570.413 GC heap after
Heap after GC invocations=291 (full 1):
 def new generation   total 39424K, used 44K [0x04600000, 0x070c0000, 0x0f0a0000)
  eden space 35072K,   0% used [0x04600000, 0x04600000, 0x06840000)
  from space 4352K,   1% used [0x06840000, 0x0684b220, 0x06c80000)
  to   space 4352K,   0% used [0x06c80000, 0x06c80000, 0x070c0000)
 tenured generation   total 87424K, used 39132K [0x0f0a0000, 0x14600000, 0x24600000)
   the space 87424K,  44% used [0x0f0a0000, 0x116d72b8, 0x116d7400, 0x14600000)
 Metaspace       used 18726K, capacity 19193K, committed 19200K, reserved 19840K
}

