# JRE version: Java(TM) SE Runtime Environment (8.0_144-b01) (build 1.8.0_144-b01)
# Java VM: Java HotSpot(TM) Client VM (25.144-b01 mixed mode windows-x86 )
Heap:
 def new generation   total 39424K, used 26359K [0x04600000, 0x070c0000, 0x0f0a0000)
  eden space 35072K,  74% used [0x04600000, 0x05fafcc8, 0x06840000)
  from space 4352K,   1% used [0x06c80000, 0x06c8e2e8, 0x070c0000)
  to   space 4352K,   0% used [0x06840000, 0x06840000, 0x06c80000)
 tenured generation   total 87424K, used 46577K [0x0f0a0000, 0x14600000, 0x24600000)
   the space 87424K,  53% used [0x0f0a0000, 0x11e1c650, 0x11e1c800, 0x14600000)
 Metaspace       used 18765K, capacity 19215K, committed 19328K, reserved 19840K
GC Heap History (10 events):
Event: 164759.068 GC heap before
{Heap before GC invocations=171 (full 1):
 def new generation   total 39424K, used 35133K [0x04600000, 0x070c0000, 0x0f0a0000)
  eden space 35072K, 100% used [0x04600000, 0x06840000, 0x06840000)
  from space 4352K,   1% used [0x06840000, 0x0684f628, 0x06c80000)
  to   space 4352K,   0% used [0x06c80000, 0x06c80000, 0x070c0000)
 tenured generation   total 87424K, used 46577K [0x0f0a0000, 0x14600000, 0x24600000)
   the space 87424K,  53% used [0x0f0a0000, 0x11e1c650, 0x11e1c800, 0x14600000)
 Metaspace       used 18765K, capacity 19215K, committed 19328K, reserved 19840K
Event: 164759.069 GC heap after
Heap after GC invocations=172 (full 1):
 def new generation   total 39424K, used 56K [0x04600000, 0x070c0000, 0x0f0a0000)
  eden space 35072K,   0% used [0x04600000, 0x04600000, 0x06840000)
  from space 4352K,   1% used [0x06c80000, 0x06c8e320, 0x070c0000)
  to   space 4352K,   0% used [0x06840000, 0x06840000, 0x06c80000)
 tenured generation   total 87424K, used 46577K [0x0f0a0000, 0x14600000, 0x24600000)
   the space 87424K,  53% used [0x0f0a0000, 0x11e1c650, 0x11e1c800, 0x14600000)
 Metaspace       used 18765K, capacity 19215K, committed 19328K, reserved 19840K
}
Event: 166015.012 GC heap before
{Heap before GC invocations=172 (full 1):
 def new generation   total 39424K, used 35128K [0x04600000, 0x070c0000, 0x0f0a0000)
  eden space 35072K, 100% used [0x04600000, 0x06840000, 0x06840000)
  from space 4352K,   1% used [0x06c80000, 0x06c8e320, 0x070c0000)
  to   space 4352K,   0% used [0x06840000, 0x06840000, 0x06c80000)
 tenured generation   total 87424K, used 46577K [0x0f0a0000, 0x14600000, 0x24600000)
   the space 87424K,  53% used [0x0f0a0000, 0x11e1c650, 0x11e1c800, 0x14600000)
 Metaspace       used 18765K, capacity 19215K, committed 19328K, reserved 19840K
Event: 166015.013 GC heap after
Heap after GC invocations=173 (full 1):
 def new generation   total 39424K, used 47K [0x04600000, 0x070c0000, 0x0f0a0000)
  eden space 35072K,   0% used [0x04600000, 0x04600000, 0x06840000)
  from space 4352K,   1% used [0x06840000, 0x0684bcf0, 0x06c80000)
  to   space 4352K,   0% used [0x06c80000, 0x06c80000, 0x070c0000)
 tenured generation   total 87424K, used 46577K [0x0f0a0000, 0x14600000, 0x24600000)
   the space 87424K,  53% used [0x0f0a0000, 0x11e1c650, 0x11e1c800, 0x14600000)
 Metaspace       used 18765K, capacity 19215K, committed 19328K, reserved 19840K
}
Event: 167140.596 GC heap before
{Heap before GC invocations=173 (full 1):
 def new generation   total 39424K, used 35119K [0x04600000, 0x070c0000, 0x0f0a0000)
  eden space 35072K, 100% used [0x04600000, 0x06840000, 0x06840000)
  from space 4352K,   1% used [0x06840000, 0x0684bcf0, 0x06c80000)
  to   space 4352K,   0% used [0x06c80000, 0x06c80000, 0x070c0000)
 tenured generation   total 87424K, used 46577K [0x0f0a0000, 0x14600000, 0x24600000)
   the space 87424K,  53% used [0x0f0a0000, 0x11e1c650, 0x11e1c800, 0x14600000)
 Metaspace       used 18765K, capacity 19215K, committed 19328K, reserved 19840K
Event: 167140.597 GC heap after
Heap after GC invocations=174 (full 1):
 def new generation   total 39424K, used 69K [0x04600000, 0x070c0000, 0x0f0a0000)
  eden space 35072K,   0% used [0x04600000, 0x04600000, 0x06840000)
  from space 4352K,   1% used [0x06c80000, 0x06c91510, 0x070c0000)
  to   space 4352K,   0% used [0x06840000, 0x06840000, 0x06c80000)
 tenured generation   total 87424K, used 46577K [0x0f0a0000, 0x14600000, 0x24600000)
   the space 87424K,  53% used [0x0f0a0000, 0x11e1c650, 0x11e1c800, 0x14600000)
 Metaspace       used 18765K, capacity 19215K, committed 19328K, reserved 19840K
}
Event: 168202.429 GC heap before
{Heap before GC invocations=174 (full 1):
 def new generation   total 39424K, used 35141K [0x04600000, 0x070c0000, 0x0f0a0000)
  eden space 35072K, 100% used [0x04600000, 0x06840000, 0x06840000)
  from space 4352K,   1% used [0x06c80000, 0x06c91510, 0x070c0000)
  to   space 4352K,   0% used [0x06840000, 0x06840000, 0x06c80000)
 tenured generation   total 87424K, used 46577K [0x0f0a0000, 0x14600000, 0x24600000)
   the space 87424K,  53% used [0x0f0a0000, 0x11e1c650, 0x11e1c800, 0x14600000)
 Metaspace       used 18765K, capacity 19215K, committed 19328K, reserved 19840K
Event: 168202.430 GC heap after
Heap after GC invocations=175 (full 1):
 def new generation   total 39424K, used 52K [0x04600000, 0x070c0000, 0x0f0a0000)
  eden space 35072K,   0% used [0x04600000, 0x04600000, 0x06840000)
  from space 4352K,   1% used [0x06840000, 0x0684d308, 0x06c80000)
  to   space 4352K,   0% used [0x06c80000, 0x06c80000, 0x070c0000)
 tenured generation   total 87424K, used 46577K [0x0f0a0000, 0x14600000, 0x24600000)
   the space 87424K,  53% used [0x0f0a0000, 0x11e1c650, 0x11e1c800, 0x14600000)
 Metaspace       used 18765K, capacity 19215K, committed 19328K, reserved 19840K
}
Event: 169360.432 GC heap before
{Heap before GC invocations=175 (full 1):
 def new generation   total 39424K, used 35124K [0x04600000, 0x070c0000, 0x0f0a0000)
  eden space 35072K, 100% used [0x04600000, 0x06840000, 0x06840000)
  from space 4352K,   1% used [0x06840000, 0x0684d308, 0x06c80000)
  to   space 4352K,   0% used [0x06c80000, 0x06c80000, 0x070c0000)
 tenured generation   total 87424K, used 46577K [0x0f0a0000, 0x14600000, 0x24600000)
   the space 87424K,  53% used [0x0f0a0000, 0x11e1c650, 0x11e1c800, 0x14600000)
 Metaspace       used 18765K, capacity 19215K, committed 19328K, reserved 19840K
Event: 169360.434 GC heap after
Heap after GC invocations=176 (full 1):
 def new generation   total 39424K, used 56K [0x04600000, 0x070c0000, 0x0f0a0000)
  eden space 35072K,   0% used [0x04600000, 0x04600000, 0x06840000)
  from space 4352K,   1% used [0x06c80000, 0x06c8e2e8, 0x070c0000)
  to   space 4352K,   0% used [0x06840000, 0x06840000, 0x06c80000)
 tenured generation   total 87424K, used 46577K [0x0f0a0000, 0x14600000, 0x24600000)
   the space 87424K,  53% used [0x0f0a0000, 0x11e1c650, 0x11e1c800, 0x14600000)
 Metaspace       used 18765K, capacity 19215K, committed 19328K, reserved 19840K
}

