# JRE version: Java(TM) SE Runtime Environment (8.0_144-b01) (build 1.8.0_144-b01)
# Java VM: Java HotSpot(TM) Client VM (25.144-b01 mixed mode windows-x86 )
Heap:
 def new generation   total 39424K, used 7052K [0x04a00000, 0x074c0000, 0x0f4a0000)
  eden space 35072K,  19% used [0x04a00000, 0x050b1fb0, 0x06c40000)
  from space 4352K,   4% used [0x07080000, 0x070b1150, 0x074c0000)
  to   space 4352K,   0% used [0x06c40000, 0x06c40000, 0x07080000)
 tenured generation   total 87424K, used 35803K [0x0f4a0000, 0x14a00000, 0x24a00000)
   the space 87424K,  40% used [0x0f4a0000, 0x11796d40, 0x11796e00, 0x14a00000)
 Metaspace       used 18743K, capacity 19193K, committed 19328K, reserved 19840K
GC Heap History (10 events):
Event: 185210.880 GC heap before
{Heap before GC invocations=277 (full 1):
 def new generation   total 39424K, used 35375K [0x04a00000, 0x074c0000, 0x0f4a0000)
  eden space 35072K, 100% used [0x04a00000, 0x06c40000, 0x06c40000)
  from space 4352K,   6% used [0x06c40000, 0x06c8be68, 0x07080000)
  to   space 4352K,   0% used [0x07080000, 0x07080000, 0x074c0000)
 tenured generation   total 87424K, used 35797K [0x0f4a0000, 0x14a00000, 0x24a00000)
   the space 87424K,  40% used [0x0f4a0000, 0x117956a8, 0x11795800, 0x14a00000)
 Metaspace       used 18742K, capacity 19193K, committed 19328K, reserved 19840K
Event: 185210.920 GC heap after
Heap after GC invocations=278 (full 1):
 def new generation   total 39424K, used 348K [0x04a00000, 0x074c0000, 0x0f4a0000)
  eden space 35072K,   0% used [0x04a00000, 0x04a00000, 0x06c40000)
  from space 4352K,   8% used [0x07080000, 0x070d73a8, 0x074c0000)
  to   space 4352K,   0% used [0x06c40000, 0x06c40000, 0x07080000)
 tenured generation   total 87424K, used 35797K [0x0f4a0000, 0x14a00000, 0x24a00000)
   the space 87424K,  40% used [0x0f4a0000, 0x117956a8, 0x11795800, 0x14a00000)
 Metaspace       used 18742K, capacity 19193K, committed 19328K, reserved 19840K
}
Event: 186069.427 GC heap before
{Heap before GC invocations=278 (full 1):
 def new generation   total 39424K, used 35420K [0x04a00000, 0x074c0000, 0x0f4a0000)
  eden space 35072K, 100% used [0x04a00000, 0x06c40000, 0x06c40000)
  from space 4352K,   8% used [0x07080000, 0x070d73a8, 0x074c0000)
  to   space 4352K,   0% used [0x06c40000, 0x06c40000, 0x07080000)
 tenured generation   total 87424K, used 35797K [0x0f4a0000, 0x14a00000, 0x24a00000)
   the space 87424K,  40% used [0x0f4a0000, 0x117956a8, 0x11795800, 0x14a00000)
 Metaspace       used 18742K, capacity 19193K, committed 19328K, reserved 19840K
Event: 186069.453 GC heap after
Heap after GC invocations=279 (full 1):
 def new generation   total 39424K, used 332K [0x04a00000, 0x074c0000, 0x0f4a0000)
  eden space 35072K,   0% used [0x04a00000, 0x04a00000, 0x06c40000)
  from space 4352K,   7% used [0x06c40000, 0x06c93270, 0x07080000)
  to   space 4352K,   0% used [0x07080000, 0x07080000, 0x074c0000)
 tenured generation   total 87424K, used 35803K [0x0f4a0000, 0x14a00000, 0x24a00000)
   the space 87424K,  40% used [0x0f4a0000, 0x11796d40, 0x11796e00, 0x14a00000)
 Metaspace       used 18742K, capacity 19193K, committed 19328K, reserved 19840K
}
Event: 186886.950 GC heap before
{Heap before GC invocations=279 (full 1):
 def new generation   total 39424K, used 35404K [0x04a00000, 0x074c0000, 0x0f4a0000)
  eden space 35072K, 100% used [0x04a00000, 0x06c40000, 0x06c40000)
  from space 4352K,   7% used [0x06c40000, 0x06c93270, 0x07080000)
  to   space 4352K,   0% used [0x07080000, 0x07080000, 0x074c0000)
 tenured generation   total 87424K, used 35803K [0x0f4a0000, 0x14a00000, 0x24a00000)
   the space 87424K,  40% used [0x0f4a0000, 0x11796d40, 0x11796e00, 0x14a00000)
 Metaspace       used 18742K, capacity 19193K, committed 19328K, reserved 19840K
Event: 186886.951 GC heap after
Heap after GC invocations=280 (full 1):
 def new generation   total 39424K, used 339K [0x04a00000, 0x074c0000, 0x0f4a0000)
  eden space 35072K,   0% used [0x04a00000, 0x04a00000, 0x06c40000)
  from space 4352K,   7% used [0x07080000, 0x070d4f98, 0x074c0000)
  to   space 4352K,   0% used [0x06c40000, 0x06c40000, 0x07080000)
 tenured generation   total 87424K, used 35803K [0x0f4a0000, 0x14a00000, 0x24a00000)
   the space 87424K,  40% used [0x0f4a0000, 0x11796d40, 0x11796e00, 0x14a00000)
 Metaspace       used 18742K, capacity 19193K, committed 19328K, reserved 19840K
}
Event: 187641.176 GC heap before
{Heap before GC invocations=280 (full 1):
 def new generation   total 39424K, used 35411K [0x04a00000, 0x074c0000, 0x0f4a0000)
  eden space 35072K, 100% used [0x04a00000, 0x06c40000, 0x06c40000)
  from space 4352K,   7% used [0x07080000, 0x070d4f98, 0x074c0000)
  to   space 4352K,   0% used [0x06c40000, 0x06c40000, 0x07080000)
 tenured generation   total 87424K, used 35803K [0x0f4a0000, 0x14a00000, 0x24a00000)
   the space 87424K,  40% used [0x0f4a0000, 0x11796d40, 0x11796e00, 0x14a00000)
 Metaspace       used 18742K, capacity 19193K, committed 19328K, reserved 19840K
Event: 187641.179 GC heap after
Heap after GC invocations=281 (full 1):
 def new generation   total 39424K, used 335K [0x04a00000, 0x074c0000, 0x0f4a0000)
  eden space 35072K,   0% used [0x04a00000, 0x04a00000, 0x06c40000)
  from space 4352K,   7% used [0x06c40000, 0x06c93e50, 0x07080000)
  to   space 4352K,   0% used [0x07080000, 0x07080000, 0x074c0000)
 tenured generation   total 87424K, used 35803K [0x0f4a0000, 0x14a00000, 0x24a00000)
   the space 87424K,  40% used [0x0f4a0000, 0x11796d40, 0x11796e00, 0x14a00000)
 Metaspace       used 18742K, capacity 19193K, committed 19328K, reserved 19840K
}
Event: 188313.625 GC heap before
{Heap before GC invocations=281 (full 1):
 def new generation   total 39424K, used 35407K [0x04a00000, 0x074c0000, 0x0f4a0000)
  eden space 35072K, 100% used [0x04a00000, 0x06c40000, 0x06c40000)
  from space 4352K,   7% used [0x06c40000, 0x06c93e50, 0x07080000)
  to   space 4352K,   0% used [0x07080000, 0x07080000, 0x074c0000)
 tenured generation   total 87424K, used 35803K [0x0f4a0000, 0x14a00000, 0x24a00000)
   the space 87424K,  40% used [0x0f4a0000, 0x11796d40, 0x11796e00, 0x14a00000)
 Metaspace       used 18743K, capacity 19193K, committed 19328K, reserved 19840K
Event: 188313.627 GC heap after
Heap after GC invocations=282 (full 1):
 def new generation   total 39424K, used 196K [0x04a00000, 0x074c0000, 0x0f4a0000)
  eden space 35072K,   0% used [0x04a00000, 0x04a00000, 0x06c40000)
  from space 4352K,   4% used [0x07080000, 0x070b1150, 0x074c0000)
  to   space 4352K,   0% used [0x06c40000, 0x06c40000, 0x07080000)
 tenured generation   total 87424K, used 35803K [0x0f4a0000, 0x14a00000, 0x24a00000)
   the space 87424K,  40% used [0x0f4a0000, 0x11796d40, 0x11796e00, 0x14a00000)
 Metaspace       used 18743K, capacity 19193K, committed 19328K, reserved 19840K
}

