# JRE version: Java(TM) SE Runtime Environment (8.0_144-b01) (build 1.8.0_144-b01)
# Java VM: Java HotSpot(TM) Client VM (25.144-b01 mixed mode windows-x86 )
Heap:
 def new generation   total 39424K, used 8087K [0x04800000, 0x072c0000, 0x0f2a0000)
  eden space 35072K,  22% used [0x04800000, 0x04fd6598, 0x06a40000)
  from space 4352K,   1% used [0x06e80000, 0x06e8f9d8, 0x072c0000)
  to   space 4352K,   0% used [0x06a40000, 0x06a40000, 0x06e80000)
 tenured generation   total 87424K, used 62941K [0x0f2a0000, 0x14800000, 0x24800000)
   the space 87424K,  71% used [0x0f2a0000, 0x13017628, 0x13017800, 0x14800000)
 Metaspace       used 18990K, capacity 19458K, committed 19584K, reserved 19840K
GC Heap History (10 events):
Event: 186862.282 GC heap before
{Heap before GC invocations=261 (full 1):
 def new generation   total 39424K, used 35125K [0x04800000, 0x072c0000, 0x0f2a0000)
  eden space 35072K, 100% used [0x04800000, 0x06a40000, 0x06a40000)
  from space 4352K,   1% used [0x06a40000, 0x06a4d4c8, 0x06e80000)
  to   space 4352K,   0% used [0x06e80000, 0x06e80000, 0x072c0000)
 tenured generation   total 87424K, used 62938K [0x0f2a0000, 0x14800000, 0x24800000)
   the space 87424K,  71% used [0x0f2a0000, 0x13016a00, 0x13016a00, 0x14800000)
 Metaspace       used 18990K, capacity 19458K, committed 19584K, reserved 19840K
Event: 186862.284 GC heap after
Heap after GC invocations=262 (full 1):
 def new generation   total 39424K, used 102K [0x04800000, 0x072c0000, 0x0f2a0000)
  eden space 35072K,   0% used [0x04800000, 0x04800000, 0x06a40000)
  from space 4352K,   2% used [0x06e80000, 0x06e99908, 0x072c0000)
  to   space 4352K,   0% used [0x06a40000, 0x06a40000, 0x06e80000)
 tenured generation   total 87424K, used 62938K [0x0f2a0000, 0x14800000, 0x24800000)
   the space 87424K,  71% used [0x0f2a0000, 0x13016a80, 0x13016c00, 0x14800000)
 Metaspace       used 18990K, capacity 19458K, committed 19584K, reserved 19840K
}
Event: 187628.702 GC heap before
{Heap before GC invocations=262 (full 1):
 def new generation   total 39424K, used 35174K [0x04800000, 0x072c0000, 0x0f2a0000)
  eden space 35072K, 100% used [0x04800000, 0x06a40000, 0x06a40000)
  from space 4352K,   2% used [0x06e80000, 0x06e99908, 0x072c0000)
  to   space 4352K,   0% used [0x06a40000, 0x06a40000, 0x06e80000)
 tenured generation   total 87424K, used 62938K [0x0f2a0000, 0x14800000, 0x24800000)
   the space 87424K,  71% used [0x0f2a0000, 0x13016a80, 0x13016c00, 0x14800000)
 Metaspace       used 18990K, capacity 19458K, committed 19584K, reserved 19840K
Event: 187628.704 GC heap after
Heap after GC invocations=263 (full 1):
 def new generation   total 39424K, used 95K [0x04800000, 0x072c0000, 0x0f2a0000)
  eden space 35072K,   0% used [0x04800000, 0x04800000, 0x06a40000)
  from space 4352K,   2% used [0x06a40000, 0x06a57c20, 0x06e80000)
  to   space 4352K,   0% used [0x06e80000, 0x06e80000, 0x072c0000)
 tenured generation   total 87424K, used 62938K [0x0f2a0000, 0x14800000, 0x24800000)
   the space 87424K,  71% used [0x0f2a0000, 0x13016a80, 0x13016c00, 0x14800000)
 Metaspace       used 18990K, capacity 19458K, committed 19584K, reserved 19840K
}
Event: 188366.542 GC heap before
{Heap before GC invocations=263 (full 1):
 def new generation   total 39424K, used 35167K [0x04800000, 0x072c0000, 0x0f2a0000)
  eden space 35072K, 100% used [0x04800000, 0x06a40000, 0x06a40000)
  from space 4352K,   2% used [0x06a40000, 0x06a57c20, 0x06e80000)
  to   space 4352K,   0% used [0x06e80000, 0x06e80000, 0x072c0000)
 tenured generation   total 87424K, used 62938K [0x0f2a0000, 0x14800000, 0x24800000)
   the space 87424K,  71% used [0x0f2a0000, 0x13016a80, 0x13016c00, 0x14800000)
 Metaspace       used 18990K, capacity 19458K, committed 19584K, reserved 19840K
Event: 188366.544 GC heap after
Heap after GC invocations=264 (full 1):
 def new generation   total 39424K, used 75K [0x04800000, 0x072c0000, 0x0f2a0000)
  eden space 35072K,   0% used [0x04800000, 0x04800000, 0x06a40000)
  from space 4352K,   1% used [0x06e80000, 0x06e92ca0, 0x072c0000)
  to   space 4352K,   0% used [0x06a40000, 0x06a40000, 0x06e80000)
 tenured generation   total 87424K, used 62938K [0x0f2a0000, 0x14800000, 0x24800000)
   the space 87424K,  71% used [0x0f2a0000, 0x13016a80, 0x13016c00, 0x14800000)
 Metaspace       used 18990K, capacity 19458K, committed 19584K, reserved 19840K
}
Event: 189124.054 GC heap before
{Heap before GC invocations=264 (full 1):
 def new generation   total 39424K, used 35147K [0x04800000, 0x072c0000, 0x0f2a0000)
  eden space 35072K, 100% used [0x04800000, 0x06a40000, 0x06a40000)
  from space 4352K,   1% used [0x06e80000, 0x06e92ca0, 0x072c0000)
  to   space 4352K,   0% used [0x06a40000, 0x06a40000, 0x06e80000)
 tenured generation   total 87424K, used 62938K [0x0f2a0000, 0x14800000, 0x24800000)
   the space 87424K,  71% used [0x0f2a0000, 0x13016a80, 0x13016c00, 0x14800000)
 Metaspace       used 18990K, capacity 19458K, committed 19584K, reserved 19840K
Event: 189124.056 GC heap after
Heap after GC invocations=265 (full 1):
 def new generation   total 39424K, used 57K [0x04800000, 0x072c0000, 0x0f2a0000)
  eden space 35072K,   0% used [0x04800000, 0x04800000, 0x06a40000)
  from space 4352K,   1% used [0x06a40000, 0x06a4e400, 0x06e80000)
  to   space 4352K,   0% used [0x06e80000, 0x06e80000, 0x072c0000)
 tenured generation   total 87424K, used 62938K [0x0f2a0000, 0x14800000, 0x24800000)
   the space 87424K,  71% used [0x0f2a0000, 0x13016a80, 0x13016c00, 0x14800000)
 Metaspace       used 18990K, capacity 19458K, committed 19584K, reserved 19840K
}
Event: 189845.896 GC heap before
{Heap before GC invocations=265 (full 1):
 def new generation   total 39424K, used 35129K [0x04800000, 0x072c0000, 0x0f2a0000)
  eden space 35072K, 100% used [0x04800000, 0x06a40000, 0x06a40000)
  from space 4352K,   1% used [0x06a40000, 0x06a4e400, 0x06e80000)
  to   space 4352K,   0% used [0x06e80000, 0x06e80000, 0x072c0000)
 tenured generation   total 87424K, used 62938K [0x0f2a0000, 0x14800000, 0x24800000)
   the space 87424K,  71% used [0x0f2a0000, 0x13016a80, 0x13016c00, 0x14800000)
 Metaspace       used 18990K, capacity 19458K, committed 19584K, reserved 19840K
Event: 189845.897 GC heap after
Heap after GC invocations=266 (full 1):
 def new generation   total 39424K, used 62K [0x04800000, 0x072c0000, 0x0f2a0000)
  eden space 35072K,   0% used [0x04800000, 0x04800000, 0x06a40000)
  from space 4352K,   1% used [0x06e80000, 0x06e8f9d8, 0x072c0000)
  to   space 4352K,   0% used [0x06a40000, 0x06a40000, 0x06e80000)
 tenured generation   total 87424K, used 62941K [0x0f2a0000, 0x14800000, 0x24800000)
   the space 87424K,  71% used [0x0f2a0000, 0x13017628, 0x13017800, 0x14800000)
 Metaspace       used 18990K, capacity 19458K, committed 19584K, reserved 19840K
}

