# JRE version: Java(TM) SE Runtime Environment (8.0_144-b01) (build 1.8.0_144-b01)
# Java VM: Java HotSpot(TM) Client VM (25.144-b01 mixed mode windows-x86 )
Heap:
 def new generation   total 39424K, used 17365K [0x04a00000, 0x074c0000, 0x0f4a0000)
  eden space 35072K,  49% used [0x04a00000, 0x05aea2b0, 0x06c40000)
  from space 4352K,   1% used [0x06c40000, 0x06c4b3d8, 0x07080000)
  to   space 4352K,   0% used [0x07080000, 0x07080000, 0x074c0000)
 tenured generation   total 87424K, used 39129K [0x0f4a0000, 0x14a00000, 0x24a00000)
   the space 87424K,  44% used [0x0f4a0000, 0x11ad6560, 0x11ad6600, 0x14a00000)
 Metaspace       used 18725K, capacity 19193K, committed 19200K, reserved 19840K
GC Heap History (10 events):
Event: 184403.333 GC heap before
{Heap before GC invocations=286 (full 1):
 def new generation   total 39424K, used 35138K [0x04a00000, 0x074c0000, 0x0f4a0000)
  eden space 35072K, 100% used [0x04a00000, 0x06c40000, 0x06c40000)
  from space 4352K,   1% used [0x07080000, 0x07090898, 0x074c0000)
  to   space 4352K,   0% used [0x06c40000, 0x06c40000, 0x07080000)
 tenured generation   total 87424K, used 39129K [0x0f4a0000, 0x14a00000, 0x24a00000)
   the space 87424K,  44% used [0x0f4a0000, 0x11ad6560, 0x11ad6600, 0x14a00000)
 Metaspace       used 18725K, capacity 19193K, committed 19200K, reserved 19840K
Event: 184403.335 GC heap after
Heap after GC invocations=287 (full 1):
 def new generation   total 39424K, used 77K [0x04a00000, 0x074c0000, 0x0f4a0000)
  eden space 35072K,   0% used [0x04a00000, 0x04a00000, 0x06c40000)
  from space 4352K,   1% used [0x06c40000, 0x06c537f8, 0x07080000)
  to   space 4352K,   0% used [0x07080000, 0x07080000, 0x074c0000)
 tenured generation   total 87424K, used 39129K [0x0f4a0000, 0x14a00000, 0x24a00000)
   the space 87424K,  44% used [0x0f4a0000, 0x11ad6560, 0x11ad6600, 0x14a00000)
 Metaspace       used 18725K, capacity 19193K, committed 19200K, reserved 19840K
}
Event: 185088.048 GC heap before
{Heap before GC invocations=287 (full 1):
 def new generation   total 39424K, used 35149K [0x04a00000, 0x074c0000, 0x0f4a0000)
  eden space 35072K, 100% used [0x04a00000, 0x06c40000, 0x06c40000)
  from space 4352K,   1% used [0x06c40000, 0x06c537f8, 0x07080000)
  to   space 4352K,   0% used [0x07080000, 0x07080000, 0x074c0000)
 tenured generation   total 87424K, used 39129K [0x0f4a0000, 0x14a00000, 0x24a00000)
   the space 87424K,  44% used [0x0f4a0000, 0x11ad6560, 0x11ad6600, 0x14a00000)
 Metaspace       used 18725K, capacity 19193K, committed 19200K, reserved 19840K
Event: 185088.050 GC heap after
Heap after GC invocations=288 (full 1):
 def new generation   total 39424K, used 59K [0x04a00000, 0x074c0000, 0x0f4a0000)
  eden space 35072K,   0% used [0x04a00000, 0x04a00000, 0x06c40000)
  from space 4352K,   1% used [0x07080000, 0x0708ec10, 0x074c0000)
  to   space 4352K,   0% used [0x06c40000, 0x06c40000, 0x07080000)
 tenured generation   total 87424K, used 39129K [0x0f4a0000, 0x14a00000, 0x24a00000)
   the space 87424K,  44% used [0x0f4a0000, 0x11ad6560, 0x11ad6600, 0x14a00000)
 Metaspace       used 18725K, capacity 19193K, committed 19200K, reserved 19840K
}
Event: 185880.264 GC heap before
{Heap before GC invocations=288 (full 1):
 def new generation   total 39424K, used 35131K [0x04a00000, 0x074c0000, 0x0f4a0000)
  eden space 35072K, 100% used [0x04a00000, 0x06c40000, 0x06c40000)
  from space 4352K,   1% used [0x07080000, 0x0708ec10, 0x074c0000)
  to   space 4352K,   0% used [0x06c40000, 0x06c40000, 0x07080000)
 tenured generation   total 87424K, used 39129K [0x0f4a0000, 0x14a00000, 0x24a00000)
   the space 87424K,  44% used [0x0f4a0000, 0x11ad6560, 0x11ad6600, 0x14a00000)
 Metaspace       used 18725K, capacity 19193K, committed 19200K, reserved 19840K
Event: 185880.265 GC heap after
Heap after GC invocations=289 (full 1):
 def new generation   total 39424K, used 56K [0x04a00000, 0x074c0000, 0x0f4a0000)
  eden space 35072K,   0% used [0x04a00000, 0x04a00000, 0x06c40000)
  from space 4352K,   1% used [0x06c40000, 0x06c4e050, 0x07080000)
  to   space 4352K,   0% used [0x07080000, 0x07080000, 0x074c0000)
 tenured generation   total 87424K, used 39129K [0x0f4a0000, 0x14a00000, 0x24a00000)
   the space 87424K,  44% used [0x0f4a0000, 0x11ad6560, 0x11ad6600, 0x14a00000)
 Metaspace       used 18725K, capacity 19193K, committed 19200K, reserved 19840K
}
Event: 186760.733 GC heap before
{Heap before GC invocations=289 (full 1):
 def new generation   total 39424K, used 35128K [0x04a00000, 0x074c0000, 0x0f4a0000)
  eden space 35072K, 100% used [0x04a00000, 0x06c40000, 0x06c40000)
  from space 4352K,   1% used [0x06c40000, 0x06c4e050, 0x07080000)
  to   space 4352K,   0% used [0x07080000, 0x07080000, 0x074c0000)
 tenured generation   total 87424K, used 39129K [0x0f4a0000, 0x14a00000, 0x24a00000)
   the space 87424K,  44% used [0x0f4a0000, 0x11ad6560, 0x11ad6600, 0x14a00000)
 Metaspace       used 18725K, capacity 19193K, committed 19200K, reserved 19840K
Event: 186760.735 GC heap after
Heap after GC invocations=290 (full 1):
 def new generation   total 39424K, used 42K [0x04a00000, 0x074c0000, 0x0f4a0000)
  eden space 35072K,   0% used [0x04a00000, 0x04a00000, 0x06c40000)
  from space 4352K,   0% used [0x07080000, 0x0708a8a8, 0x074c0000)
  to   space 4352K,   0% used [0x06c40000, 0x06c40000, 0x07080000)
 tenured generation   total 87424K, used 39129K [0x0f4a0000, 0x14a00000, 0x24a00000)
   the space 87424K,  44% used [0x0f4a0000, 0x11ad6560, 0x11ad6600, 0x14a00000)
 Metaspace       used 18725K, capacity 19193K, committed 19200K, reserved 19840K
}
Event: 187622.082 GC heap before
{Heap before GC invocations=290 (full 1):
 def new generation   total 39424K, used 35114K [0x04a00000, 0x074c0000, 0x0f4a0000)
  eden space 35072K, 100% used [0x04a00000, 0x06c40000, 0x06c40000)
  from space 4352K,   0% used [0x07080000, 0x0708a8a8, 0x074c0000)
  to   space 4352K,   0% used [0x06c40000, 0x06c40000, 0x07080000)
 tenured generation   total 87424K, used 39129K [0x0f4a0000, 0x14a00000, 0x24a00000)
   the space 87424K,  44% used [0x0f4a0000, 0x11ad6560, 0x11ad6600, 0x14a00000)
 Metaspace       used 18725K, capacity 19193K, committed 19200K, reserved 19840K
Event: 187622.083 GC heap after
Heap after GC invocations=291 (full 1):
 def new generation   total 39424K, used 44K [0x04a00000, 0x074c0000, 0x0f4a0000)
  eden space 35072K,   0% used [0x04a00000, 0x04a00000, 0x06c40000)
  from space 4352K,   1% used [0x06c40000, 0x06c4b3d8, 0x07080000)
  to   space 4352K,   0% used [0x07080000, 0x07080000, 0x074c0000)
 tenured generation   total 87424K, used 39129K [0x0f4a0000, 0x14a00000, 0x24a00000)
   the space 87424K,  44% used [0x0f4a0000, 0x11ad6560, 0x11ad6600, 0x14a00000)
 Metaspace       used 18725K, capacity 19193K, committed 19200K, reserved 19840K
}

