# JRE version: Java(TM) SE Runtime Environment (8.0_144-b01) (build 1.8.0_144-b01)
# Java VM: Java HotSpot(TM) Client VM (25.144-b01 mixed mode windows-x86 )
Heap:
 def new generation   total 39424K, used 24778K [0x05400000, 0x07ec0000, 0x0fea0000)
  eden space 35072K,  70% used [0x05400000, 0x06c0f008, 0x07640000)
  from space 4352K,   3% used [0x07a80000, 0x07aa39e8, 0x07ec0000)
  to   space 4352K,   0% used [0x07640000, 0x07640000, 0x07a80000)
 tenured generation   total 87424K, used 51473K [0x0fea0000, 0x15400000, 0x25400000)
   the space 87424K,  58% used [0x0fea0000, 0x130e4748, 0x130e4800, 0x15400000)
 Metaspace       used 18749K, capacity 19226K, committed 19328K, reserved 19840K
GC Heap History (10 events):
Event: 184474.144 GC heap before
{Heap before GC invocations=185 (full 1):
 def new generation   total 39424K, used 35167K [0x05400000, 0x07ec0000, 0x0fea0000)
  eden space 35072K, 100% used [0x05400000, 0x07640000, 0x07640000)
  from space 4352K,   2% used [0x07640000, 0x07657e78, 0x07a80000)
  to   space 4352K,   0% used [0x07a80000, 0x07a80000, 0x07ec0000)
 tenured generation   total 87424K, used 51465K [0x0fea0000, 0x15400000, 0x25400000)
   the space 87424K,  58% used [0x0fea0000, 0x130e2630, 0x130e2800, 0x15400000)
 Metaspace       used 18749K, capacity 19226K, committed 19328K, reserved 19840K
Event: 184474.146 GC heap after
Heap after GC invocations=186 (full 1):
 def new generation   total 39424K, used 75K [0x05400000, 0x07ec0000, 0x0fea0000)
  eden space 35072K,   0% used [0x05400000, 0x05400000, 0x07640000)
  from space 4352K,   1% used [0x07a80000, 0x07a92c60, 0x07ec0000)
  to   space 4352K,   0% used [0x07640000, 0x07640000, 0x07a80000)
 tenured generation   total 87424K, used 51466K [0x0fea0000, 0x15400000, 0x25400000)
   the space 87424K,  58% used [0x0fea0000, 0x130e28f0, 0x130e2a00, 0x15400000)
 Metaspace       used 18749K, capacity 19226K, committed 19328K, reserved 19840K
}
Event: 185665.155 GC heap before
{Heap before GC invocations=186 (full 1):
 def new generation   total 39424K, used 35147K [0x05400000, 0x07ec0000, 0x0fea0000)
  eden space 35072K, 100% used [0x05400000, 0x07640000, 0x07640000)
  from space 4352K,   1% used [0x07a80000, 0x07a92c60, 0x07ec0000)
  to   space 4352K,   0% used [0x07640000, 0x07640000, 0x07a80000)
 tenured generation   total 87424K, used 51466K [0x0fea0000, 0x15400000, 0x25400000)
   the space 87424K,  58% used [0x0fea0000, 0x130e28f0, 0x130e2a00, 0x15400000)
 Metaspace       used 18749K, capacity 19226K, committed 19328K, reserved 19840K
Event: 185665.156 GC heap after
Heap after GC invocations=187 (full 1):
 def new generation   total 39424K, used 58K [0x05400000, 0x07ec0000, 0x0fea0000)
  eden space 35072K,   0% used [0x05400000, 0x05400000, 0x07640000)
  from space 4352K,   1% used [0x07640000, 0x0764e938, 0x07a80000)
  to   space 4352K,   0% used [0x07a80000, 0x07a80000, 0x07ec0000)
 tenured generation   total 87424K, used 51466K [0x0fea0000, 0x15400000, 0x25400000)
   the space 87424K,  58% used [0x0fea0000, 0x130e2b70, 0x130e2c00, 0x15400000)
 Metaspace       used 18749K, capacity 19226K, committed 19328K, reserved 19840K
}
Event: 186735.956 GC heap before
{Heap before GC invocations=187 (full 1):
 def new generation   total 39424K, used 35130K [0x05400000, 0x07ec0000, 0x0fea0000)
  eden space 35072K, 100% used [0x05400000, 0x07640000, 0x07640000)
  from space 4352K,   1% used [0x07640000, 0x0764e938, 0x07a80000)
  to   space 4352K,   0% used [0x07a80000, 0x07a80000, 0x07ec0000)
 tenured generation   total 87424K, used 51466K [0x0fea0000, 0x15400000, 0x25400000)
   the space 87424K,  58% used [0x0fea0000, 0x130e2b70, 0x130e2c00, 0x15400000)
 Metaspace       used 18749K, capacity 19226K, committed 19328K, reserved 19840K
Event: 186735.957 GC heap after
Heap after GC invocations=188 (full 1):
 def new generation   total 39424K, used 66K [0x05400000, 0x07ec0000, 0x0fea0000)
  eden space 35072K,   0% used [0x05400000, 0x05400000, 0x07640000)
  from space 4352K,   1% used [0x07a80000, 0x07a90b88, 0x07ec0000)
  to   space 4352K,   0% used [0x07640000, 0x07640000, 0x07a80000)
 tenured generation   total 87424K, used 51470K [0x0fea0000, 0x15400000, 0x25400000)
   the space 87424K,  58% used [0x0fea0000, 0x130e38a8, 0x130e3a00, 0x15400000)
 Metaspace       used 18749K, capacity 19226K, committed 19328K, reserved 19840K
}
Event: 187723.603 GC heap before
{Heap before GC invocations=188 (full 1):
 def new generation   total 39424K, used 35138K [0x05400000, 0x07ec0000, 0x0fea0000)
  eden space 35072K, 100% used [0x05400000, 0x07640000, 0x07640000)
  from space 4352K,   1% used [0x07a80000, 0x07a90b88, 0x07ec0000)
  to   space 4352K,   0% used [0x07640000, 0x07640000, 0x07a80000)
 tenured generation   total 87424K, used 51470K [0x0fea0000, 0x15400000, 0x25400000)
   the space 87424K,  58% used [0x0fea0000, 0x130e38a8, 0x130e3a00, 0x15400000)
 Metaspace       used 18749K, capacity 19226K, committed 19328K, reserved 19840K
Event: 187723.604 GC heap after
Heap after GC invocations=189 (full 1):
 def new generation   total 39424K, used 60K [0x05400000, 0x07ec0000, 0x0fea0000)
  eden space 35072K,   0% used [0x05400000, 0x05400000, 0x07640000)
  from space 4352K,   1% used [0x07640000, 0x0764f3d8, 0x07a80000)
  to   space 4352K,   0% used [0x07a80000, 0x07a80000, 0x07ec0000)
 tenured generation   total 87424K, used 51473K [0x0fea0000, 0x15400000, 0x25400000)
   the space 87424K,  58% used [0x0fea0000, 0x130e4470, 0x130e4600, 0x15400000)
 Metaspace       used 18749K, capacity 19226K, committed 19328K, reserved 19840K
}
Event: 188744.167 GC heap before
{Heap before GC invocations=189 (full 1):
 def new generation   total 39424K, used 35132K [0x05400000, 0x07ec0000, 0x0fea0000)
  eden space 35072K, 100% used [0x05400000, 0x07640000, 0x07640000)
  from space 4352K,   1% used [0x07640000, 0x0764f3d8, 0x07a80000)
  to   space 4352K,   0% used [0x07a80000, 0x07a80000, 0x07ec0000)
 tenured generation   total 87424K, used 51473K [0x0fea0000, 0x15400000, 0x25400000)
   the space 87424K,  58% used [0x0fea0000, 0x130e4470, 0x130e4600, 0x15400000)
 Metaspace       used 18749K, capacity 19226K, committed 19328K, reserved 19840K
Event: 188744.169 GC heap after
Heap after GC invocations=190 (full 1):
 def new generation   total 39424K, used 142K [0x05400000, 0x07ec0000, 0x0fea0000)
  eden space 35072K,   0% used [0x05400000, 0x05400000, 0x07640000)
  from space 4352K,   3% used [0x07a80000, 0x07aa39e8, 0x07ec0000)
  to   space 4352K,   0% used [0x07640000, 0x07640000, 0x07a80000)
 tenured generation   total 87424K, used 51473K [0x0fea0000, 0x15400000, 0x25400000)
   the space 87424K,  58% used [0x0fea0000, 0x130e4748, 0x130e4800, 0x15400000)
 Metaspace       used 18749K, capacity 19226K, committed 19328K, reserved 19840K
}

